/home/leyla/Desktop/clase1/ejemplo1_ws/install/my_package_class/lib/python3.10/site-packages/my_package_class/__init__.py
/home/leyla/Desktop/clase1/ejemplo1_ws/install/my_package_class/lib/python3.10/site-packages/my_package_class/sub.py
/home/leyla/Desktop/clase1/ejemplo1_ws/install/my_package_class/lib/python3.10/site-packages/my_package_class/service.py
/home/leyla/Desktop/clase1/ejemplo1_ws/install/my_package_class/lib/python3.10/site-packages/my_package_class/pub_custom_msg.py
/home/leyla/Desktop/clase1/ejemplo1_ws/install/my_package_class/lib/python3.10/site-packages/my_package_class/sub_custom_msg.py
/home/leyla/Desktop/clase1/ejemplo1_ws/install/my_package_class/lib/python3.10/site-packages/my_package_class/ps.py
/home/leyla/Desktop/clase1/ejemplo1_ws/install/my_package_class/lib/python3.10/site-packages/my_package_class/s_test.py
/home/leyla/Desktop/clase1/ejemplo1_ws/install/my_package_class/lib/python3.10/site-packages/my_package_class/pub.py
/home/leyla/Desktop/clase1/ejemplo1_ws/install/my_package_class/lib/python3.10/site-packages/my_package_class/__pycache__/__init__.cpython-310.pyc
/home/leyla/Desktop/clase1/ejemplo1_ws/install/my_package_class/lib/python3.10/site-packages/my_package_class/__pycache__/sub.cpython-310.pyc
/home/leyla/Desktop/clase1/ejemplo1_ws/install/my_package_class/lib/python3.10/site-packages/my_package_class/__pycache__/service.cpython-310.pyc
/home/leyla/Desktop/clase1/ejemplo1_ws/install/my_package_class/lib/python3.10/site-packages/my_package_class/__pycache__/pub_custom_msg.cpython-310.pyc
/home/leyla/Desktop/clase1/ejemplo1_ws/install/my_package_class/lib/python3.10/site-packages/my_package_class/__pycache__/sub_custom_msg.cpython-310.pyc
/home/leyla/Desktop/clase1/ejemplo1_ws/install/my_package_class/lib/python3.10/site-packages/my_package_class/__pycache__/ps.cpython-310.pyc
/home/leyla/Desktop/clase1/ejemplo1_ws/install/my_package_class/lib/python3.10/site-packages/my_package_class/__pycache__/s_test.cpython-310.pyc
/home/leyla/Desktop/clase1/ejemplo1_ws/install/my_package_class/lib/python3.10/site-packages/my_package_class/__pycache__/pub.cpython-310.pyc
/home/leyla/Desktop/clase1/ejemplo1_ws/install/my_package_class/share/ament_index/resource_index/packages/my_package_class
/home/leyla/Desktop/clase1/ejemplo1_ws/install/my_package_class/share/my_package_class/package.xml
/home/leyla/Desktop/clase1/ejemplo1_ws/install/my_package_class/lib/python3.10/site-packages/my_package_class-0.0.0-py3.10.egg-info/entry_points.txt
/home/leyla/Desktop/clase1/ejemplo1_ws/install/my_package_class/lib/python3.10/site-packages/my_package_class-0.0.0-py3.10.egg-info/requires.txt
/home/leyla/Desktop/clase1/ejemplo1_ws/install/my_package_class/lib/python3.10/site-packages/my_package_class-0.0.0-py3.10.egg-info/dependency_links.txt
/home/leyla/Desktop/clase1/ejemplo1_ws/install/my_package_class/lib/python3.10/site-packages/my_package_class-0.0.0-py3.10.egg-info/zip-safe
/home/leyla/Desktop/clase1/ejemplo1_ws/install/my_package_class/lib/python3.10/site-packages/my_package_class-0.0.0-py3.10.egg-info/PKG-INFO
/home/leyla/Desktop/clase1/ejemplo1_ws/install/my_package_class/lib/python3.10/site-packages/my_package_class-0.0.0-py3.10.egg-info/SOURCES.txt
/home/leyla/Desktop/clase1/ejemplo1_ws/install/my_package_class/lib/python3.10/site-packages/my_package_class-0.0.0-py3.10.egg-info/top_level.txt
/home/leyla/Desktop/clase1/ejemplo1_ws/install/my_package_class/lib/my_package_class/custom_pub
/home/leyla/Desktop/clase1/ejemplo1_ws/install/my_package_class/lib/my_package_class/custom_sub
/home/leyla/Desktop/clase1/ejemplo1_ws/install/my_package_class/lib/my_package_class/ps
/home/leyla/Desktop/clase1/ejemplo1_ws/install/my_package_class/lib/my_package_class/pub
/home/leyla/Desktop/clase1/ejemplo1_ws/install/my_package_class/lib/my_package_class/s_test
/home/leyla/Desktop/clase1/ejemplo1_ws/install/my_package_class/lib/my_package_class/service
/home/leyla/Desktop/clase1/ejemplo1_ws/install/my_package_class/lib/my_package_class/sub
