[0.370s] Invoking command in '/home/leyla/Desktop/clase1/prac1_ws/src/package_py': PYTHONPATH=/home/leyla/Desktop/clase1/prac1_ws/build/package_py/prefix_override:/usr/lib/python3/dist-packages/colcon_core/task/python/colcon_distutils_commands:/home/leyla/Desktop/clase1/prac1_ws/install/package_py/lib/python3.10/site-packages:${PYTHONPATH} /usr/bin/python3 -W ignore:setup.py install is deprecated -W ignore:easy_install command is deprecated setup.py egg_info --egg-base ../../build/package_py build --build-base /home/leyla/Desktop/clase1/prac1_ws/build/package_py/build install --record /home/leyla/Desktop/clase1/prac1_ws/build/package_py/install.log --single-version-externally-managed install_data
[0.513s] running egg_info
[0.513s] writing ../../build/package_py/package_py.egg-info/PKG-INFO
[0.513s] writing dependency_links to ../../build/package_py/package_py.egg-info/dependency_links.txt
[0.513s] writing entry points to ../../build/package_py/package_py.egg-info/entry_points.txt
[0.513s] writing requirements to ../../build/package_py/package_py.egg-info/requires.txt
[0.513s] writing top-level names to ../../build/package_py/package_py.egg-info/top_level.txt
[0.514s] reading manifest file '../../build/package_py/package_py.egg-info/SOURCES.txt'
[0.523s] adding license file 'LICENSE'
[0.523s] writing manifest file '../../build/package_py/package_py.egg-info/SOURCES.txt'
[0.523s] running build
[0.523s] running build_py
[0.523s] copying package_py/e2_n1.py -> /home/leyla/Desktop/clase1/prac1_ws/build/package_py/build/lib/package_py
[0.523s] copying package_py/e2_n2.py -> /home/leyla/Desktop/clase1/prac1_ws/build/package_py/build/lib/package_py
[0.523s] copying package_py/e2_n3.py -> /home/leyla/Desktop/clase1/prac1_ws/build/package_py/build/lib/package_py
[0.523s] running install
[0.524s] running install_lib
[0.524s] copying /home/leyla/Desktop/clase1/prac1_ws/build/package_py/build/lib/package_py/e2_n1.py -> /home/leyla/Desktop/clase1/prac1_ws/install/package_py/lib/python3.10/site-packages/package_py
[0.524s] copying /home/leyla/Desktop/clase1/prac1_ws/build/package_py/build/lib/package_py/e2_n2.py -> /home/leyla/Desktop/clase1/prac1_ws/install/package_py/lib/python3.10/site-packages/package_py
[0.524s] copying /home/leyla/Desktop/clase1/prac1_ws/build/package_py/build/lib/package_py/e2_n3.py -> /home/leyla/Desktop/clase1/prac1_ws/install/package_py/lib/python3.10/site-packages/package_py
[0.525s] byte-compiling /home/leyla/Desktop/clase1/prac1_ws/install/package_py/lib/python3.10/site-packages/package_py/e2_n1.py to e2_n1.cpython-310.pyc
[0.525s] byte-compiling /home/leyla/Desktop/clase1/prac1_ws/install/package_py/lib/python3.10/site-packages/package_py/e2_n2.py to e2_n2.cpython-310.pyc
[0.525s] byte-compiling /home/leyla/Desktop/clase1/prac1_ws/install/package_py/lib/python3.10/site-packages/package_py/e2_n3.py to e2_n3.cpython-310.pyc
[0.525s] running install_data
[0.526s] copying package.xml -> /home/leyla/Desktop/clase1/prac1_ws/install/package_py/share/package_py
[0.526s] running install_egg_info
[0.527s] removing '/home/leyla/Desktop/clase1/prac1_ws/install/package_py/lib/python3.10/site-packages/package_py-0.0.0-py3.10.egg-info' (and everything under it)
[0.527s] Copying ../../build/package_py/package_py.egg-info to /home/leyla/Desktop/clase1/prac1_ws/install/package_py/lib/python3.10/site-packages/package_py-0.0.0-py3.10.egg-info
[0.527s] running install_scripts
[0.542s] Installing e2n1 script to /home/leyla/Desktop/clase1/prac1_ws/install/package_py/lib/package_py
[0.542s] Installing e2n2 script to /home/leyla/Desktop/clase1/prac1_ws/install/package_py/lib/package_py
[0.542s] Installing e2n3 script to /home/leyla/Desktop/clase1/prac1_ws/install/package_py/lib/package_py
[0.542s] Installing node1 script to /home/leyla/Desktop/clase1/prac1_ws/install/package_py/lib/package_py
[0.542s] Installing node2 script to /home/leyla/Desktop/clase1/prac1_ws/install/package_py/lib/package_py
[0.542s] Installing node3 script to /home/leyla/Desktop/clase1/prac1_ws/install/package_py/lib/package_py
[0.542s] writing list of installed files to '/home/leyla/Desktop/clase1/prac1_ws/build/package_py/install.log'
[0.557s] Invoked command in '/home/leyla/Desktop/clase1/prac1_ws/src/package_py' returned '0': PYTHONPATH=/home/leyla/Desktop/clase1/prac1_ws/build/package_py/prefix_override:/usr/lib/python3/dist-packages/colcon_core/task/python/colcon_distutils_commands:/home/leyla/Desktop/clase1/prac1_ws/install/package_py/lib/python3.10/site-packages:${PYTHONPATH} /usr/bin/python3 -W ignore:setup.py install is deprecated -W ignore:easy_install command is deprecated setup.py egg_info --egg-base ../../build/package_py build --build-base /home/leyla/Desktop/clase1/prac1_ws/build/package_py/build install --record /home/leyla/Desktop/clase1/prac1_ws/build/package_py/install.log --single-version-externally-managed install_data
