[0.013s] Invoking command in '/home/leyla/Desktop/clase1/ejemplo1_ws/build/cpp_pubsub': CMAKE_PREFIX_PATH=${CMAKE_PREFIX_PATH}:/home/leyla/Desktop/clase1/ejemplo1_ws/install/my_package_class:/home/leyla/Desktop/robotica_ws/install/my_package:/opt/ros/humble /usr/bin/cmake --build /home/leyla/Desktop/clase1/ejemplo1_ws/build/cpp_pubsub -- -j20 -l20
[0.031s] -- Found ament_cmake: 1.3.11 (/opt/ros/humble/share/ament_cmake/cmake)
[0.108s] -- Found rclcpp: 16.0.11 (/opt/ros/humble/share/rclcpp/cmake)
[0.122s] -- Found rosidl_generator_c: 3.1.6 (/opt/ros/humble/share/rosidl_generator_c/cmake)
[0.123s] -- Found rosidl_adapter: 3.1.6 (/opt/ros/humble/share/rosidl_adapter/cmake)
[0.126s] -- Found rosidl_generator_cpp: 3.1.6 (/opt/ros/humble/share/rosidl_generator_cpp/cmake)
[0.131s] -- Using all available rosidl_typesupport_c: rosidl_typesupport_fastrtps_c;rosidl_typesupport_introspection_c
[0.137s] -- Using all available rosidl_typesupport_cpp: rosidl_typesupport_fastrtps_cpp;rosidl_typesupport_introspection_cpp
[0.154s] -- Found rmw_implementation_cmake: 6.1.2 (/opt/ros/humble/share/rmw_implementation_cmake/cmake)
[0.154s] -- Found rmw_fastrtps_cpp: 6.2.7 (/opt/ros/humble/share/rmw_fastrtps_cpp/cmake)
[0.210s] -- Using RMW implementation 'rmw_fastrtps_cpp' as default
[0.242s] -- Found ament_lint_auto: 0.12.11 (/opt/ros/humble/share/ament_lint_auto/cmake)
[0.288s] -- Added test 'cppcheck' to perform static code analysis on C / C++ code
[0.288s] -- Configured cppcheck include dirs: 
[0.288s] -- Configured cppcheck exclude dirs and/or files: 
[0.288s] -- Added test 'lint_cmake' to check CMake code style
[0.289s] -- Added test 'uncrustify' to check C / C++ code style
[0.289s] -- Configured uncrustify additional arguments: 
[0.289s] -- Added test 'xmllint' to check XML markup files
[0.290s] -- Configuring done
[0.298s] -- Generating done
[0.300s] -- Build files have been written to: /home/leyla/Desktop/clase1/ejemplo1_ws/build/cpp_pubsub
[0.317s] [35m[1mConsolidate compiler generated dependencies of target pub_c[0m
[0.330s] [ 50%] [32mBuilding CXX object CMakeFiles/pub_c.dir/src/pub.cpp.o[0m
[2.584s] [100%] [32m[1mLinking CXX executable pub_c[0m
[2.750s] [100%] Built target pub_c
[2.757s] Invoked command in '/home/leyla/Desktop/clase1/ejemplo1_ws/build/cpp_pubsub' returned '0': CMAKE_PREFIX_PATH=${CMAKE_PREFIX_PATH}:/home/leyla/Desktop/clase1/ejemplo1_ws/install/my_package_class:/home/leyla/Desktop/robotica_ws/install/my_package:/opt/ros/humble /usr/bin/cmake --build /home/leyla/Desktop/clase1/ejemplo1_ws/build/cpp_pubsub -- -j20 -l20
[2.764s] Invoking command in '/home/leyla/Desktop/clase1/ejemplo1_ws/build/cpp_pubsub': CMAKE_PREFIX_PATH=${CMAKE_PREFIX_PATH}:/home/leyla/Desktop/clase1/ejemplo1_ws/install/my_package_class:/home/leyla/Desktop/robotica_ws/install/my_package:/opt/ros/humble /usr/bin/cmake --install /home/leyla/Desktop/clase1/ejemplo1_ws/build/cpp_pubsub
[2.768s] -- Install configuration: ""
[2.769s] -- Installing: /home/leyla/Desktop/clase1/ejemplo1_ws/install/cpp_pubsub/lib/cpp_pubsub/pub_c
[2.770s] -- Set runtime path of "/home/leyla/Desktop/clase1/ejemplo1_ws/install/cpp_pubsub/lib/cpp_pubsub/pub_c" to ""
[2.770s] -- Up-to-date: /home/leyla/Desktop/clase1/ejemplo1_ws/install/cpp_pubsub/share/ament_index/resource_index/package_run_dependencies/cpp_pubsub
[2.770s] -- Installing: /home/leyla/Desktop/clase1/ejemplo1_ws/install/cpp_pubsub/share/ament_index/resource_index/parent_prefix_path/cpp_pubsub
[2.770s] -- Up-to-date: /home/leyla/Desktop/clase1/ejemplo1_ws/install/cpp_pubsub/share/cpp_pubsub/environment/ament_prefix_path.sh
[2.770s] -- Installing: /home/leyla/Desktop/clase1/ejemplo1_ws/install/cpp_pubsub/share/cpp_pubsub/environment/ament_prefix_path.dsv
[2.770s] -- Up-to-date: /home/leyla/Desktop/clase1/ejemplo1_ws/install/cpp_pubsub/share/cpp_pubsub/environment/path.sh
[2.770s] -- Installing: /home/leyla/Desktop/clase1/ejemplo1_ws/install/cpp_pubsub/share/cpp_pubsub/environment/path.dsv
[2.770s] -- Up-to-date: /home/leyla/Desktop/clase1/ejemplo1_ws/install/cpp_pubsub/share/cpp_pubsub/local_setup.bash
[2.771s] -- Up-to-date: /home/leyla/Desktop/clase1/ejemplo1_ws/install/cpp_pubsub/share/cpp_pubsub/local_setup.sh
[2.771s] -- Up-to-date: /home/leyla/Desktop/clase1/ejemplo1_ws/install/cpp_pubsub/share/cpp_pubsub/local_setup.zsh
[2.771s] -- Installing: /home/leyla/Desktop/clase1/ejemplo1_ws/install/cpp_pubsub/share/cpp_pubsub/local_setup.dsv
[2.771s] -- Installing: /home/leyla/Desktop/clase1/ejemplo1_ws/install/cpp_pubsub/share/cpp_pubsub/package.dsv
[2.771s] -- Up-to-date: /home/leyla/Desktop/clase1/ejemplo1_ws/install/cpp_pubsub/share/ament_index/resource_index/packages/cpp_pubsub
[2.771s] -- Up-to-date: /home/leyla/Desktop/clase1/ejemplo1_ws/install/cpp_pubsub/share/cpp_pubsub/cmake/cpp_pubsubConfig.cmake
[2.771s] -- Up-to-date: /home/leyla/Desktop/clase1/ejemplo1_ws/install/cpp_pubsub/share/cpp_pubsub/cmake/cpp_pubsubConfig-version.cmake
[2.771s] -- Installing: /home/leyla/Desktop/clase1/ejemplo1_ws/install/cpp_pubsub/share/cpp_pubsub/package.xml
[2.773s] Invoked command in '/home/leyla/Desktop/clase1/ejemplo1_ws/build/cpp_pubsub' returned '0': CMAKE_PREFIX_PATH=${CMAKE_PREFIX_PATH}:/home/leyla/Desktop/clase1/ejemplo1_ws/install/my_package_class:/home/leyla/Desktop/robotica_ws/install/my_package:/opt/ros/humble /usr/bin/cmake --install /home/leyla/Desktop/clase1/ejemplo1_ws/build/cpp_pubsub
