[0.085s] DEBUG:colcon:Command line arguments: ['/usr/bin/colcon', 'build']
[0.085s] DEBUG:colcon:Parsed command line arguments: Namespace(log_base=None, log_level=None, verb_name='build', build_base='build', install_base='install', merge_install=False, symlink_install=False, test_result_base=None, continue_on_error=False, executor='parallel', parallel_workers=20, event_handlers=None, ignore_user_meta=False, metas=['./colcon.meta'], base_paths=['.'], packages_ignore=None, packages_ignore_regex=None, paths=None, packages_up_to=None, packages_up_to_regex=None, packages_above=None, packages_above_and_dependencies=None, packages_above_depth=None, packages_select_by_dep=None, packages_skip_by_dep=None, packages_skip_up_to=None, packages_select_build_failed=False, packages_skip_build_finished=False, packages_select_test_failures=False, packages_skip_test_passed=False, packages_select=None, packages_skip=None, packages_select_regex=None, packages_skip_regex=None, packages_start=None, packages_end=None, allow_overriding=[], cmake_args=None, cmake_target=None, cmake_target_skip_unavailable=False, cmake_clean_cache=False, cmake_clean_first=False, cmake_force_configure=False, ament_cmake_args=None, catkin_cmake_args=None, catkin_skip_building_tests=False, verb_parser=<colcon_defaults.argument_parser.defaults.DefaultArgumentsDecorator object at 0x7e38a1d033a0>, verb_extension=<colcon_core.verb.build.BuildVerb object at 0x7e38a1d02ec0>, main=<bound method BuildVerb.main of <colcon_core.verb.build.BuildVerb object at 0x7e38a1d02ec0>>)
[0.194s] Level 1:colcon.colcon_core.package_discovery:discover_packages(colcon_meta) check parameters
[0.194s] Level 1:colcon.colcon_core.package_discovery:discover_packages(recursive) check parameters
[0.194s] Level 1:colcon.colcon_core.package_discovery:discover_packages(ignore) check parameters
[0.194s] Level 1:colcon.colcon_core.package_discovery:discover_packages(path) check parameters
[0.194s] Level 1:colcon.colcon_core.package_discovery:discover_packages(colcon_meta) discover
[0.194s] Level 1:colcon.colcon_core.package_discovery:discover_packages(recursive) discover
[0.194s] INFO:colcon.colcon_core.package_discovery:Crawling recursively for packages in '/home/leyla/Desktop/clase1/ejemplo1_ws'
[0.194s] Level 1:colcon.colcon_core.package_identification:_identify(.) by extensions ['ignore', 'ignore_ament_install']
[0.194s] Level 1:colcon.colcon_core.package_identification:_identify(.) by extension 'ignore'
[0.194s] Level 1:colcon.colcon_core.package_identification:_identify(.) by extension 'ignore_ament_install'
[0.194s] Level 1:colcon.colcon_core.package_identification:_identify(.) by extensions ['colcon_pkg']
[0.194s] Level 1:colcon.colcon_core.package_identification:_identify(.) by extension 'colcon_pkg'
[0.194s] Level 1:colcon.colcon_core.package_identification:_identify(.) by extensions ['colcon_meta']
[0.194s] Level 1:colcon.colcon_core.package_identification:_identify(.) by extension 'colcon_meta'
[0.194s] Level 1:colcon.colcon_core.package_identification:_identify(.) by extensions ['ros']
[0.194s] Level 1:colcon.colcon_core.package_identification:_identify(.) by extension 'ros'
[0.203s] Level 1:colcon.colcon_core.package_identification:_identify(.) by extensions ['cmake', 'python']
[0.203s] Level 1:colcon.colcon_core.package_identification:_identify(.) by extension 'cmake'
[0.203s] Level 1:colcon.colcon_core.package_identification:_identify(.) by extension 'python'
[0.203s] Level 1:colcon.colcon_core.package_identification:_identify(.) by extensions ['python_setup_py']
[0.203s] Level 1:colcon.colcon_core.package_identification:_identify(.) by extension 'python_setup_py'
[0.203s] Level 1:colcon.colcon_core.package_identification:_identify(build) by extensions ['ignore', 'ignore_ament_install']
[0.203s] Level 1:colcon.colcon_core.package_identification:_identify(build) by extension 'ignore'
[0.203s] Level 1:colcon.colcon_core.package_identification:_identify(build) ignored
[0.204s] Level 1:colcon.colcon_core.package_identification:_identify(install) by extensions ['ignore', 'ignore_ament_install']
[0.204s] Level 1:colcon.colcon_core.package_identification:_identify(install) by extension 'ignore'
[0.204s] Level 1:colcon.colcon_core.package_identification:_identify(install) ignored
[0.204s] Level 1:colcon.colcon_core.package_identification:_identify(log) by extensions ['ignore', 'ignore_ament_install']
[0.204s] Level 1:colcon.colcon_core.package_identification:_identify(log) by extension 'ignore'
[0.204s] Level 1:colcon.colcon_core.package_identification:_identify(log) ignored
[0.204s] Level 1:colcon.colcon_core.package_identification:_identify(src) by extensions ['ignore', 'ignore_ament_install']
[0.204s] Level 1:colcon.colcon_core.package_identification:_identify(src) by extension 'ignore'
[0.204s] Level 1:colcon.colcon_core.package_identification:_identify(src) by extension 'ignore_ament_install'
[0.204s] Level 1:colcon.colcon_core.package_identification:_identify(src) by extensions ['colcon_pkg']
[0.204s] Level 1:colcon.colcon_core.package_identification:_identify(src) by extension 'colcon_pkg'
[0.204s] Level 1:colcon.colcon_core.package_identification:_identify(src) by extensions ['colcon_meta']
[0.204s] Level 1:colcon.colcon_core.package_identification:_identify(src) by extension 'colcon_meta'
[0.204s] Level 1:colcon.colcon_core.package_identification:_identify(src) by extensions ['ros']
[0.204s] Level 1:colcon.colcon_core.package_identification:_identify(src) by extension 'ros'
[0.204s] Level 1:colcon.colcon_core.package_identification:_identify(src) by extensions ['cmake', 'python']
[0.204s] Level 1:colcon.colcon_core.package_identification:_identify(src) by extension 'cmake'
[0.204s] Level 1:colcon.colcon_core.package_identification:_identify(src) by extension 'python'
[0.204s] Level 1:colcon.colcon_core.package_identification:_identify(src) by extensions ['python_setup_py']
[0.204s] Level 1:colcon.colcon_core.package_identification:_identify(src) by extension 'python_setup_py'
[0.204s] Level 1:colcon.colcon_core.package_identification:_identify(src/cpp_pubsub) by extensions ['ignore', 'ignore_ament_install']
[0.204s] Level 1:colcon.colcon_core.package_identification:_identify(src/cpp_pubsub) by extension 'ignore'
[0.204s] Level 1:colcon.colcon_core.package_identification:_identify(src/cpp_pubsub) by extension 'ignore_ament_install'
[0.204s] Level 1:colcon.colcon_core.package_identification:_identify(src/cpp_pubsub) by extensions ['colcon_pkg']
[0.204s] Level 1:colcon.colcon_core.package_identification:_identify(src/cpp_pubsub) by extension 'colcon_pkg'
[0.204s] Level 1:colcon.colcon_core.package_identification:_identify(src/cpp_pubsub) by extensions ['colcon_meta']
[0.205s] Level 1:colcon.colcon_core.package_identification:_identify(src/cpp_pubsub) by extension 'colcon_meta'
[0.205s] Level 1:colcon.colcon_core.package_identification:_identify(src/cpp_pubsub) by extensions ['ros']
[0.205s] Level 1:colcon.colcon_core.package_identification:_identify(src/cpp_pubsub) by extension 'ros'
[0.216s] DEBUG:colcon.colcon_core.package_identification:Package 'src/cpp_pubsub' with type 'ros.ament_cmake' and name 'cpp_pubsub'
[0.216s] Level 1:colcon.colcon_core.package_identification:_identify(src/my_package_class) by extensions ['ignore', 'ignore_ament_install']
[0.216s] Level 1:colcon.colcon_core.package_identification:_identify(src/my_package_class) by extension 'ignore'
[0.216s] Level 1:colcon.colcon_core.package_identification:_identify(src/my_package_class) by extension 'ignore_ament_install'
[0.216s] Level 1:colcon.colcon_core.package_identification:_identify(src/my_package_class) by extensions ['colcon_pkg']
[0.216s] Level 1:colcon.colcon_core.package_identification:_identify(src/my_package_class) by extension 'colcon_pkg'
[0.216s] Level 1:colcon.colcon_core.package_identification:_identify(src/my_package_class) by extensions ['colcon_meta']
[0.216s] Level 1:colcon.colcon_core.package_identification:_identify(src/my_package_class) by extension 'colcon_meta'
[0.216s] Level 1:colcon.colcon_core.package_identification:_identify(src/my_package_class) by extensions ['ros']
[0.216s] Level 1:colcon.colcon_core.package_identification:_identify(src/my_package_class) by extension 'ros'
[0.217s] DEBUG:colcon.colcon_core.package_identification:Package 'src/my_package_class' with type 'ros.ament_python' and name 'my_package_class'
[0.217s] Level 1:colcon.colcon_core.package_identification:_identify(src/ucb_interface) by extensions ['ignore', 'ignore_ament_install']
[0.217s] Level 1:colcon.colcon_core.package_identification:_identify(src/ucb_interface) by extension 'ignore'
[0.217s] Level 1:colcon.colcon_core.package_identification:_identify(src/ucb_interface) by extension 'ignore_ament_install'
[0.217s] Level 1:colcon.colcon_core.package_identification:_identify(src/ucb_interface) by extensions ['colcon_pkg']
[0.217s] Level 1:colcon.colcon_core.package_identification:_identify(src/ucb_interface) by extension 'colcon_pkg'
[0.217s] Level 1:colcon.colcon_core.package_identification:_identify(src/ucb_interface) by extensions ['colcon_meta']
[0.217s] Level 1:colcon.colcon_core.package_identification:_identify(src/ucb_interface) by extension 'colcon_meta'
[0.217s] Level 1:colcon.colcon_core.package_identification:_identify(src/ucb_interface) by extensions ['ros']
[0.217s] Level 1:colcon.colcon_core.package_identification:_identify(src/ucb_interface) by extension 'ros'
[0.218s] DEBUG:colcon.colcon_core.package_identification:Package 'src/ucb_interface' with type 'ros.ament_cmake' and name 'ucb_interface'
[0.218s] Level 1:colcon.colcon_core.package_discovery:discover_packages(recursive) using defaults
[0.218s] Level 1:colcon.colcon_core.package_discovery:discover_packages(ignore) discover
[0.218s] Level 1:colcon.colcon_core.package_discovery:discover_packages(ignore) using defaults
[0.218s] Level 1:colcon.colcon_core.package_discovery:discover_packages(path) discover
[0.218s] Level 1:colcon.colcon_core.package_discovery:discover_packages(path) using defaults
[0.233s] Level 1:colcon.colcon_core.package_discovery:discover_packages(prefix_path) check parameters
[0.233s] Level 1:colcon.colcon_core.package_discovery:discover_packages(prefix_path) discover
[0.235s] DEBUG:colcon.colcon_installed_package_information.package_discovery:Found 2 installed packages in /home/leyla/Desktop/robotica_ws/install
[0.235s] DEBUG:colcon.colcon_installed_package_information.package_discovery:Found 3 installed packages in /home/leyla/Desktop/clase1/ejemplo1_ws/install
[0.236s] DEBUG:colcon.colcon_installed_package_information.package_discovery:Found 271 installed packages in /opt/ros/humble
[0.237s] Level 1:colcon.colcon_core.package_discovery:discover_packages(prefix_path) using defaults
[0.268s] Level 5:colcon.colcon_core.verb:set package 'cpp_pubsub' build argument 'cmake_args' from command line to 'None'
[0.268s] Level 5:colcon.colcon_core.verb:set package 'cpp_pubsub' build argument 'cmake_target' from command line to 'None'
[0.268s] Level 5:colcon.colcon_core.verb:set package 'cpp_pubsub' build argument 'cmake_target_skip_unavailable' from command line to 'False'
[0.268s] Level 5:colcon.colcon_core.verb:set package 'cpp_pubsub' build argument 'cmake_clean_cache' from command line to 'False'
[0.268s] Level 5:colcon.colcon_core.verb:set package 'cpp_pubsub' build argument 'cmake_clean_first' from command line to 'False'
[0.268s] Level 5:colcon.colcon_core.verb:set package 'cpp_pubsub' build argument 'cmake_force_configure' from command line to 'False'
[0.268s] Level 5:colcon.colcon_core.verb:set package 'cpp_pubsub' build argument 'ament_cmake_args' from command line to 'None'
[0.268s] Level 5:colcon.colcon_core.verb:set package 'cpp_pubsub' build argument 'catkin_cmake_args' from command line to 'None'
[0.268s] Level 5:colcon.colcon_core.verb:set package 'cpp_pubsub' build argument 'catkin_skip_building_tests' from command line to 'False'
[0.268s] DEBUG:colcon.colcon_core.verb:Building package 'cpp_pubsub' with the following arguments: {'ament_cmake_args': None, 'build_base': '/home/leyla/Desktop/clase1/ejemplo1_ws/build/cpp_pubsub', 'catkin_cmake_args': None, 'catkin_skip_building_tests': False, 'cmake_args': None, 'cmake_clean_cache': False, 'cmake_clean_first': False, 'cmake_force_configure': False, 'cmake_target': None, 'cmake_target_skip_unavailable': False, 'install_base': '/home/leyla/Desktop/clase1/ejemplo1_ws/install/cpp_pubsub', 'merge_install': False, 'path': '/home/leyla/Desktop/clase1/ejemplo1_ws/src/cpp_pubsub', 'symlink_install': False, 'test_result_base': None}
[0.268s] Level 5:colcon.colcon_core.verb:set package 'my_package_class' build argument 'cmake_args' from command line to 'None'
[0.268s] Level 5:colcon.colcon_core.verb:set package 'my_package_class' build argument 'cmake_target' from command line to 'None'
[0.268s] Level 5:colcon.colcon_core.verb:set package 'my_package_class' build argument 'cmake_target_skip_unavailable' from command line to 'False'
[0.268s] Level 5:colcon.colcon_core.verb:set package 'my_package_class' build argument 'cmake_clean_cache' from command line to 'False'
[0.268s] Level 5:colcon.colcon_core.verb:set package 'my_package_class' build argument 'cmake_clean_first' from command line to 'False'
[0.268s] Level 5:colcon.colcon_core.verb:set package 'my_package_class' build argument 'cmake_force_configure' from command line to 'False'
[0.268s] Level 5:colcon.colcon_core.verb:set package 'my_package_class' build argument 'ament_cmake_args' from command line to 'None'
[0.268s] Level 5:colcon.colcon_core.verb:set package 'my_package_class' build argument 'catkin_cmake_args' from command line to 'None'
[0.268s] Level 5:colcon.colcon_core.verb:set package 'my_package_class' build argument 'catkin_skip_building_tests' from command line to 'False'
[0.268s] DEBUG:colcon.colcon_core.verb:Building package 'my_package_class' with the following arguments: {'ament_cmake_args': None, 'build_base': '/home/leyla/Desktop/clase1/ejemplo1_ws/build/my_package_class', 'catkin_cmake_args': None, 'catkin_skip_building_tests': False, 'cmake_args': None, 'cmake_clean_cache': False, 'cmake_clean_first': False, 'cmake_force_configure': False, 'cmake_target': None, 'cmake_target_skip_unavailable': False, 'install_base': '/home/leyla/Desktop/clase1/ejemplo1_ws/install/my_package_class', 'merge_install': False, 'path': '/home/leyla/Desktop/clase1/ejemplo1_ws/src/my_package_class', 'symlink_install': False, 'test_result_base': None}
[0.269s] Level 5:colcon.colcon_core.verb:set package 'ucb_interface' build argument 'cmake_args' from command line to 'None'
[0.269s] Level 5:colcon.colcon_core.verb:set package 'ucb_interface' build argument 'cmake_target' from command line to 'None'
[0.269s] Level 5:colcon.colcon_core.verb:set package 'ucb_interface' build argument 'cmake_target_skip_unavailable' from command line to 'False'
[0.269s] Level 5:colcon.colcon_core.verb:set package 'ucb_interface' build argument 'cmake_clean_cache' from command line to 'False'
[0.269s] Level 5:colcon.colcon_core.verb:set package 'ucb_interface' build argument 'cmake_clean_first' from command line to 'False'
[0.269s] Level 5:colcon.colcon_core.verb:set package 'ucb_interface' build argument 'cmake_force_configure' from command line to 'False'
[0.269s] Level 5:colcon.colcon_core.verb:set package 'ucb_interface' build argument 'ament_cmake_args' from command line to 'None'
[0.269s] Level 5:colcon.colcon_core.verb:set package 'ucb_interface' build argument 'catkin_cmake_args' from command line to 'None'
[0.269s] Level 5:colcon.colcon_core.verb:set package 'ucb_interface' build argument 'catkin_skip_building_tests' from command line to 'False'
[0.269s] DEBUG:colcon.colcon_core.verb:Building package 'ucb_interface' with the following arguments: {'ament_cmake_args': None, 'build_base': '/home/leyla/Desktop/clase1/ejemplo1_ws/build/ucb_interface', 'catkin_cmake_args': None, 'catkin_skip_building_tests': False, 'cmake_args': None, 'cmake_clean_cache': False, 'cmake_clean_first': False, 'cmake_force_configure': False, 'cmake_target': None, 'cmake_target_skip_unavailable': False, 'install_base': '/home/leyla/Desktop/clase1/ejemplo1_ws/install/ucb_interface', 'merge_install': False, 'path': '/home/leyla/Desktop/clase1/ejemplo1_ws/src/ucb_interface', 'symlink_install': False, 'test_result_base': None}
[0.269s] INFO:colcon.colcon_core.executor:Executing jobs using 'parallel' executor
[0.270s] DEBUG:colcon.colcon_parallel_executor.executor.parallel:run_until_complete
[0.270s] INFO:colcon.colcon_ros.task.ament_cmake.build:Building ROS package in '/home/leyla/Desktop/clase1/ejemplo1_ws/src/cpp_pubsub' with build type 'ament_cmake'
[0.270s] INFO:colcon.colcon_cmake.task.cmake.build:Building CMake package in '/home/leyla/Desktop/clase1/ejemplo1_ws/src/cpp_pubsub'
[0.272s] INFO:colcon.colcon_core.plugin_system:Skipping extension 'colcon_core.shell.bat': Not used on non-Windows systems
[0.272s] INFO:colcon.colcon_core.shell:Skip shell extension 'powershell' for command environment: Not usable outside of PowerShell
[0.272s] DEBUG:colcon.colcon_core.shell:Skip shell extension 'dsv' for command environment
[0.275s] INFO:colcon.colcon_ros.task.ament_python.build:Building ROS package in '/home/leyla/Desktop/clase1/ejemplo1_ws/src/my_package_class' with build type 'ament_python'
[0.275s] Level 1:colcon.colcon_core.shell:create_environment_hook('my_package_class', 'ament_prefix_path')
[0.275s] INFO:colcon.colcon_core.shell:Creating environment hook '/home/leyla/Desktop/clase1/ejemplo1_ws/install/my_package_class/share/my_package_class/hook/ament_prefix_path.ps1'
[0.276s] INFO:colcon.colcon_core.shell:Creating environment descriptor '/home/leyla/Desktop/clase1/ejemplo1_ws/install/my_package_class/share/my_package_class/hook/ament_prefix_path.dsv'
[0.276s] INFO:colcon.colcon_core.shell:Creating environment hook '/home/leyla/Desktop/clase1/ejemplo1_ws/install/my_package_class/share/my_package_class/hook/ament_prefix_path.sh'
[0.276s] INFO:colcon.colcon_core.shell:Skip shell extension 'powershell' for command environment: Not usable outside of PowerShell
[0.276s] DEBUG:colcon.colcon_core.shell:Skip shell extension 'dsv' for command environment
[0.279s] INFO:colcon.colcon_ros.task.ament_cmake.build:Building ROS package in '/home/leyla/Desktop/clase1/ejemplo1_ws/src/ucb_interface' with build type 'ament_cmake'
[0.279s] INFO:colcon.colcon_cmake.task.cmake.build:Building CMake package in '/home/leyla/Desktop/clase1/ejemplo1_ws/src/ucb_interface'
[0.279s] INFO:colcon.colcon_core.shell:Skip shell extension 'powershell' for command environment: Not usable outside of PowerShell
[0.279s] DEBUG:colcon.colcon_core.shell:Skip shell extension 'dsv' for command environment
[0.286s] DEBUG:colcon.colcon_core.event_handler.log_command:Invoking command in '/home/leyla/Desktop/clase1/ejemplo1_ws/build/cpp_pubsub': CMAKE_PREFIX_PATH=${CMAKE_PREFIX_PATH}:/home/leyla/Desktop/clase1/ejemplo1_ws/install/my_package_class:/home/leyla/Desktop/robotica_ws/install/my_package:/opt/ros/humble /usr/bin/cmake --build /home/leyla/Desktop/clase1/ejemplo1_ws/build/cpp_pubsub -- -j20 -l20
[0.454s] INFO:colcon.colcon_core.task.python.build:Building Python package in '/home/leyla/Desktop/clase1/ejemplo1_ws/src/my_package_class'
[0.454s] INFO:colcon.colcon_core.shell:Skip shell extension 'powershell' for command environment: Not usable outside of PowerShell
[0.455s] DEBUG:colcon.colcon_core.shell:Skip shell extension 'dsv' for command environment
[0.460s] DEBUG:colcon.colcon_core.event_handler.log_command:Invoked command in '/home/leyla/Desktop/clase1/ejemplo1_ws/build/cpp_pubsub' returned '0': CMAKE_PREFIX_PATH=${CMAKE_PREFIX_PATH}:/home/leyla/Desktop/clase1/ejemplo1_ws/install/my_package_class:/home/leyla/Desktop/robotica_ws/install/my_package:/opt/ros/humble /usr/bin/cmake --build /home/leyla/Desktop/clase1/ejemplo1_ws/build/cpp_pubsub -- -j20 -l20
[0.468s] DEBUG:colcon.colcon_core.event_handler.log_command:Invoking command in '/home/leyla/Desktop/clase1/ejemplo1_ws/build/cpp_pubsub': CMAKE_PREFIX_PATH=${CMAKE_PREFIX_PATH}:/home/leyla/Desktop/clase1/ejemplo1_ws/install/my_package_class:/home/leyla/Desktop/robotica_ws/install/my_package:/opt/ros/humble /usr/bin/cmake --install /home/leyla/Desktop/clase1/ejemplo1_ws/build/cpp_pubsub
[0.470s] DEBUG:colcon.colcon_core.event_handler.log_command:Invoking command in '/home/leyla/Desktop/clase1/ejemplo1_ws/build/ucb_interface': CMAKE_PREFIX_PATH=${CMAKE_PREFIX_PATH}:/home/leyla/Desktop/clase1/ejemplo1_ws/install/my_package_class:/home/leyla/Desktop/robotica_ws/install/my_package:/opt/ros/humble /usr/bin/cmake --build /home/leyla/Desktop/clase1/ejemplo1_ws/build/ucb_interface -- -j20 -l20
[0.477s] Level 1:colcon.colcon_core.environment:create_environment_scripts_only(cpp_pubsub)
[0.477s] DEBUG:colcon.colcon_core.event_handler.log_command:Invoked command in '/home/leyla/Desktop/clase1/ejemplo1_ws/build/cpp_pubsub' returned '0': CMAKE_PREFIX_PATH=${CMAKE_PREFIX_PATH}:/home/leyla/Desktop/clase1/ejemplo1_ws/install/my_package_class:/home/leyla/Desktop/robotica_ws/install/my_package:/opt/ros/humble /usr/bin/cmake --install /home/leyla/Desktop/clase1/ejemplo1_ws/build/cpp_pubsub
[0.479s] Level 1:colcon.colcon_core.environment:checking '/home/leyla/Desktop/clase1/ejemplo1_ws/install/cpp_pubsub' for CMake module files
[0.479s] Level 1:colcon.colcon_core.environment:checking '/home/leyla/Desktop/clase1/ejemplo1_ws/install/cpp_pubsub' for CMake config files
[0.479s] Level 1:colcon.colcon_core.shell:create_environment_hook('cpp_pubsub', 'cmake_prefix_path')
[0.480s] INFO:colcon.colcon_core.shell:Creating environment hook '/home/leyla/Desktop/clase1/ejemplo1_ws/install/cpp_pubsub/share/cpp_pubsub/hook/cmake_prefix_path.ps1'
[0.480s] INFO:colcon.colcon_core.shell:Creating environment descriptor '/home/leyla/Desktop/clase1/ejemplo1_ws/install/cpp_pubsub/share/cpp_pubsub/hook/cmake_prefix_path.dsv'
[0.480s] INFO:colcon.colcon_core.shell:Creating environment hook '/home/leyla/Desktop/clase1/ejemplo1_ws/install/cpp_pubsub/share/cpp_pubsub/hook/cmake_prefix_path.sh'
[0.480s] Level 1:colcon.colcon_core.environment:checking '/home/leyla/Desktop/clase1/ejemplo1_ws/install/cpp_pubsub/lib'
[0.481s] Level 1:colcon.colcon_core.environment:checking '/home/leyla/Desktop/clase1/ejemplo1_ws/install/cpp_pubsub/bin'
[0.481s] Level 1:colcon.colcon_core.environment:checking '/home/leyla/Desktop/clase1/ejemplo1_ws/install/cpp_pubsub/lib/pkgconfig/cpp_pubsub.pc'
[0.481s] Level 1:colcon.colcon_core.environment:checking '/home/leyla/Desktop/clase1/ejemplo1_ws/install/cpp_pubsub/lib/python3.10/site-packages'
[0.481s] Level 1:colcon.colcon_core.environment:checking '/home/leyla/Desktop/clase1/ejemplo1_ws/install/cpp_pubsub/bin'
[0.481s] INFO:colcon.colcon_core.shell:Creating package script '/home/leyla/Desktop/clase1/ejemplo1_ws/install/cpp_pubsub/share/cpp_pubsub/package.ps1'
[0.482s] INFO:colcon.colcon_core.shell:Creating package descriptor '/home/leyla/Desktop/clase1/ejemplo1_ws/install/cpp_pubsub/share/cpp_pubsub/package.dsv'
[0.482s] INFO:colcon.colcon_core.shell:Creating package script '/home/leyla/Desktop/clase1/ejemplo1_ws/install/cpp_pubsub/share/cpp_pubsub/package.sh'
[0.482s] INFO:colcon.colcon_core.shell:Creating package script '/home/leyla/Desktop/clase1/ejemplo1_ws/install/cpp_pubsub/share/cpp_pubsub/package.bash'
[0.483s] INFO:colcon.colcon_core.shell:Creating package script '/home/leyla/Desktop/clase1/ejemplo1_ws/install/cpp_pubsub/share/cpp_pubsub/package.zsh'
[0.483s] Level 1:colcon.colcon_core.environment:create_file_with_runtime_dependencies(/home/leyla/Desktop/clase1/ejemplo1_ws/install/cpp_pubsub/share/colcon-core/packages/cpp_pubsub)
[0.483s] Level 1:colcon.colcon_core.environment:create_environment_scripts_only(cpp_pubsub)
[0.484s] Level 1:colcon.colcon_core.environment:checking '/home/leyla/Desktop/clase1/ejemplo1_ws/install/cpp_pubsub' for CMake module files
[0.484s] Level 1:colcon.colcon_core.environment:checking '/home/leyla/Desktop/clase1/ejemplo1_ws/install/cpp_pubsub' for CMake config files
[0.484s] Level 1:colcon.colcon_core.shell:create_environment_hook('cpp_pubsub', 'cmake_prefix_path')
[0.484s] INFO:colcon.colcon_core.shell:Creating environment hook '/home/leyla/Desktop/clase1/ejemplo1_ws/install/cpp_pubsub/share/cpp_pubsub/hook/cmake_prefix_path.ps1'
[0.484s] INFO:colcon.colcon_core.shell:Creating environment descriptor '/home/leyla/Desktop/clase1/ejemplo1_ws/install/cpp_pubsub/share/cpp_pubsub/hook/cmake_prefix_path.dsv'
[0.484s] INFO:colcon.colcon_core.shell:Creating environment hook '/home/leyla/Desktop/clase1/ejemplo1_ws/install/cpp_pubsub/share/cpp_pubsub/hook/cmake_prefix_path.sh'
[0.485s] Level 1:colcon.colcon_core.environment:checking '/home/leyla/Desktop/clase1/ejemplo1_ws/install/cpp_pubsub/lib'
[0.485s] Level 1:colcon.colcon_core.environment:checking '/home/leyla/Desktop/clase1/ejemplo1_ws/install/cpp_pubsub/bin'
[0.485s] Level 1:colcon.colcon_core.environment:checking '/home/leyla/Desktop/clase1/ejemplo1_ws/install/cpp_pubsub/lib/pkgconfig/cpp_pubsub.pc'
[0.485s] Level 1:colcon.colcon_core.environment:checking '/home/leyla/Desktop/clase1/ejemplo1_ws/install/cpp_pubsub/lib/python3.10/site-packages'
[0.485s] Level 1:colcon.colcon_core.environment:checking '/home/leyla/Desktop/clase1/ejemplo1_ws/install/cpp_pubsub/bin'
[0.485s] INFO:colcon.colcon_core.shell:Creating package script '/home/leyla/Desktop/clase1/ejemplo1_ws/install/cpp_pubsub/share/cpp_pubsub/package.ps1'
[0.485s] INFO:colcon.colcon_core.shell:Creating package descriptor '/home/leyla/Desktop/clase1/ejemplo1_ws/install/cpp_pubsub/share/cpp_pubsub/package.dsv'
[0.486s] INFO:colcon.colcon_core.shell:Creating package script '/home/leyla/Desktop/clase1/ejemplo1_ws/install/cpp_pubsub/share/cpp_pubsub/package.sh'
[0.486s] INFO:colcon.colcon_core.shell:Creating package script '/home/leyla/Desktop/clase1/ejemplo1_ws/install/cpp_pubsub/share/cpp_pubsub/package.bash'
[0.486s] INFO:colcon.colcon_core.shell:Creating package script '/home/leyla/Desktop/clase1/ejemplo1_ws/install/cpp_pubsub/share/cpp_pubsub/package.zsh'
[0.486s] Level 1:colcon.colcon_core.environment:create_file_with_runtime_dependencies(/home/leyla/Desktop/clase1/ejemplo1_ws/install/cpp_pubsub/share/colcon-core/packages/cpp_pubsub)
[0.671s] DEBUG:colcon.colcon_core.event_handler.log_command:Invoking command in '/home/leyla/Desktop/clase1/ejemplo1_ws/src/my_package_class': PYTHONPATH=/home/leyla/Desktop/clase1/ejemplo1_ws/build/my_package_class/prefix_override:/usr/lib/python3/dist-packages/colcon_core/task/python/colcon_distutils_commands:/home/leyla/Desktop/clase1/ejemplo1_ws/install/my_package_class/lib/python3.10/site-packages:${PYTHONPATH} /usr/bin/python3 -W ignore:setup.py install is deprecated -W ignore:easy_install command is deprecated setup.py egg_info --egg-base ../../build/my_package_class build --build-base /home/leyla/Desktop/clase1/ejemplo1_ws/build/my_package_class/build install --record /home/leyla/Desktop/clase1/ejemplo1_ws/build/my_package_class/install.log --single-version-externally-managed install_data
[0.851s] Level 1:colcon.colcon_core.environment:checking '/home/leyla/Desktop/clase1/ejemplo1_ws/install/my_package_class' for CMake module files
[0.851s] DEBUG:colcon.colcon_core.event_handler.log_command:Invoked command in '/home/leyla/Desktop/clase1/ejemplo1_ws/src/my_package_class' returned '0': PYTHONPATH=/home/leyla/Desktop/clase1/ejemplo1_ws/build/my_package_class/prefix_override:/usr/lib/python3/dist-packages/colcon_core/task/python/colcon_distutils_commands:/home/leyla/Desktop/clase1/ejemplo1_ws/install/my_package_class/lib/python3.10/site-packages:${PYTHONPATH} /usr/bin/python3 -W ignore:setup.py install is deprecated -W ignore:easy_install command is deprecated setup.py egg_info --egg-base ../../build/my_package_class build --build-base /home/leyla/Desktop/clase1/ejemplo1_ws/build/my_package_class/build install --record /home/leyla/Desktop/clase1/ejemplo1_ws/build/my_package_class/install.log --single-version-externally-managed install_data
[0.851s] Level 1:colcon.colcon_core.environment:checking '/home/leyla/Desktop/clase1/ejemplo1_ws/install/my_package_class' for CMake config files
[0.852s] Level 1:colcon.colcon_core.environment:checking '/home/leyla/Desktop/clase1/ejemplo1_ws/install/my_package_class/lib'
[0.852s] Level 1:colcon.colcon_core.environment:checking '/home/leyla/Desktop/clase1/ejemplo1_ws/install/my_package_class/bin'
[0.852s] Level 1:colcon.colcon_core.environment:checking '/home/leyla/Desktop/clase1/ejemplo1_ws/install/my_package_class/lib/pkgconfig/my_package_class.pc'
[0.852s] Level 1:colcon.colcon_core.environment:checking '/home/leyla/Desktop/clase1/ejemplo1_ws/install/my_package_class/lib/python3.10/site-packages'
[0.852s] Level 1:colcon.colcon_core.shell:create_environment_hook('my_package_class', 'pythonpath')
[0.852s] INFO:colcon.colcon_core.shell:Creating environment hook '/home/leyla/Desktop/clase1/ejemplo1_ws/install/my_package_class/share/my_package_class/hook/pythonpath.ps1'
[0.852s] INFO:colcon.colcon_core.shell:Creating environment descriptor '/home/leyla/Desktop/clase1/ejemplo1_ws/install/my_package_class/share/my_package_class/hook/pythonpath.dsv'
[0.853s] INFO:colcon.colcon_core.shell:Creating environment hook '/home/leyla/Desktop/clase1/ejemplo1_ws/install/my_package_class/share/my_package_class/hook/pythonpath.sh'
[0.853s] Level 1:colcon.colcon_core.environment:checking '/home/leyla/Desktop/clase1/ejemplo1_ws/install/my_package_class/bin'
[0.853s] Level 1:colcon.colcon_core.environment:create_environment_scripts_only(my_package_class)
[0.853s] INFO:colcon.colcon_core.shell:Creating package script '/home/leyla/Desktop/clase1/ejemplo1_ws/install/my_package_class/share/my_package_class/package.ps1'
[0.853s] INFO:colcon.colcon_core.shell:Creating package descriptor '/home/leyla/Desktop/clase1/ejemplo1_ws/install/my_package_class/share/my_package_class/package.dsv'
[0.854s] INFO:colcon.colcon_core.shell:Creating package script '/home/leyla/Desktop/clase1/ejemplo1_ws/install/my_package_class/share/my_package_class/package.sh'
[0.854s] INFO:colcon.colcon_core.shell:Creating package script '/home/leyla/Desktop/clase1/ejemplo1_ws/install/my_package_class/share/my_package_class/package.bash'
[0.854s] INFO:colcon.colcon_core.shell:Creating package script '/home/leyla/Desktop/clase1/ejemplo1_ws/install/my_package_class/share/my_package_class/package.zsh'
[0.854s] Level 1:colcon.colcon_core.environment:create_file_with_runtime_dependencies(/home/leyla/Desktop/clase1/ejemplo1_ws/install/my_package_class/share/colcon-core/packages/my_package_class)
[1.691s] DEBUG:colcon.colcon_core.event_handler.log_command:Invoked command in '/home/leyla/Desktop/clase1/ejemplo1_ws/build/ucb_interface' returned '0': CMAKE_PREFIX_PATH=${CMAKE_PREFIX_PATH}:/home/leyla/Desktop/clase1/ejemplo1_ws/install/my_package_class:/home/leyla/Desktop/robotica_ws/install/my_package:/opt/ros/humble /usr/bin/cmake --build /home/leyla/Desktop/clase1/ejemplo1_ws/build/ucb_interface -- -j20 -l20
[1.693s] DEBUG:colcon.colcon_core.event_handler.log_command:Invoking command in '/home/leyla/Desktop/clase1/ejemplo1_ws/build/ucb_interface': CMAKE_PREFIX_PATH=${CMAKE_PREFIX_PATH}:/home/leyla/Desktop/clase1/ejemplo1_ws/install/my_package_class:/home/leyla/Desktop/robotica_ws/install/my_package:/opt/ros/humble /usr/bin/cmake --install /home/leyla/Desktop/clase1/ejemplo1_ws/build/ucb_interface
[1.748s] Level 1:colcon.colcon_core.environment:create_environment_scripts_only(ucb_interface)
[1.748s] Level 1:colcon.colcon_core.environment:checking '/home/leyla/Desktop/clase1/ejemplo1_ws/install/ucb_interface' for CMake module files
[1.748s] DEBUG:colcon.colcon_core.event_handler.log_command:Invoked command in '/home/leyla/Desktop/clase1/ejemplo1_ws/build/ucb_interface' returned '0': CMAKE_PREFIX_PATH=${CMAKE_PREFIX_PATH}:/home/leyla/Desktop/clase1/ejemplo1_ws/install/my_package_class:/home/leyla/Desktop/robotica_ws/install/my_package:/opt/ros/humble /usr/bin/cmake --install /home/leyla/Desktop/clase1/ejemplo1_ws/build/ucb_interface
[1.748s] Level 1:colcon.colcon_core.environment:checking '/home/leyla/Desktop/clase1/ejemplo1_ws/install/ucb_interface' for CMake config files
[1.749s] Level 1:colcon.colcon_core.shell:create_environment_hook('ucb_interface', 'cmake_prefix_path')
[1.749s] INFO:colcon.colcon_core.shell:Creating environment hook '/home/leyla/Desktop/clase1/ejemplo1_ws/install/ucb_interface/share/ucb_interface/hook/cmake_prefix_path.ps1'
[1.750s] INFO:colcon.colcon_core.shell:Creating environment descriptor '/home/leyla/Desktop/clase1/ejemplo1_ws/install/ucb_interface/share/ucb_interface/hook/cmake_prefix_path.dsv'
[1.750s] INFO:colcon.colcon_core.shell:Creating environment hook '/home/leyla/Desktop/clase1/ejemplo1_ws/install/ucb_interface/share/ucb_interface/hook/cmake_prefix_path.sh'
[1.750s] Level 1:colcon.colcon_core.environment:checking '/home/leyla/Desktop/clase1/ejemplo1_ws/install/ucb_interface/lib'
[1.750s] Level 1:colcon.colcon_core.shell:create_environment_hook('ucb_interface', 'ld_library_path_lib')
[1.750s] INFO:colcon.colcon_core.shell:Creating environment hook '/home/leyla/Desktop/clase1/ejemplo1_ws/install/ucb_interface/share/ucb_interface/hook/ld_library_path_lib.ps1'
[1.751s] INFO:colcon.colcon_core.shell:Creating environment descriptor '/home/leyla/Desktop/clase1/ejemplo1_ws/install/ucb_interface/share/ucb_interface/hook/ld_library_path_lib.dsv'
[1.751s] INFO:colcon.colcon_core.shell:Creating environment hook '/home/leyla/Desktop/clase1/ejemplo1_ws/install/ucb_interface/share/ucb_interface/hook/ld_library_path_lib.sh'
[1.751s] Level 1:colcon.colcon_core.environment:checking '/home/leyla/Desktop/clase1/ejemplo1_ws/install/ucb_interface/bin'
[1.751s] Level 1:colcon.colcon_core.environment:checking '/home/leyla/Desktop/clase1/ejemplo1_ws/install/ucb_interface/lib/pkgconfig/ucb_interface.pc'
[1.751s] Level 1:colcon.colcon_core.environment:checking '/home/leyla/Desktop/clase1/ejemplo1_ws/install/ucb_interface/lib/python3.10/site-packages'
[1.751s] Level 1:colcon.colcon_core.environment:checking '/home/leyla/Desktop/clase1/ejemplo1_ws/install/ucb_interface/bin'
[1.751s] INFO:colcon.colcon_core.shell:Creating package script '/home/leyla/Desktop/clase1/ejemplo1_ws/install/ucb_interface/share/ucb_interface/package.ps1'
[1.752s] INFO:colcon.colcon_core.shell:Creating package descriptor '/home/leyla/Desktop/clase1/ejemplo1_ws/install/ucb_interface/share/ucb_interface/package.dsv'
[1.752s] INFO:colcon.colcon_core.shell:Creating package script '/home/leyla/Desktop/clase1/ejemplo1_ws/install/ucb_interface/share/ucb_interface/package.sh'
[1.752s] INFO:colcon.colcon_core.shell:Creating package script '/home/leyla/Desktop/clase1/ejemplo1_ws/install/ucb_interface/share/ucb_interface/package.bash'
[1.752s] INFO:colcon.colcon_core.shell:Creating package script '/home/leyla/Desktop/clase1/ejemplo1_ws/install/ucb_interface/share/ucb_interface/package.zsh'
[1.753s] Level 1:colcon.colcon_core.environment:create_file_with_runtime_dependencies(/home/leyla/Desktop/clase1/ejemplo1_ws/install/ucb_interface/share/colcon-core/packages/ucb_interface)
[1.753s] Level 1:colcon.colcon_core.environment:create_environment_scripts_only(ucb_interface)
[1.753s] Level 1:colcon.colcon_core.environment:checking '/home/leyla/Desktop/clase1/ejemplo1_ws/install/ucb_interface' for CMake module files
[1.753s] Level 1:colcon.colcon_core.environment:checking '/home/leyla/Desktop/clase1/ejemplo1_ws/install/ucb_interface' for CMake config files
[1.754s] Level 1:colcon.colcon_core.shell:create_environment_hook('ucb_interface', 'cmake_prefix_path')
[1.754s] INFO:colcon.colcon_core.shell:Creating environment hook '/home/leyla/Desktop/clase1/ejemplo1_ws/install/ucb_interface/share/ucb_interface/hook/cmake_prefix_path.ps1'
[1.754s] INFO:colcon.colcon_core.shell:Creating environment descriptor '/home/leyla/Desktop/clase1/ejemplo1_ws/install/ucb_interface/share/ucb_interface/hook/cmake_prefix_path.dsv'
[1.754s] INFO:colcon.colcon_core.shell:Creating environment hook '/home/leyla/Desktop/clase1/ejemplo1_ws/install/ucb_interface/share/ucb_interface/hook/cmake_prefix_path.sh'
[1.755s] Level 1:colcon.colcon_core.environment:checking '/home/leyla/Desktop/clase1/ejemplo1_ws/install/ucb_interface/lib'
[1.755s] Level 1:colcon.colcon_core.shell:create_environment_hook('ucb_interface', 'ld_library_path_lib')
[1.755s] INFO:colcon.colcon_core.shell:Creating environment hook '/home/leyla/Desktop/clase1/ejemplo1_ws/install/ucb_interface/share/ucb_interface/hook/ld_library_path_lib.ps1'
[1.755s] INFO:colcon.colcon_core.shell:Creating environment descriptor '/home/leyla/Desktop/clase1/ejemplo1_ws/install/ucb_interface/share/ucb_interface/hook/ld_library_path_lib.dsv'
[1.755s] INFO:colcon.colcon_core.shell:Creating environment hook '/home/leyla/Desktop/clase1/ejemplo1_ws/install/ucb_interface/share/ucb_interface/hook/ld_library_path_lib.sh'
[1.756s] Level 1:colcon.colcon_core.environment:checking '/home/leyla/Desktop/clase1/ejemplo1_ws/install/ucb_interface/bin'
[1.756s] Level 1:colcon.colcon_core.environment:checking '/home/leyla/Desktop/clase1/ejemplo1_ws/install/ucb_interface/lib/pkgconfig/ucb_interface.pc'
[1.756s] Level 1:colcon.colcon_core.environment:checking '/home/leyla/Desktop/clase1/ejemplo1_ws/install/ucb_interface/lib/python3.10/site-packages'
[1.756s] Level 1:colcon.colcon_core.environment:checking '/home/leyla/Desktop/clase1/ejemplo1_ws/install/ucb_interface/bin'
[1.756s] INFO:colcon.colcon_core.shell:Creating package script '/home/leyla/Desktop/clase1/ejemplo1_ws/install/ucb_interface/share/ucb_interface/package.ps1'
[1.756s] INFO:colcon.colcon_core.shell:Creating package descriptor '/home/leyla/Desktop/clase1/ejemplo1_ws/install/ucb_interface/share/ucb_interface/package.dsv'
[1.757s] INFO:colcon.colcon_core.shell:Creating package script '/home/leyla/Desktop/clase1/ejemplo1_ws/install/ucb_interface/share/ucb_interface/package.sh'
[1.757s] INFO:colcon.colcon_core.shell:Creating package script '/home/leyla/Desktop/clase1/ejemplo1_ws/install/ucb_interface/share/ucb_interface/package.bash'
[1.757s] INFO:colcon.colcon_core.shell:Creating package script '/home/leyla/Desktop/clase1/ejemplo1_ws/install/ucb_interface/share/ucb_interface/package.zsh'
[1.757s] Level 1:colcon.colcon_core.environment:create_file_with_runtime_dependencies(/home/leyla/Desktop/clase1/ejemplo1_ws/install/ucb_interface/share/colcon-core/packages/ucb_interface)
[1.757s] DEBUG:colcon.colcon_parallel_executor.executor.parallel:closing loop
[1.758s] DEBUG:colcon.colcon_parallel_executor.executor.parallel:loop closed
[1.758s] DEBUG:colcon.colcon_parallel_executor.executor.parallel:run_until_complete finished with '0'
[1.758s] DEBUG:colcon.colcon_core.event_reactor:joining thread
[1.761s] INFO:colcon.colcon_core.plugin_system:Skipping extension 'colcon_notification.desktop_notification.terminal_notifier': Not used on non-Darwin systems
[1.761s] INFO:colcon.colcon_core.plugin_system:Skipping extension 'colcon_notification.desktop_notification.win32': Not used on non-Windows systems
[1.761s] INFO:colcon.colcon_notification.desktop_notification:Sending desktop notification using 'notify2'
[1.772s] DEBUG:colcon.colcon_core.event_reactor:joined thread
[1.772s] INFO:colcon.colcon_core.shell:Creating prefix script '/home/leyla/Desktop/clase1/ejemplo1_ws/install/local_setup.ps1'
[1.773s] INFO:colcon.colcon_core.shell:Creating prefix util module '/home/leyla/Desktop/clase1/ejemplo1_ws/install/_local_setup_util_ps1.py'
[1.773s] INFO:colcon.colcon_core.shell:Creating prefix chain script '/home/leyla/Desktop/clase1/ejemplo1_ws/install/setup.ps1'
[1.774s] INFO:colcon.colcon_core.shell:Creating prefix script '/home/leyla/Desktop/clase1/ejemplo1_ws/install/local_setup.sh'
[1.774s] INFO:colcon.colcon_core.shell:Creating prefix util module '/home/leyla/Desktop/clase1/ejemplo1_ws/install/_local_setup_util_sh.py'
[1.775s] INFO:colcon.colcon_core.shell:Creating prefix chain script '/home/leyla/Desktop/clase1/ejemplo1_ws/install/setup.sh'
[1.775s] INFO:colcon.colcon_core.shell:Creating prefix script '/home/leyla/Desktop/clase1/ejemplo1_ws/install/local_setup.bash'
[1.776s] INFO:colcon.colcon_core.shell:Creating prefix chain script '/home/leyla/Desktop/clase1/ejemplo1_ws/install/setup.bash'
[1.776s] INFO:colcon.colcon_core.shell:Creating prefix script '/home/leyla/Desktop/clase1/ejemplo1_ws/install/local_setup.zsh'
[1.776s] INFO:colcon.colcon_core.shell:Creating prefix chain script '/home/leyla/Desktop/clase1/ejemplo1_ws/install/setup.zsh'
