[0.007s] Invoking command in '/home/leyla/Desktop/clase1/ejemplo1_ws/build/ucb_interface': CMAKE_PREFIX_PATH=${CMAKE_PREFIX_PATH}:/home/leyla/Desktop/clase1/ejemplo1_ws/install/my_package_class:/home/leyla/Desktop/robotica_ws/install/my_package:/opt/ros/humble /usr/bin/cmake /home/leyla/Desktop/clase1/ejemplo1_ws/src/ucb_interface -DCMAKE_INSTALL_PREFIX=/home/leyla/Desktop/clase1/ejemplo1_ws/install/ucb_interface
[0.016s] -- Found ament_cmake: 1.3.11 (/opt/ros/humble/share/ament_cmake/cmake)
[0.123s] -- Found geometry_msgs: 4.2.4 (/opt/ros/humble/share/geometry_msgs/cmake)
[0.144s] -- Found rosidl_generator_c: 3.1.6 (/opt/ros/humble/share/rosidl_generator_c/cmake)
[0.145s] -- Found rosidl_adapter: 3.1.6 (/opt/ros/humble/share/rosidl_adapter/cmake)
[0.149s] -- Found rosidl_generator_cpp: 3.1.6 (/opt/ros/humble/share/rosidl_generator_cpp/cmake)
[0.155s] -- Using all available rosidl_typesupport_c: rosidl_typesupport_fastrtps_c;rosidl_typesupport_introspection_c
[0.162s] -- Using all available rosidl_typesupport_cpp: rosidl_typesupport_fastrtps_cpp;rosidl_typesupport_introspection_cpp
[0.185s] -- Found rosidl_default_generators: 1.2.0 (/opt/ros/humble/share/rosidl_default_generators/cmake)
[0.300s] [31mCMake Error at /opt/ros/humble/share/rosidl_adapter/cmake/rosidl_adapt_interfaces.cmake:59 (message):
[0.300s]   execute_process(/usr/bin/python3 -m rosidl_adapter --package-name
[0.300s]   ucb_interface --arguments-file
[0.300s]   /home/leyla/Desktop/clase1/ejemplo1_ws/build/ucb_interface/rosidl_adapter__arguments__ucb_interface.json
[0.300s]   --output-dir
[0.300s]   /home/leyla/Desktop/clase1/ejemplo1_ws/build/ucb_interface/rosidl_adapter/ucb_interface
[0.300s]   --output-file
[0.300s]   /home/leyla/Desktop/clase1/ejemplo1_ws/build/ucb_interface/rosidl_adapter/ucb_interface.idls)
[0.300s]   returned error code 1:
[0.300s] 
[0.300s]   Traceback (most recent call last):
[0.300s] 
[0.300s]     File "/usr/lib/python3.10/runpy.py", line 196, in _run_module_as_main
[0.300s]       return _run_code(code, main_globals, None,
[0.300s]     File "/usr/lib/python3.10/runpy.py", line 86, in _run_code
[0.300s]       exec(code, run_globals)
[0.300s]     File "/opt/ros/humble/local/lib/python3.10/dist-packages/rosidl_adapter/__main__.py", line 19, in <module>
[0.301s]       sys.exit(main())
[0.301s]     File "/opt/ros/humble/local/lib/python3.10/dist-packages/rosidl_adapter/main.py", line 53, in main
[0.301s]       abs_idl_file = convert_to_idl(
[0.301s]     File "/opt/ros/humble/local/lib/python3.10/dist-packages/rosidl_adapter/__init__.py", line 19, in convert_to_idl
[0.301s]       return convert_msg_to_idl(
[0.301s]     File "/opt/ros/humble/local/lib/python3.10/dist-packages/rosidl_adapter/msg/__init__.py", line 28, in convert_msg_to_idl
[0.301s]       msg = parse_message_string(package_name, input_file.stem, content)
[0.301s]     File "/opt/ros/humble/local/lib/python3.10/dist-packages/rosidl_adapter/parser.py", line 544, in parse_message_string
[0.301s]       msg = MessageSpecification(pkg_name, msg_name, fields, constants)
[0.301s]     File "/opt/ros/humble/local/lib/python3.10/dist-packages/rosidl_adapter/parser.py", line 388, in __init__
[0.301s]       self.base_type = BaseType(
[0.301s]     File "/opt/ros/humble/local/lib/python3.10/dist-packages/rosidl_adapter/parser.py", line 205, in __init__
[0.301s]       raise InvalidResourceName(
[0.301s] 
[0.301s]   rosidl_adapter.parser.InvalidResourceName: 'num' is an invalid message
[0.301s]   name.  It should have the pattern '^[A-Z][A-Za-z0-9]*$'
[0.301s] 
[0.301s] Call Stack (most recent call first):
[0.301s]   /opt/ros/humble/share/rosidl_cmake/cmake/rosidl_generate_interfaces.cmake:130 (rosidl_adapt_interfaces)
[0.301s]   CMakeLists.txt:20 (rosidl_generate_interfaces)
[0.301s] 
[0.301s] [0m
[0.301s] -- Configuring incomplete, errors occurred!
[0.301s] See also "/home/leyla/Desktop/clase1/ejemplo1_ws/build/ucb_interface/CMakeFiles/CMakeOutput.log".
[0.305s] Invoked command in '/home/leyla/Desktop/clase1/ejemplo1_ws/build/ucb_interface' returned '1': CMAKE_PREFIX_PATH=${CMAKE_PREFIX_PATH}:/home/leyla/Desktop/clase1/ejemplo1_ws/install/my_package_class:/home/leyla/Desktop/robotica_ws/install/my_package:/opt/ros/humble /usr/bin/cmake /home/leyla/Desktop/clase1/ejemplo1_ws/src/ucb_interface -DCMAKE_INSTALL_PREFIX=/home/leyla/Desktop/clase1/ejemplo1_ws/install/ucb_interface
