running develop
Removing /home/leyla/Desktop/clase1/ejemplo1_ws/install/my_package_class/lib/python3.10/site-packages/my-package-class.egg-link (link to .)
running egg_info
writing ../../build/my_package_class/my_package_class.egg-info/PKG-INFO
writing dependency_links to ../../build/my_package_class/my_package_class.egg-info/dependency_links.txt
writing entry points to ../../build/my_package_class/my_package_class.egg-info/entry_points.txt
writing requirements to ../../build/my_package_class/my_package_class.egg-info/requires.txt
writing top-level names to ../../build/my_package_class/my_package_class.egg-info/top_level.txt
reading manifest file '../../build/my_package_class/my_package_class.egg-info/SOURCES.txt'
adding license file 'LICENSE'
writing manifest file '../../build/my_package_class/my_package_class.egg-info/SOURCES.txt'
running build
running build_py
copying my_package_class/sub.py -> /home/leyla/Desktop/clase1/ejemplo1_ws/build/my_package_class/build/lib/my_package_class
copying my_package_class/pub.py -> /home/leyla/Desktop/clase1/ejemplo1_ws/build/my_package_class/build/lib/my_package_class
running install
running install_lib
creating /home/leyla/Desktop/clase1/ejemplo1_ws/install/my_package_class/lib/python3.10/site-packages/my_package_class
copying /home/leyla/Desktop/clase1/ejemplo1_ws/build/my_package_class/build/lib/my_package_class/__init__.py -> /home/leyla/Desktop/clase1/ejemplo1_ws/install/my_package_class/lib/python3.10/site-packages/my_package_class
copying /home/leyla/Desktop/clase1/ejemplo1_ws/build/my_package_class/build/lib/my_package_class/sub.py -> /home/leyla/Desktop/clase1/ejemplo1_ws/install/my_package_class/lib/python3.10/site-packages/my_package_class
copying /home/leyla/Desktop/clase1/ejemplo1_ws/build/my_package_class/build/lib/my_package_class/ps.py -> /home/leyla/Desktop/clase1/ejemplo1_ws/install/my_package_class/lib/python3.10/site-packages/my_package_class
copying /home/leyla/Desktop/clase1/ejemplo1_ws/build/my_package_class/build/lib/my_package_class/pub.py -> /home/leyla/Desktop/clase1/ejemplo1_ws/install/my_package_class/lib/python3.10/site-packages/my_package_class
byte-compiling /home/leyla/Desktop/clase1/ejemplo1_ws/install/my_package_class/lib/python3.10/site-packages/my_package_class/__init__.py to __init__.cpython-310.pyc
byte-compiling /home/leyla/Desktop/clase1/ejemplo1_ws/install/my_package_class/lib/python3.10/site-packages/my_package_class/sub.py to sub.cpython-310.pyc
byte-compiling /home/leyla/Desktop/clase1/ejemplo1_ws/install/my_package_class/lib/python3.10/site-packages/my_package_class/ps.py to ps.cpython-310.pyc
byte-compiling /home/leyla/Desktop/clase1/ejemplo1_ws/install/my_package_class/lib/python3.10/site-packages/my_package_class/pub.py to pub.cpython-310.pyc
running install_data
copying resource/my_package_class -> /home/leyla/Desktop/clase1/ejemplo1_ws/install/my_package_class/share/ament_index/resource_index/packages
copying package.xml -> /home/leyla/Desktop/clase1/ejemplo1_ws/install/my_package_class/share/my_package_class
running install_egg_info
Copying ../../build/my_package_class/my_package_class.egg-info to /home/leyla/Desktop/clase1/ejemplo1_ws/install/my_package_class/lib/python3.10/site-packages/my_package_class-0.0.0-py3.10.egg-info
running install_scripts
Installing pub script to /home/leyla/Desktop/clase1/ejemplo1_ws/install/my_package_class/lib/my_package_class
Installing sub script to /home/leyla/Desktop/clase1/ejemplo1_ws/install/my_package_class/lib/my_package_class
writing list of installed files to '/home/leyla/Desktop/clase1/ejemplo1_ws/build/my_package_class/install.log'
