[0.007s] Invoking command in '/home/leyla/Desktop/clase1/ejemplo1_ws/build/ucb_interface': CMAKE_PREFIX_PATH=${CMAKE_PREFIX_PATH}:/home/leyla/Desktop/clase1/ejemplo1_ws/install/my_package_class:/home/leyla/Desktop/robotica_ws/install/my_package:/opt/ros/humble /usr/bin/cmake /home/leyla/Desktop/clase1/ejemplo1_ws/src/ucb_interface -DCMAKE_INSTALL_PREFIX=/home/leyla/Desktop/clase1/ejemplo1_ws/install/ucb_interface
[0.064s] -- The C compiler identification is GNU 11.4.0
[0.116s] -- The CXX compiler identification is GNU 11.4.0
[0.121s] -- Detecting C compiler ABI info
[0.187s] -- Detecting C compiler ABI info - done
[0.192s] -- Check for working C compiler: /usr/bin/cc - skipped
[0.192s] -- Detecting C compile features
[0.192s] -- Detecting C compile features - done
[0.195s] -- Detecting CXX compiler ABI info
[0.274s] -- Detecting CXX compiler ABI info - done
[0.282s] -- Check for working CXX compiler: /usr/bin/c++ - skipped
[0.282s] -- Detecting CXX compile features
[0.282s] -- Detecting CXX compile features - done
[0.284s] -- Found ament_cmake: 1.3.11 (/opt/ros/humble/share/ament_cmake/cmake)
[0.411s] -- Found Python3: /usr/bin/python3 (found version "3.10.12") found components: Interpreter 
[0.472s] -- Found geometry_msgs: 4.2.4 (/opt/ros/humble/share/geometry_msgs/cmake)
[0.495s] -- Found rosidl_generator_c: 3.1.6 (/opt/ros/humble/share/rosidl_generator_c/cmake)
[0.498s] -- Found rosidl_adapter: 3.1.6 (/opt/ros/humble/share/rosidl_adapter/cmake)
[0.503s] -- Found rosidl_generator_cpp: 3.1.6 (/opt/ros/humble/share/rosidl_generator_cpp/cmake)
[0.510s] -- Using all available rosidl_typesupport_c: rosidl_typesupport_fastrtps_c;rosidl_typesupport_introspection_c
[0.520s] -- Using all available rosidl_typesupport_cpp: rosidl_typesupport_fastrtps_cpp;rosidl_typesupport_introspection_cpp
[0.545s] -- Found rosidl_default_generators: 1.2.0 (/opt/ros/humble/share/rosidl_default_generators/cmake)
[0.659s] [31mCMake Error at /opt/ros/humble/share/rosidl_adapter/cmake/rosidl_adapt_interfaces.cmake:59 (message):
[0.659s]   execute_process(/usr/bin/python3 -m rosidl_adapter --package-name
[0.659s]   ucb_interface --arguments-file
[0.659s]   /home/leyla/Desktop/clase1/ejemplo1_ws/build/ucb_interface/rosidl_adapter__arguments__ucb_interface.json
[0.659s]   --output-dir
[0.659s]   /home/leyla/Desktop/clase1/ejemplo1_ws/build/ucb_interface/rosidl_adapter/ucb_interface
[0.660s]   --output-file
[0.660s]   /home/leyla/Desktop/clase1/ejemplo1_ws/build/ucb_interface/rosidl_adapter/ucb_interface.idls)
[0.660s]   returned error code 1:
[0.660s] 
[0.660s]   Traceback (most recent call last):
[0.660s] 
[0.660s]     File "/usr/lib/python3.10/runpy.py", line 196, in _run_module_as_main
[0.660s]       return _run_code(code, main_globals, None,
[0.660s]     File "/usr/lib/python3.10/runpy.py", line 86, in _run_code
[0.660s]       exec(code, run_globals)
[0.660s]     File "/opt/ros/humble/local/lib/python3.10/dist-packages/rosidl_adapter/__main__.py", line 19, in <module>
[0.660s]       sys.exit(main())
[0.660s]     File "/opt/ros/humble/local/lib/python3.10/dist-packages/rosidl_adapter/main.py", line 53, in main
[0.660s]       abs_idl_file = convert_to_idl(
[0.660s]     File "/opt/ros/humble/local/lib/python3.10/dist-packages/rosidl_adapter/__init__.py", line 19, in convert_to_idl
[0.661s]       return convert_msg_to_idl(
[0.661s]     File "/opt/ros/humble/local/lib/python3.10/dist-packages/rosidl_adapter/msg/__init__.py", line 28, in convert_msg_to_idl
[0.661s]       msg = parse_message_string(package_name, input_file.stem, content)
[0.661s]     File "/opt/ros/humble/local/lib/python3.10/dist-packages/rosidl_adapter/parser.py", line 544, in parse_message_string
[0.661s]       msg = MessageSpecification(pkg_name, msg_name, fields, constants)
[0.661s]     File "/opt/ros/humble/local/lib/python3.10/dist-packages/rosidl_adapter/parser.py", line 388, in __init__
[0.661s]       self.base_type = BaseType(
[0.661s]     File "/opt/ros/humble/local/lib/python3.10/dist-packages/rosidl_adapter/parser.py", line 205, in __init__
[0.661s]       raise InvalidResourceName(
[0.661s] 
[0.661s]   rosidl_adapter.parser.InvalidResourceName: 'num' is an invalid message
[0.661s]   name.  It should have the pattern '^[A-Z][A-Za-z0-9]*$'
[0.661s] 
[0.661s] Call Stack (most recent call first):
[0.661s]   /opt/ros/humble/share/rosidl_cmake/cmake/rosidl_generate_interfaces.cmake:130 (rosidl_adapt_interfaces)
[0.661s]   CMakeLists.txt:20 (rosidl_generate_interfaces)
[0.661s] 
[0.661s] [0m
[0.661s] -- Configuring incomplete, errors occurred!
[0.661s] See also "/home/leyla/Desktop/clase1/ejemplo1_ws/build/ucb_interface/CMakeFiles/CMakeOutput.log".
[0.665s] Invoked command in '/home/leyla/Desktop/clase1/ejemplo1_ws/build/ucb_interface' returned '1': CMAKE_PREFIX_PATH=${CMAKE_PREFIX_PATH}:/home/leyla/Desktop/clase1/ejemplo1_ws/install/my_package_class:/home/leyla/Desktop/robotica_ws/install/my_package:/opt/ros/humble /usr/bin/cmake /home/leyla/Desktop/clase1/ejemplo1_ws/src/ucb_interface -DCMAKE_INSTALL_PREFIX=/home/leyla/Desktop/clase1/ejemplo1_ws/install/ucb_interface
