[0.007s] Invoking command in '/home/leyla/Desktop/clase1/ejemplo1_ws/build/ucb_interface': CMAKE_PREFIX_PATH=${CMAKE_PREFIX_PATH}:/home/leyla/Desktop/clase1/ejemplo1_ws/install/my_package_class:/home/leyla/Desktop/robotica_ws/install/my_package:/opt/ros/humble /usr/bin/cmake /home/leyla/Desktop/clase1/ejemplo1_ws/src/ucb_interface -DCMAKE_INSTALL_PREFIX=/home/leyla/Desktop/clase1/ejemplo1_ws/install/ucb_interface
[0.066s] -- The C compiler identification is GNU 11.4.0
[0.123s] -- The CXX compiler identification is GNU 11.4.0
[0.131s] -- Detecting C compiler ABI info
[0.205s] -- Detecting C compiler ABI info - done
[0.215s] -- Check for working C compiler: /usr/bin/cc - skipped
[0.215s] -- Detecting C compile features
[0.216s] -- Detecting C compile features - done
[0.220s] -- Detecting CXX compiler ABI info
[0.291s] -- Detecting CXX compiler ABI info - done
[0.296s] -- Check for working CXX compiler: /usr/bin/c++ - skipped
[0.296s] -- Detecting CXX compile features
[0.297s] -- Detecting CXX compile features - done
[0.298s] -- Found ament_cmake: 1.3.11 (/opt/ros/humble/share/ament_cmake/cmake)
[0.413s] -- Found Python3: /usr/bin/python3 (found version "3.10.12") found components: Interpreter 
[0.476s] -- Found geometry_msgs: 4.2.4 (/opt/ros/humble/share/geometry_msgs/cmake)
[0.498s] -- Found rosidl_generator_c: 3.1.6 (/opt/ros/humble/share/rosidl_generator_c/cmake)
[0.501s] -- Found rosidl_adapter: 3.1.6 (/opt/ros/humble/share/rosidl_adapter/cmake)
[0.506s] -- Found rosidl_generator_cpp: 3.1.6 (/opt/ros/humble/share/rosidl_generator_cpp/cmake)
[0.514s] -- Using all available rosidl_typesupport_c: rosidl_typesupport_fastrtps_c;rosidl_typesupport_introspection_c
[0.524s] -- Using all available rosidl_typesupport_cpp: rosidl_typesupport_fastrtps_cpp;rosidl_typesupport_introspection_cpp
[0.549s] -- Found rosidl_default_generators: 1.2.0 (/opt/ros/humble/share/rosidl_default_generators/cmake)
[0.771s] -- Found ament_cmake_ros: 0.10.0 (/opt/ros/humble/share/ament_cmake_ros/cmake)
[1.094s] -- Using all available rosidl_typesupport_c: rosidl_typesupport_fastrtps_c;rosidl_typesupport_introspection_c
[1.204s] -- Using all available rosidl_typesupport_cpp: rosidl_typesupport_fastrtps_cpp;rosidl_typesupport_introspection_cpp
[1.222s] -- Found PythonInterp: /usr/bin/python3 (found suitable version "3.10.12", minimum required is "3.6") 
[1.224s] -- Found python_cmake_module: 0.10.0 (/opt/ros/humble/share/python_cmake_module/cmake)
[1.250s] -- Found PythonLibs: /usr/lib/x86_64-linux-gnu/libpython3.10.so (found suitable version "3.10.12", minimum required is "3.5") 
[1.251s] -- Using PYTHON_EXECUTABLE: /usr/bin/python3
[1.251s] -- Using PYTHON_INCLUDE_DIRS: /usr/include/python3.10
[1.251s] -- Using PYTHON_LIBRARIES: /usr/lib/x86_64-linux-gnu/libpython3.10.so
[1.268s] -- Found PythonExtra: .so  
[1.311s] -- Found ament_lint_auto: 0.12.11 (/opt/ros/humble/share/ament_lint_auto/cmake)
[1.329s] -- Added test 'lint_cmake' to check CMake code style
[1.329s] -- Added test 'xmllint' to check XML markup files
[1.331s] -- Configuring done
[1.353s] -- Generating done
[1.360s] -- Build files have been written to: /home/leyla/Desktop/clase1/ejemplo1_ws/build/ucb_interface
[1.367s] Invoked command in '/home/leyla/Desktop/clase1/ejemplo1_ws/build/ucb_interface' returned '0': CMAKE_PREFIX_PATH=${CMAKE_PREFIX_PATH}:/home/leyla/Desktop/clase1/ejemplo1_ws/install/my_package_class:/home/leyla/Desktop/robotica_ws/install/my_package:/opt/ros/humble /usr/bin/cmake /home/leyla/Desktop/clase1/ejemplo1_ws/src/ucb_interface -DCMAKE_INSTALL_PREFIX=/home/leyla/Desktop/clase1/ejemplo1_ws/install/ucb_interface
[1.367s] Invoking command in '/home/leyla/Desktop/clase1/ejemplo1_ws/build/ucb_interface': CMAKE_PREFIX_PATH=${CMAKE_PREFIX_PATH}:/home/leyla/Desktop/clase1/ejemplo1_ws/install/my_package_class:/home/leyla/Desktop/robotica_ws/install/my_package:/opt/ros/humble /usr/bin/cmake --build /home/leyla/Desktop/clase1/ejemplo1_ws/build/ucb_interface -- -j20 -l20
[1.400s] [  2%] [34m[1mGenerating C code for ROS interfaces[0m
[1.413s] [  4%] [34m[1mGenerating C++ code for ROS interfaces[0m
[1.421s] [  4%] Built target ament_cmake_python_copy_ucb_interface
[1.558s] running egg_info
[1.559s] creating ucb_interface.egg-info
[1.559s] writing ucb_interface.egg-info/PKG-INFO
[1.559s] writing dependency_links to ucb_interface.egg-info/dependency_links.txt
[1.559s] writing top-level names to ucb_interface.egg-info/top_level.txt
[1.559s] writing manifest file 'ucb_interface.egg-info/SOURCES.txt'
[1.560s] reading manifest file 'ucb_interface.egg-info/SOURCES.txt'
[1.561s] writing manifest file 'ucb_interface.egg-info/SOURCES.txt'
[1.579s] [  4%] Built target ament_cmake_python_build_ucb_interface_egg
[1.646s] [  4%] Built target ucb_interface__cpp
[1.650s] [  6%] [32mBuilding C object CMakeFiles/ucb_interface__rosidl_generator_c.dir/rosidl_generator_c/ucb_interface/msg/detail/num__functions.c.o[0m
[1.650s] [  8%] [32mBuilding C object CMakeFiles/ucb_interface__rosidl_generator_c.dir/rosidl_generator_c/ucb_interface/srv/detail/addtwonumbers__functions.c.o[0m
[1.651s] [ 10%] [32mBuilding C object CMakeFiles/ucb_interface__rosidl_generator_c.dir/rosidl_generator_c/ucb_interface/msg/detail/sphere__functions.c.o[0m
[1.653s] [ 12%] [34m[1mGenerating C++ introspection for ROS interfaces[0m
[1.653s] [ 14%] [34m[1mGenerating C++ type support for eProsima Fast-RTPS[0m
[1.654s] [ 17%] [34m[1mGenerating C++ type support dispatch for ROS interfaces[0m
[1.697s] [ 19%] [32m[1mLinking C shared library libucb_interface__rosidl_generator_c.so[0m
[1.729s] [ 19%] Built target ucb_interface__rosidl_generator_c
[1.737s] [ 21%] [34m[1mGenerating C type support dispatch for ROS interfaces[0m
[1.737s] [ 23%] [34m[1mGenerating C introspection for ROS interfaces[0m
[1.737s] [ 25%] [34m[1mGenerating C type support for eProsima Fast-RTPS[0m
[1.831s] [ 31%] [32mBuilding CXX object CMakeFiles/ucb_interface__rosidl_typesupport_cpp.dir/rosidl_typesupport_cpp/ucb_interface/msg/num__type_support.cpp.o[0m
[1.831s] [ 31%] [32mBuilding CXX object CMakeFiles/ucb_interface__rosidl_typesupport_cpp.dir/rosidl_typesupport_cpp/ucb_interface/srv/addtwonumbers__type_support.cpp.o[0m
[1.831s] [ 31%] [32mBuilding CXX object CMakeFiles/ucb_interface__rosidl_typesupport_cpp.dir/rosidl_typesupport_cpp/ucb_interface/msg/sphere__type_support.cpp.o[0m
[1.849s] [ 34%] [32mBuilding CXX object CMakeFiles/ucb_interface__rosidl_typesupport_introspection_cpp.dir/rosidl_typesupport_introspection_cpp/ucb_interface/srv/detail/addtwonumbers__type_support.cpp.o[0m
[1.849s] [ 36%] [32mBuilding CXX object CMakeFiles/ucb_interface__rosidl_typesupport_introspection_cpp.dir/rosidl_typesupport_introspection_cpp/ucb_interface/msg/detail/num__type_support.cpp.o[0m
[1.851s] [ 38%] [32mBuilding CXX object CMakeFiles/ucb_interface__rosidl_typesupport_introspection_cpp.dir/rosidl_typesupport_introspection_cpp/ucb_interface/msg/detail/sphere__type_support.cpp.o[0m
[1.858s] [ 40%] [32mBuilding CXX object CMakeFiles/ucb_interface__rosidl_typesupport_fastrtps_cpp.dir/rosidl_typesupport_fastrtps_cpp/ucb_interface/msg/detail/dds_fastrtps/num__type_support.cpp.o[0m
[1.858s] [ 42%] [32mBuilding CXX object CMakeFiles/ucb_interface__rosidl_typesupport_fastrtps_cpp.dir/rosidl_typesupport_fastrtps_cpp/ucb_interface/srv/detail/dds_fastrtps/addtwonumbers__type_support.cpp.o[0m
[1.860s] [ 44%] [32mBuilding CXX object CMakeFiles/ucb_interface__rosidl_typesupport_fastrtps_cpp.dir/rosidl_typesupport_fastrtps_cpp/ucb_interface/msg/detail/dds_fastrtps/sphere__type_support.cpp.o[0m
[1.909s] [ 46%] [32mBuilding CXX object CMakeFiles/ucb_interface__rosidl_typesupport_c.dir/rosidl_typesupport_c/ucb_interface/msg/sphere__type_support.cpp.o[0m
[1.909s] [ 48%] [32mBuilding CXX object CMakeFiles/ucb_interface__rosidl_typesupport_c.dir/rosidl_typesupport_c/ucb_interface/msg/num__type_support.cpp.o[0m
[1.911s] [ 51%] [32mBuilding CXX object CMakeFiles/ucb_interface__rosidl_typesupport_c.dir/rosidl_typesupport_c/ucb_interface/srv/addtwonumbers__type_support.cpp.o[0m
[1.937s] [ 53%] [32m[1mLinking CXX shared library libucb_interface__rosidl_typesupport_c.so[0m
[1.950s] [ 55%] [32mBuilding CXX object CMakeFiles/ucb_interface__rosidl_typesupport_fastrtps_c.dir/rosidl_typesupport_fastrtps_c/ucb_interface/srv/detail/addtwonumbers__type_support_c.cpp.o[0m
[1.950s] [ 59%] [32mBuilding CXX object CMakeFiles/ucb_interface__rosidl_typesupport_fastrtps_c.dir/rosidl_typesupport_fastrtps_c/ucb_interface/msg/detail/num__type_support_c.cpp.o[0m
[1.950s] [ 59%] [32mBuilding C object CMakeFiles/ucb_interface__rosidl_typesupport_introspection_c.dir/rosidl_typesupport_introspection_c/ucb_interface/msg/detail/num__type_support.c.o[0m
[1.952s] [ 61%] [32mBuilding CXX object CMakeFiles/ucb_interface__rosidl_typesupport_fastrtps_c.dir/rosidl_typesupport_fastrtps_c/ucb_interface/msg/detail/sphere__type_support_c.cpp.o[0m
[1.952s] [ 63%] [32mBuilding C object CMakeFiles/ucb_interface__rosidl_typesupport_introspection_c.dir/rosidl_typesupport_introspection_c/ucb_interface/srv/detail/addtwonumbers__type_support.c.o[0m
[1.953s] [ 65%] [32mBuilding C object CMakeFiles/ucb_interface__rosidl_typesupport_introspection_c.dir/rosidl_typesupport_introspection_c/ucb_interface/msg/detail/sphere__type_support.c.o[0m
[1.974s] [ 65%] Built target ucb_interface__rosidl_typesupport_c
[1.982s] [ 68%] [32m[1mLinking C shared library libucb_interface__rosidl_typesupport_introspection_c.so[0m
[2.002s] [ 68%] Built target ucb_interface__rosidl_typesupport_introspection_c
[2.106s] [ 70%] [32m[1mLinking CXX shared library libucb_interface__rosidl_typesupport_cpp.so[0m
[2.144s] [ 70%] Built target ucb_interface__rosidl_typesupport_cpp
[2.197s] [ 74%] [32m[1mLinking CXX shared library libucb_interface__rosidl_typesupport_introspection_cpp.so[0m
[2.197s] [ 74%] [32m[1mLinking CXX shared library libucb_interface__rosidl_typesupport_fastrtps_c.so[0m
[2.215s] [ 76%] [32m[1mLinking CXX shared library libucb_interface__rosidl_typesupport_fastrtps_cpp.so[0m
[2.244s] [ 76%] Built target ucb_interface__rosidl_typesupport_introspection_cpp
[2.255s] [ 76%] Built target ucb_interface__rosidl_typesupport_fastrtps_c
[2.269s] [ 76%] Built target ucb_interface__rosidl_typesupport_fastrtps_cpp
[2.286s] [ 76%] Built target ucb_interface
[2.311s] [ 78%] [34m[1mGenerating Python code for ROS interfaces[0m
[2.618s] [ 78%] Built target ucb_interface__py
[2.634s] [ 80%] [32mBuilding C object CMakeFiles/ucb_interface__rosidl_generator_py.dir/rosidl_generator_py/ucb_interface/msg/_num_s.c.o[0m
[2.636s] [ 82%] [32mBuilding C object CMakeFiles/ucb_interface__rosidl_generator_py.dir/rosidl_generator_py/ucb_interface/srv/_addtwonumbers_s.c.o[0m
[2.636s] [ 85%] [32mBuilding C object CMakeFiles/ucb_interface__rosidl_generator_py.dir/rosidl_generator_py/ucb_interface/msg/_sphere_s.c.o[0m
[2.722s] [ 87%] [32m[1mLinking C shared library rosidl_generator_py/ucb_interface/libucb_interface__rosidl_generator_py.so[0m
[2.767s] [ 87%] Built target ucb_interface__rosidl_generator_py
[2.787s] [ 89%] [32mBuilding C object CMakeFiles/ucb_interface__rosidl_typesupport_fastrtps_c__pyext.dir/rosidl_generator_py/ucb_interface/_ucb_interface_s.ep.rosidl_typesupport_fastrtps_c.c.o[0m
[2.788s] [ 91%] [32mBuilding C object CMakeFiles/ucb_interface__rosidl_typesupport_c__pyext.dir/rosidl_generator_py/ucb_interface/_ucb_interface_s.ep.rosidl_typesupport_c.c.o[0m
[2.789s] [ 93%] [32mBuilding C object CMakeFiles/ucb_interface__rosidl_typesupport_introspection_c__pyext.dir/rosidl_generator_py/ucb_interface/_ucb_interface_s.ep.rosidl_typesupport_introspection_c.c.o[0m
[2.856s] [ 95%] [32m[1mLinking C shared library rosidl_generator_py/ucb_interface/ucb_interface_s__rosidl_typesupport_introspection_c.cpython-310-x86_64-linux-gnu.so[0m
[2.858s] [ 97%] [32m[1mLinking C shared library rosidl_generator_py/ucb_interface/ucb_interface_s__rosidl_typesupport_fastrtps_c.cpython-310-x86_64-linux-gnu.so[0m
[2.861s] [100%] [32m[1mLinking C shared library rosidl_generator_py/ucb_interface/ucb_interface_s__rosidl_typesupport_c.cpython-310-x86_64-linux-gnu.so[0m
[2.886s] [100%] Built target ucb_interface__rosidl_typesupport_introspection_c__pyext
[2.887s] [100%] Built target ucb_interface__rosidl_typesupport_fastrtps_c__pyext
[2.888s] [100%] Built target ucb_interface__rosidl_typesupport_c__pyext
[2.895s] Invoked command in '/home/leyla/Desktop/clase1/ejemplo1_ws/build/ucb_interface' returned '0': CMAKE_PREFIX_PATH=${CMAKE_PREFIX_PATH}:/home/leyla/Desktop/clase1/ejemplo1_ws/install/my_package_class:/home/leyla/Desktop/robotica_ws/install/my_package:/opt/ros/humble /usr/bin/cmake --build /home/leyla/Desktop/clase1/ejemplo1_ws/build/ucb_interface -- -j20 -l20
[2.904s] Invoking command in '/home/leyla/Desktop/clase1/ejemplo1_ws/build/ucb_interface': CMAKE_PREFIX_PATH=${CMAKE_PREFIX_PATH}:/home/leyla/Desktop/clase1/ejemplo1_ws/install/my_package_class:/home/leyla/Desktop/robotica_ws/install/my_package:/opt/ros/humble /usr/bin/cmake --install /home/leyla/Desktop/clase1/ejemplo1_ws/build/ucb_interface
[2.914s] -- Install configuration: ""
[2.914s] -- Installing: /home/leyla/Desktop/clase1/ejemplo1_ws/install/ucb_interface/share/ament_index/resource_index/rosidl_interfaces/ucb_interface
[2.914s] -- Installing: /home/leyla/Desktop/clase1/ejemplo1_ws/install/ucb_interface/include/ucb_interface/ucb_interface
[2.914s] -- Installing: /home/leyla/Desktop/clase1/ejemplo1_ws/install/ucb_interface/include/ucb_interface/ucb_interface/srv
[2.914s] -- Installing: /home/leyla/Desktop/clase1/ejemplo1_ws/install/ucb_interface/include/ucb_interface/ucb_interface/srv/addtwonumbers.h
[2.914s] -- Installing: /home/leyla/Desktop/clase1/ejemplo1_ws/install/ucb_interface/include/ucb_interface/ucb_interface/srv/detail
[2.914s] -- Installing: /home/leyla/Desktop/clase1/ejemplo1_ws/install/ucb_interface/include/ucb_interface/ucb_interface/srv/detail/addtwonumbers__struct.h
[2.914s] -- Installing: /home/leyla/Desktop/clase1/ejemplo1_ws/install/ucb_interface/include/ucb_interface/ucb_interface/srv/detail/addtwonumbers__functions.h
[2.914s] -- Installing: /home/leyla/Desktop/clase1/ejemplo1_ws/install/ucb_interface/include/ucb_interface/ucb_interface/srv/detail/addtwonumbers__type_support.h
[2.914s] -- Installing: /home/leyla/Desktop/clase1/ejemplo1_ws/install/ucb_interface/include/ucb_interface/ucb_interface/srv/detail/addtwonumbers__functions.c
[2.915s] -- Installing: /home/leyla/Desktop/clase1/ejemplo1_ws/install/ucb_interface/include/ucb_interface/ucb_interface/msg
[2.915s] -- Installing: /home/leyla/Desktop/clase1/ejemplo1_ws/install/ucb_interface/include/ucb_interface/ucb_interface/msg/rosidl_generator_c__visibility_control.h
[2.915s] -- Installing: /home/leyla/Desktop/clase1/ejemplo1_ws/install/ucb_interface/include/ucb_interface/ucb_interface/msg/num.h
[2.915s] -- Installing: /home/leyla/Desktop/clase1/ejemplo1_ws/install/ucb_interface/include/ucb_interface/ucb_interface/msg/sphere.h
[2.915s] -- Installing: /home/leyla/Desktop/clase1/ejemplo1_ws/install/ucb_interface/include/ucb_interface/ucb_interface/msg/detail
[2.915s] -- Installing: /home/leyla/Desktop/clase1/ejemplo1_ws/install/ucb_interface/include/ucb_interface/ucb_interface/msg/detail/num__struct.h
[2.915s] -- Installing: /home/leyla/Desktop/clase1/ejemplo1_ws/install/ucb_interface/include/ucb_interface/ucb_interface/msg/detail/sphere__type_support.h
[2.915s] -- Installing: /home/leyla/Desktop/clase1/ejemplo1_ws/install/ucb_interface/include/ucb_interface/ucb_interface/msg/detail/num__functions.c
[2.915s] -- Installing: /home/leyla/Desktop/clase1/ejemplo1_ws/install/ucb_interface/include/ucb_interface/ucb_interface/msg/detail/num__type_support.h
[2.915s] -- Installing: /home/leyla/Desktop/clase1/ejemplo1_ws/install/ucb_interface/include/ucb_interface/ucb_interface/msg/detail/sphere__struct.h
[2.915s] -- Installing: /home/leyla/Desktop/clase1/ejemplo1_ws/install/ucb_interface/include/ucb_interface/ucb_interface/msg/detail/sphere__functions.h
[2.915s] -- Installing: /home/leyla/Desktop/clase1/ejemplo1_ws/install/ucb_interface/include/ucb_interface/ucb_interface/msg/detail/num__functions.h
[2.916s] -- Installing: /home/leyla/Desktop/clase1/ejemplo1_ws/install/ucb_interface/include/ucb_interface/ucb_interface/msg/detail/sphere__functions.c
[2.916s] -- Installing: /home/leyla/Desktop/clase1/ejemplo1_ws/install/ucb_interface/share/ucb_interface/environment/library_path.sh
[2.916s] -- Installing: /home/leyla/Desktop/clase1/ejemplo1_ws/install/ucb_interface/share/ucb_interface/environment/library_path.dsv
[2.916s] -- Installing: /home/leyla/Desktop/clase1/ejemplo1_ws/install/ucb_interface/lib/libucb_interface__rosidl_generator_c.so
[2.916s] -- Set runtime path of "/home/leyla/Desktop/clase1/ejemplo1_ws/install/ucb_interface/lib/libucb_interface__rosidl_generator_c.so" to ""
[2.916s] -- Up-to-date: /home/leyla/Desktop/clase1/ejemplo1_ws/install/ucb_interface/include/ucb_interface/ucb_interface
[2.916s] -- Up-to-date: /home/leyla/Desktop/clase1/ejemplo1_ws/install/ucb_interface/include/ucb_interface/ucb_interface/srv
[2.916s] -- Up-to-date: /home/leyla/Desktop/clase1/ejemplo1_ws/install/ucb_interface/include/ucb_interface/ucb_interface/srv/detail
[2.916s] -- Installing: /home/leyla/Desktop/clase1/ejemplo1_ws/install/ucb_interface/include/ucb_interface/ucb_interface/srv/detail/addtwonumbers__rosidl_typesupport_fastrtps_c.h
[2.917s] -- Up-to-date: /home/leyla/Desktop/clase1/ejemplo1_ws/install/ucb_interface/include/ucb_interface/ucb_interface/msg
[2.917s] -- Installing: /home/leyla/Desktop/clase1/ejemplo1_ws/install/ucb_interface/include/ucb_interface/ucb_interface/msg/rosidl_typesupport_fastrtps_c__visibility_control.h
[2.917s] -- Up-to-date: /home/leyla/Desktop/clase1/ejemplo1_ws/install/ucb_interface/include/ucb_interface/ucb_interface/msg/detail
[2.917s] -- Installing: /home/leyla/Desktop/clase1/ejemplo1_ws/install/ucb_interface/include/ucb_interface/ucb_interface/msg/detail/num__rosidl_typesupport_fastrtps_c.h
[2.917s] -- Installing: /home/leyla/Desktop/clase1/ejemplo1_ws/install/ucb_interface/include/ucb_interface/ucb_interface/msg/detail/sphere__rosidl_typesupport_fastrtps_c.h
[2.917s] -- Installing: /home/leyla/Desktop/clase1/ejemplo1_ws/install/ucb_interface/lib/libucb_interface__rosidl_typesupport_fastrtps_c.so
[2.917s] -- Set runtime path of "/home/leyla/Desktop/clase1/ejemplo1_ws/install/ucb_interface/lib/libucb_interface__rosidl_typesupport_fastrtps_c.so" to ""
[2.917s] -- Up-to-date: /home/leyla/Desktop/clase1/ejemplo1_ws/install/ucb_interface/include/ucb_interface/ucb_interface
[2.917s] -- Up-to-date: /home/leyla/Desktop/clase1/ejemplo1_ws/install/ucb_interface/include/ucb_interface/ucb_interface/srv
[2.917s] -- Installing: /home/leyla/Desktop/clase1/ejemplo1_ws/install/ucb_interface/include/ucb_interface/ucb_interface/srv/addtwonumbers.hpp
[2.917s] -- Up-to-date: /home/leyla/Desktop/clase1/ejemplo1_ws/install/ucb_interface/include/ucb_interface/ucb_interface/srv/detail
[2.917s] -- Installing: /home/leyla/Desktop/clase1/ejemplo1_ws/install/ucb_interface/include/ucb_interface/ucb_interface/srv/detail/addtwonumbers__builder.hpp
[2.917s] -- Installing: /home/leyla/Desktop/clase1/ejemplo1_ws/install/ucb_interface/include/ucb_interface/ucb_interface/srv/detail/addtwonumbers__type_support.hpp
[2.917s] -- Installing: /home/leyla/Desktop/clase1/ejemplo1_ws/install/ucb_interface/include/ucb_interface/ucb_interface/srv/detail/addtwonumbers__struct.hpp
[2.918s] -- Installing: /home/leyla/Desktop/clase1/ejemplo1_ws/install/ucb_interface/include/ucb_interface/ucb_interface/srv/detail/addtwonumbers__traits.hpp
[2.918s] -- Up-to-date: /home/leyla/Desktop/clase1/ejemplo1_ws/install/ucb_interface/include/ucb_interface/ucb_interface/msg
[2.918s] -- Installing: /home/leyla/Desktop/clase1/ejemplo1_ws/install/ucb_interface/include/ucb_interface/ucb_interface/msg/sphere.hpp
[2.918s] -- Installing: /home/leyla/Desktop/clase1/ejemplo1_ws/install/ucb_interface/include/ucb_interface/ucb_interface/msg/rosidl_generator_cpp__visibility_control.hpp
[2.918s] -- Installing: /home/leyla/Desktop/clase1/ejemplo1_ws/install/ucb_interface/include/ucb_interface/ucb_interface/msg/num.hpp
[2.918s] -- Up-to-date: /home/leyla/Desktop/clase1/ejemplo1_ws/install/ucb_interface/include/ucb_interface/ucb_interface/msg/detail
[2.918s] -- Installing: /home/leyla/Desktop/clase1/ejemplo1_ws/install/ucb_interface/include/ucb_interface/ucb_interface/msg/detail/num__struct.hpp
[2.918s] -- Installing: /home/leyla/Desktop/clase1/ejemplo1_ws/install/ucb_interface/include/ucb_interface/ucb_interface/msg/detail/sphere__struct.hpp
[2.918s] -- Installing: /home/leyla/Desktop/clase1/ejemplo1_ws/install/ucb_interface/include/ucb_interface/ucb_interface/msg/detail/num__traits.hpp
[2.918s] -- Installing: /home/leyla/Desktop/clase1/ejemplo1_ws/install/ucb_interface/include/ucb_interface/ucb_interface/msg/detail/sphere__builder.hpp
[2.918s] -- Installing: /home/leyla/Desktop/clase1/ejemplo1_ws/install/ucb_interface/include/ucb_interface/ucb_interface/msg/detail/num__type_support.hpp
[2.918s] -- Installing: /home/leyla/Desktop/clase1/ejemplo1_ws/install/ucb_interface/include/ucb_interface/ucb_interface/msg/detail/sphere__traits.hpp
[2.918s] -- Installing: /home/leyla/Desktop/clase1/ejemplo1_ws/install/ucb_interface/include/ucb_interface/ucb_interface/msg/detail/num__builder.hpp
[2.918s] -- Installing: /home/leyla/Desktop/clase1/ejemplo1_ws/install/ucb_interface/include/ucb_interface/ucb_interface/msg/detail/sphere__type_support.hpp
[2.918s] -- Up-to-date: /home/leyla/Desktop/clase1/ejemplo1_ws/install/ucb_interface/include/ucb_interface/ucb_interface
[2.918s] -- Up-to-date: /home/leyla/Desktop/clase1/ejemplo1_ws/install/ucb_interface/include/ucb_interface/ucb_interface/srv
[2.918s] -- Up-to-date: /home/leyla/Desktop/clase1/ejemplo1_ws/install/ucb_interface/include/ucb_interface/ucb_interface/srv/detail
[2.919s] -- Installing: /home/leyla/Desktop/clase1/ejemplo1_ws/install/ucb_interface/include/ucb_interface/ucb_interface/srv/detail/dds_fastrtps
[2.919s] -- Installing: /home/leyla/Desktop/clase1/ejemplo1_ws/install/ucb_interface/include/ucb_interface/ucb_interface/srv/detail/addtwonumbers__rosidl_typesupport_fastrtps_cpp.hpp
[2.919s] -- Up-to-date: /home/leyla/Desktop/clase1/ejemplo1_ws/install/ucb_interface/include/ucb_interface/ucb_interface/msg
[2.919s] -- Installing: /home/leyla/Desktop/clase1/ejemplo1_ws/install/ucb_interface/include/ucb_interface/ucb_interface/msg/rosidl_typesupport_fastrtps_cpp__visibility_control.h
[2.919s] -- Up-to-date: /home/leyla/Desktop/clase1/ejemplo1_ws/install/ucb_interface/include/ucb_interface/ucb_interface/msg/detail
[2.919s] -- Installing: /home/leyla/Desktop/clase1/ejemplo1_ws/install/ucb_interface/include/ucb_interface/ucb_interface/msg/detail/num__rosidl_typesupport_fastrtps_cpp.hpp
[2.919s] -- Installing: /home/leyla/Desktop/clase1/ejemplo1_ws/install/ucb_interface/include/ucb_interface/ucb_interface/msg/detail/dds_fastrtps
[2.919s] -- Installing: /home/leyla/Desktop/clase1/ejemplo1_ws/install/ucb_interface/include/ucb_interface/ucb_interface/msg/detail/sphere__rosidl_typesupport_fastrtps_cpp.hpp
[2.919s] -- Installing: /home/leyla/Desktop/clase1/ejemplo1_ws/install/ucb_interface/lib/libucb_interface__rosidl_typesupport_fastrtps_cpp.so
[2.919s] -- Set runtime path of "/home/leyla/Desktop/clase1/ejemplo1_ws/install/ucb_interface/lib/libucb_interface__rosidl_typesupport_fastrtps_cpp.so" to ""
[2.919s] -- Up-to-date: /home/leyla/Desktop/clase1/ejemplo1_ws/install/ucb_interface/include/ucb_interface/ucb_interface
[2.919s] -- Up-to-date: /home/leyla/Desktop/clase1/ejemplo1_ws/install/ucb_interface/include/ucb_interface/ucb_interface/srv
[2.919s] -- Up-to-date: /home/leyla/Desktop/clase1/ejemplo1_ws/install/ucb_interface/include/ucb_interface/ucb_interface/srv/detail
[2.919s] -- Installing: /home/leyla/Desktop/clase1/ejemplo1_ws/install/ucb_interface/include/ucb_interface/ucb_interface/srv/detail/addtwonumbers__type_support.c
[2.919s] -- Installing: /home/leyla/Desktop/clase1/ejemplo1_ws/install/ucb_interface/include/ucb_interface/ucb_interface/srv/detail/addtwonumbers__rosidl_typesupport_introspection_c.h
[2.919s] -- Up-to-date: /home/leyla/Desktop/clase1/ejemplo1_ws/install/ucb_interface/include/ucb_interface/ucb_interface/msg
[2.919s] -- Installing: /home/leyla/Desktop/clase1/ejemplo1_ws/install/ucb_interface/include/ucb_interface/ucb_interface/msg/rosidl_typesupport_introspection_c__visibility_control.h
[2.919s] -- Up-to-date: /home/leyla/Desktop/clase1/ejemplo1_ws/install/ucb_interface/include/ucb_interface/ucb_interface/msg/detail
[2.919s] -- Installing: /home/leyla/Desktop/clase1/ejemplo1_ws/install/ucb_interface/include/ucb_interface/ucb_interface/msg/detail/num__rosidl_typesupport_introspection_c.h
[2.920s] -- Installing: /home/leyla/Desktop/clase1/ejemplo1_ws/install/ucb_interface/include/ucb_interface/ucb_interface/msg/detail/num__type_support.c
[2.920s] -- Installing: /home/leyla/Desktop/clase1/ejemplo1_ws/install/ucb_interface/include/ucb_interface/ucb_interface/msg/detail/sphere__type_support.c
[2.920s] -- Installing: /home/leyla/Desktop/clase1/ejemplo1_ws/install/ucb_interface/include/ucb_interface/ucb_interface/msg/detail/sphere__rosidl_typesupport_introspection_c.h
[2.920s] -- Installing: /home/leyla/Desktop/clase1/ejemplo1_ws/install/ucb_interface/lib/libucb_interface__rosidl_typesupport_introspection_c.so
[2.920s] -- Set runtime path of "/home/leyla/Desktop/clase1/ejemplo1_ws/install/ucb_interface/lib/libucb_interface__rosidl_typesupport_introspection_c.so" to ""
[2.920s] -- Installing: /home/leyla/Desktop/clase1/ejemplo1_ws/install/ucb_interface/lib/libucb_interface__rosidl_typesupport_c.so
[2.920s] -- Set runtime path of "/home/leyla/Desktop/clase1/ejemplo1_ws/install/ucb_interface/lib/libucb_interface__rosidl_typesupport_c.so" to ""
[2.920s] -- Up-to-date: /home/leyla/Desktop/clase1/ejemplo1_ws/install/ucb_interface/include/ucb_interface/ucb_interface
[2.920s] -- Up-to-date: /home/leyla/Desktop/clase1/ejemplo1_ws/install/ucb_interface/include/ucb_interface/ucb_interface/srv
[2.920s] -- Up-to-date: /home/leyla/Desktop/clase1/ejemplo1_ws/install/ucb_interface/include/ucb_interface/ucb_interface/srv/detail
[2.920s] -- Installing: /home/leyla/Desktop/clase1/ejemplo1_ws/install/ucb_interface/include/ucb_interface/ucb_interface/srv/detail/addtwonumbers__type_support.cpp
[2.920s] -- Installing: /home/leyla/Desktop/clase1/ejemplo1_ws/install/ucb_interface/include/ucb_interface/ucb_interface/srv/detail/addtwonumbers__rosidl_typesupport_introspection_cpp.hpp
[2.920s] -- Up-to-date: /home/leyla/Desktop/clase1/ejemplo1_ws/install/ucb_interface/include/ucb_interface/ucb_interface/msg
[2.920s] -- Up-to-date: /home/leyla/Desktop/clase1/ejemplo1_ws/install/ucb_interface/include/ucb_interface/ucb_interface/msg/detail
[2.920s] -- Installing: /home/leyla/Desktop/clase1/ejemplo1_ws/install/ucb_interface/include/ucb_interface/ucb_interface/msg/detail/num__rosidl_typesupport_introspection_cpp.hpp
[2.920s] -- Installing: /home/leyla/Desktop/clase1/ejemplo1_ws/install/ucb_interface/include/ucb_interface/ucb_interface/msg/detail/num__type_support.cpp
[2.920s] -- Installing: /home/leyla/Desktop/clase1/ejemplo1_ws/install/ucb_interface/include/ucb_interface/ucb_interface/msg/detail/sphere__type_support.cpp
[2.920s] -- Installing: /home/leyla/Desktop/clase1/ejemplo1_ws/install/ucb_interface/include/ucb_interface/ucb_interface/msg/detail/sphere__rosidl_typesupport_introspection_cpp.hpp
[2.920s] -- Installing: /home/leyla/Desktop/clase1/ejemplo1_ws/install/ucb_interface/lib/libucb_interface__rosidl_typesupport_introspection_cpp.so
[2.921s] -- Set runtime path of "/home/leyla/Desktop/clase1/ejemplo1_ws/install/ucb_interface/lib/libucb_interface__rosidl_typesupport_introspection_cpp.so" to ""
[2.921s] -- Installing: /home/leyla/Desktop/clase1/ejemplo1_ws/install/ucb_interface/lib/libucb_interface__rosidl_typesupport_cpp.so
[2.921s] -- Set runtime path of "/home/leyla/Desktop/clase1/ejemplo1_ws/install/ucb_interface/lib/libucb_interface__rosidl_typesupport_cpp.so" to ""
[2.921s] -- Installing: /home/leyla/Desktop/clase1/ejemplo1_ws/install/ucb_interface/share/ucb_interface/environment/pythonpath.sh
[2.921s] -- Installing: /home/leyla/Desktop/clase1/ejemplo1_ws/install/ucb_interface/share/ucb_interface/environment/pythonpath.dsv
[2.921s] -- Installing: /home/leyla/Desktop/clase1/ejemplo1_ws/install/ucb_interface/local/lib/python3.10/dist-packages/ucb_interface-0.0.0-py3.10.egg-info
[2.921s] -- Installing: /home/leyla/Desktop/clase1/ejemplo1_ws/install/ucb_interface/local/lib/python3.10/dist-packages/ucb_interface-0.0.0-py3.10.egg-info/dependency_links.txt
[2.921s] -- Installing: /home/leyla/Desktop/clase1/ejemplo1_ws/install/ucb_interface/local/lib/python3.10/dist-packages/ucb_interface-0.0.0-py3.10.egg-info/PKG-INFO
[2.921s] -- Installing: /home/leyla/Desktop/clase1/ejemplo1_ws/install/ucb_interface/local/lib/python3.10/dist-packages/ucb_interface-0.0.0-py3.10.egg-info/SOURCES.txt
[2.921s] -- Installing: /home/leyla/Desktop/clase1/ejemplo1_ws/install/ucb_interface/local/lib/python3.10/dist-packages/ucb_interface-0.0.0-py3.10.egg-info/top_level.txt
[2.921s] -- Installing: /home/leyla/Desktop/clase1/ejemplo1_ws/install/ucb_interface/local/lib/python3.10/dist-packages/ucb_interface
[2.921s] -- Installing: /home/leyla/Desktop/clase1/ejemplo1_ws/install/ucb_interface/local/lib/python3.10/dist-packages/ucb_interface/libucb_interface__rosidl_generator_py.so
[2.921s] -- Installing: /home/leyla/Desktop/clase1/ejemplo1_ws/install/ucb_interface/local/lib/python3.10/dist-packages/ucb_interface/ucb_interface_s__rosidl_typesupport_introspection_c.cpython-310-x86_64-linux-gnu.so
[2.921s] -- Installing: /home/leyla/Desktop/clase1/ejemplo1_ws/install/ucb_interface/local/lib/python3.10/dist-packages/ucb_interface/__init__.py
[2.922s] -- Installing: /home/leyla/Desktop/clase1/ejemplo1_ws/install/ucb_interface/local/lib/python3.10/dist-packages/ucb_interface/_ucb_interface_s.ep.rosidl_typesupport_c.c
[2.922s] -- Installing: /home/leyla/Desktop/clase1/ejemplo1_ws/install/ucb_interface/local/lib/python3.10/dist-packages/ucb_interface/_ucb_interface_s.ep.rosidl_typesupport_introspection_c.c
[2.922s] -- Installing: /home/leyla/Desktop/clase1/ejemplo1_ws/install/ucb_interface/local/lib/python3.10/dist-packages/ucb_interface/ucb_interface_s__rosidl_typesupport_c.cpython-310-x86_64-linux-gnu.so
[2.922s] -- Installing: /home/leyla/Desktop/clase1/ejemplo1_ws/install/ucb_interface/local/lib/python3.10/dist-packages/ucb_interface/srv
[2.922s] -- Installing: /home/leyla/Desktop/clase1/ejemplo1_ws/install/ucb_interface/local/lib/python3.10/dist-packages/ucb_interface/srv/_addtwonumbers_s.c
[2.922s] -- Installing: /home/leyla/Desktop/clase1/ejemplo1_ws/install/ucb_interface/local/lib/python3.10/dist-packages/ucb_interface/srv/__init__.py
[2.922s] -- Installing: /home/leyla/Desktop/clase1/ejemplo1_ws/install/ucb_interface/local/lib/python3.10/dist-packages/ucb_interface/srv/_addtwonumbers.py
[2.922s] -- Installing: /home/leyla/Desktop/clase1/ejemplo1_ws/install/ucb_interface/local/lib/python3.10/dist-packages/ucb_interface/_ucb_interface_s.ep.rosidl_typesupport_fastrtps_c.c
[2.922s] -- Installing: /home/leyla/Desktop/clase1/ejemplo1_ws/install/ucb_interface/local/lib/python3.10/dist-packages/ucb_interface/msg
[2.922s] -- Installing: /home/leyla/Desktop/clase1/ejemplo1_ws/install/ucb_interface/local/lib/python3.10/dist-packages/ucb_interface/msg/__init__.py
[2.922s] -- Installing: /home/leyla/Desktop/clase1/ejemplo1_ws/install/ucb_interface/local/lib/python3.10/dist-packages/ucb_interface/msg/_sphere_s.c
[2.922s] -- Installing: /home/leyla/Desktop/clase1/ejemplo1_ws/install/ucb_interface/local/lib/python3.10/dist-packages/ucb_interface/msg/_num_s.c
[2.922s] -- Installing: /home/leyla/Desktop/clase1/ejemplo1_ws/install/ucb_interface/local/lib/python3.10/dist-packages/ucb_interface/msg/_num.py
[2.922s] -- Installing: /home/leyla/Desktop/clase1/ejemplo1_ws/install/ucb_interface/local/lib/python3.10/dist-packages/ucb_interface/msg/_sphere.py
[2.922s] -- Installing: /home/leyla/Desktop/clase1/ejemplo1_ws/install/ucb_interface/local/lib/python3.10/dist-packages/ucb_interface/ucb_interface_s__rosidl_typesupport_fastrtps_c.cpython-310-x86_64-linux-gnu.so
[2.956s] Listing '/home/leyla/Desktop/clase1/ejemplo1_ws/install/ucb_interface/local/lib/python3.10/dist-packages/ucb_interface'...
[2.956s] Compiling '/home/leyla/Desktop/clase1/ejemplo1_ws/install/ucb_interface/local/lib/python3.10/dist-packages/ucb_interface/__init__.py'...
[2.956s] Listing '/home/leyla/Desktop/clase1/ejemplo1_ws/install/ucb_interface/local/lib/python3.10/dist-packages/ucb_interface/msg'...
[2.956s] Compiling '/home/leyla/Desktop/clase1/ejemplo1_ws/install/ucb_interface/local/lib/python3.10/dist-packages/ucb_interface/msg/__init__.py'...
[2.956s] Compiling '/home/leyla/Desktop/clase1/ejemplo1_ws/install/ucb_interface/local/lib/python3.10/dist-packages/ucb_interface/msg/_num.py'...
[2.956s] Compiling '/home/leyla/Desktop/clase1/ejemplo1_ws/install/ucb_interface/local/lib/python3.10/dist-packages/ucb_interface/msg/_sphere.py'...
[2.956s] Listing '/home/leyla/Desktop/clase1/ejemplo1_ws/install/ucb_interface/local/lib/python3.10/dist-packages/ucb_interface/srv'...
[2.956s] Compiling '/home/leyla/Desktop/clase1/ejemplo1_ws/install/ucb_interface/local/lib/python3.10/dist-packages/ucb_interface/srv/__init__.py'...
[2.956s] Compiling '/home/leyla/Desktop/clase1/ejemplo1_ws/install/ucb_interface/local/lib/python3.10/dist-packages/ucb_interface/srv/_addtwonumbers.py'...
[2.959s] -- Installing: /home/leyla/Desktop/clase1/ejemplo1_ws/install/ucb_interface/local/lib/python3.10/dist-packages/ucb_interface/ucb_interface_s__rosidl_typesupport_fastrtps_c.cpython-310-x86_64-linux-gnu.so
[2.959s] -- Set runtime path of "/home/leyla/Desktop/clase1/ejemplo1_ws/install/ucb_interface/local/lib/python3.10/dist-packages/ucb_interface/ucb_interface_s__rosidl_typesupport_fastrtps_c.cpython-310-x86_64-linux-gnu.so" to ""
[2.959s] -- Installing: /home/leyla/Desktop/clase1/ejemplo1_ws/install/ucb_interface/local/lib/python3.10/dist-packages/ucb_interface/ucb_interface_s__rosidl_typesupport_introspection_c.cpython-310-x86_64-linux-gnu.so
[2.959s] -- Set runtime path of "/home/leyla/Desktop/clase1/ejemplo1_ws/install/ucb_interface/local/lib/python3.10/dist-packages/ucb_interface/ucb_interface_s__rosidl_typesupport_introspection_c.cpython-310-x86_64-linux-gnu.so" to ""
[2.959s] -- Installing: /home/leyla/Desktop/clase1/ejemplo1_ws/install/ucb_interface/local/lib/python3.10/dist-packages/ucb_interface/ucb_interface_s__rosidl_typesupport_c.cpython-310-x86_64-linux-gnu.so
[2.960s] -- Set runtime path of "/home/leyla/Desktop/clase1/ejemplo1_ws/install/ucb_interface/local/lib/python3.10/dist-packages/ucb_interface/ucb_interface_s__rosidl_typesupport_c.cpython-310-x86_64-linux-gnu.so" to ""
[2.960s] -- Installing: /home/leyla/Desktop/clase1/ejemplo1_ws/install/ucb_interface/lib/libucb_interface__rosidl_generator_py.so
[2.960s] -- Set runtime path of "/home/leyla/Desktop/clase1/ejemplo1_ws/install/ucb_interface/lib/libucb_interface__rosidl_generator_py.so" to ""
[2.960s] -- Installing: /home/leyla/Desktop/clase1/ejemplo1_ws/install/ucb_interface/share/ucb_interface/msg/Num.idl
[2.960s] -- Installing: /home/leyla/Desktop/clase1/ejemplo1_ws/install/ucb_interface/share/ucb_interface/msg/Sphere.idl
[2.960s] -- Installing: /home/leyla/Desktop/clase1/ejemplo1_ws/install/ucb_interface/share/ucb_interface/srv/Addtwonumbers.idl
[2.960s] -- Installing: /home/leyla/Desktop/clase1/ejemplo1_ws/install/ucb_interface/share/ucb_interface/msg/Num.msg
[2.960s] -- Installing: /home/leyla/Desktop/clase1/ejemplo1_ws/install/ucb_interface/share/ucb_interface/msg/Sphere.msg
[2.960s] -- Installing: /home/leyla/Desktop/clase1/ejemplo1_ws/install/ucb_interface/share/ucb_interface/srv/Addtwonumbers.srv
[2.960s] -- Installing: /home/leyla/Desktop/clase1/ejemplo1_ws/install/ucb_interface/share/ucb_interface/srv/Addtwonumbers_Request.msg
[2.960s] -- Installing: /home/leyla/Desktop/clase1/ejemplo1_ws/install/ucb_interface/share/ucb_interface/srv/Addtwonumbers_Response.msg
[2.961s] -- Installing: /home/leyla/Desktop/clase1/ejemplo1_ws/install/ucb_interface/share/ament_index/resource_index/package_run_dependencies/ucb_interface
[2.961s] -- Installing: /home/leyla/Desktop/clase1/ejemplo1_ws/install/ucb_interface/share/ament_index/resource_index/parent_prefix_path/ucb_interface
[2.961s] -- Installing: /home/leyla/Desktop/clase1/ejemplo1_ws/install/ucb_interface/share/ucb_interface/environment/ament_prefix_path.sh
[2.961s] -- Installing: /home/leyla/Desktop/clase1/ejemplo1_ws/install/ucb_interface/share/ucb_interface/environment/ament_prefix_path.dsv
[2.961s] -- Installing: /home/leyla/Desktop/clase1/ejemplo1_ws/install/ucb_interface/share/ucb_interface/environment/path.sh
[2.961s] -- Installing: /home/leyla/Desktop/clase1/ejemplo1_ws/install/ucb_interface/share/ucb_interface/environment/path.dsv
[2.961s] -- Installing: /home/leyla/Desktop/clase1/ejemplo1_ws/install/ucb_interface/share/ucb_interface/local_setup.bash
[2.961s] -- Installing: /home/leyla/Desktop/clase1/ejemplo1_ws/install/ucb_interface/share/ucb_interface/local_setup.sh
[2.961s] -- Installing: /home/leyla/Desktop/clase1/ejemplo1_ws/install/ucb_interface/share/ucb_interface/local_setup.zsh
[2.961s] -- Installing: /home/leyla/Desktop/clase1/ejemplo1_ws/install/ucb_interface/share/ucb_interface/local_setup.dsv
[2.961s] -- Installing: /home/leyla/Desktop/clase1/ejemplo1_ws/install/ucb_interface/share/ucb_interface/package.dsv
[2.961s] -- Installing: /home/leyla/Desktop/clase1/ejemplo1_ws/install/ucb_interface/share/ament_index/resource_index/packages/ucb_interface
[2.961s] -- Installing: /home/leyla/Desktop/clase1/ejemplo1_ws/install/ucb_interface/share/ucb_interface/cmake/export_ucb_interface__rosidl_generator_cExport.cmake
[2.962s] -- Installing: /home/leyla/Desktop/clase1/ejemplo1_ws/install/ucb_interface/share/ucb_interface/cmake/export_ucb_interface__rosidl_generator_cExport-noconfig.cmake
[2.962s] -- Installing: /home/leyla/Desktop/clase1/ejemplo1_ws/install/ucb_interface/share/ucb_interface/cmake/export_ucb_interface__rosidl_typesupport_fastrtps_cExport.cmake
[2.962s] -- Installing: /home/leyla/Desktop/clase1/ejemplo1_ws/install/ucb_interface/share/ucb_interface/cmake/export_ucb_interface__rosidl_typesupport_fastrtps_cExport-noconfig.cmake
[2.962s] -- Installing: /home/leyla/Desktop/clase1/ejemplo1_ws/install/ucb_interface/share/ucb_interface/cmake/export_ucb_interface__rosidl_generator_cppExport.cmake
[2.962s] -- Installing: /home/leyla/Desktop/clase1/ejemplo1_ws/install/ucb_interface/share/ucb_interface/cmake/export_ucb_interface__rosidl_typesupport_fastrtps_cppExport.cmake
[2.962s] -- Installing: /home/leyla/Desktop/clase1/ejemplo1_ws/install/ucb_interface/share/ucb_interface/cmake/export_ucb_interface__rosidl_typesupport_fastrtps_cppExport-noconfig.cmake
[2.962s] -- Installing: /home/leyla/Desktop/clase1/ejemplo1_ws/install/ucb_interface/share/ucb_interface/cmake/ucb_interface__rosidl_typesupport_introspection_cExport.cmake
[2.962s] -- Installing: /home/leyla/Desktop/clase1/ejemplo1_ws/install/ucb_interface/share/ucb_interface/cmake/ucb_interface__rosidl_typesupport_introspection_cExport-noconfig.cmake
[2.962s] -- Installing: /home/leyla/Desktop/clase1/ejemplo1_ws/install/ucb_interface/share/ucb_interface/cmake/ucb_interface__rosidl_typesupport_cExport.cmake
[2.962s] -- Installing: /home/leyla/Desktop/clase1/ejemplo1_ws/install/ucb_interface/share/ucb_interface/cmake/ucb_interface__rosidl_typesupport_cExport-noconfig.cmake
[2.962s] -- Installing: /home/leyla/Desktop/clase1/ejemplo1_ws/install/ucb_interface/share/ucb_interface/cmake/ucb_interface__rosidl_typesupport_introspection_cppExport.cmake
[2.962s] -- Installing: /home/leyla/Desktop/clase1/ejemplo1_ws/install/ucb_interface/share/ucb_interface/cmake/ucb_interface__rosidl_typesupport_introspection_cppExport-noconfig.cmake
[2.962s] -- Installing: /home/leyla/Desktop/clase1/ejemplo1_ws/install/ucb_interface/share/ucb_interface/cmake/ucb_interface__rosidl_typesupport_cppExport.cmake
[2.963s] -- Installing: /home/leyla/Desktop/clase1/ejemplo1_ws/install/ucb_interface/share/ucb_interface/cmake/ucb_interface__rosidl_typesupport_cppExport-noconfig.cmake
[2.963s] -- Installing: /home/leyla/Desktop/clase1/ejemplo1_ws/install/ucb_interface/share/ucb_interface/cmake/export_ucb_interface__rosidl_generator_pyExport.cmake
[2.963s] -- Installing: /home/leyla/Desktop/clase1/ejemplo1_ws/install/ucb_interface/share/ucb_interface/cmake/export_ucb_interface__rosidl_generator_pyExport-noconfig.cmake
[2.963s] -- Installing: /home/leyla/Desktop/clase1/ejemplo1_ws/install/ucb_interface/share/ucb_interface/cmake/rosidl_cmake-extras.cmake
[2.963s] -- Installing: /home/leyla/Desktop/clase1/ejemplo1_ws/install/ucb_interface/share/ucb_interface/cmake/ament_cmake_export_dependencies-extras.cmake
[2.963s] -- Installing: /home/leyla/Desktop/clase1/ejemplo1_ws/install/ucb_interface/share/ucb_interface/cmake/ament_cmake_export_include_directories-extras.cmake
[2.963s] -- Installing: /home/leyla/Desktop/clase1/ejemplo1_ws/install/ucb_interface/share/ucb_interface/cmake/ament_cmake_export_libraries-extras.cmake
[2.963s] -- Installing: /home/leyla/Desktop/clase1/ejemplo1_ws/install/ucb_interface/share/ucb_interface/cmake/ament_cmake_export_targets-extras.cmake
[2.963s] -- Installing: /home/leyla/Desktop/clase1/ejemplo1_ws/install/ucb_interface/share/ucb_interface/cmake/rosidl_cmake_export_typesupport_targets-extras.cmake
[2.963s] -- Installing: /home/leyla/Desktop/clase1/ejemplo1_ws/install/ucb_interface/share/ucb_interface/cmake/rosidl_cmake_export_typesupport_libraries-extras.cmake
[2.963s] -- Installing: /home/leyla/Desktop/clase1/ejemplo1_ws/install/ucb_interface/share/ucb_interface/cmake/ucb_interfaceConfig.cmake
[2.963s] -- Installing: /home/leyla/Desktop/clase1/ejemplo1_ws/install/ucb_interface/share/ucb_interface/cmake/ucb_interfaceConfig-version.cmake
[2.964s] -- Installing: /home/leyla/Desktop/clase1/ejemplo1_ws/install/ucb_interface/share/ucb_interface/package.xml
[2.964s] Invoked command in '/home/leyla/Desktop/clase1/ejemplo1_ws/build/ucb_interface' returned '0': CMAKE_PREFIX_PATH=${CMAKE_PREFIX_PATH}:/home/leyla/Desktop/clase1/ejemplo1_ws/install/my_package_class:/home/leyla/Desktop/robotica_ws/install/my_package:/opt/ros/humble /usr/bin/cmake --install /home/leyla/Desktop/clase1/ejemplo1_ws/build/ucb_interface
