[0.188s] Invoking command in '/home/leyla/Desktop/clase1/ejemplo1_ws/build/ucb_interface': CMAKE_PREFIX_PATH=${CMAKE_PREFIX_PATH}:/home/leyla/Desktop/clase1/ejemplo1_ws/install/my_package_class:/home/leyla/Desktop/robotica_ws/install/my_package:/opt/ros/humble /usr/bin/cmake --build /home/leyla/Desktop/clase1/ejemplo1_ws/build/ucb_interface -- -j20 -l20
[0.245s] [  2%] Built target ucb_interface__cpp
[0.248s] [ 12%] Built target ucb_interface__rosidl_generator_c
[0.257s] [ 12%] Built target ament_cmake_python_copy_ucb_interface
[0.265s] [ 31%] Built target ucb_interface__rosidl_typesupport_cpp
[0.265s] [ 34%] Built target ucb_interface__rosidl_typesupport_introspection_cpp
[0.266s] [ 44%] Built target ucb_interface__rosidl_typesupport_fastrtps_cpp
[0.266s] [ 59%] Built target ucb_interface__rosidl_typesupport_fastrtps_c
[0.266s] [ 65%] Built target ucb_interface__rosidl_typesupport_c
[0.266s] [ 76%] Built target ucb_interface__rosidl_typesupport_introspection_c
[0.283s] [ 76%] Built target ucb_interface
[0.299s] [ 78%] Built target ucb_interface__py
[0.322s] [ 87%] Built target ucb_interface__rosidl_generator_py
[0.341s] [ 91%] Built target ucb_interface__rosidl_typesupport_fastrtps_c__pyext
[0.342s] [100%] Built target ucb_interface__rosidl_typesupport_introspection_c__pyext
[0.342s] [100%] Built target ucb_interface__rosidl_typesupport_c__pyext
[0.410s] running egg_info
[0.410s] writing ucb_interface.egg-info/PKG-INFO
[0.410s] writing dependency_links to ucb_interface.egg-info/dependency_links.txt
[0.410s] writing top-level names to ucb_interface.egg-info/top_level.txt
[0.412s] reading manifest file 'ucb_interface.egg-info/SOURCES.txt'
[0.412s] writing manifest file 'ucb_interface.egg-info/SOURCES.txt'
[0.433s] [100%] Built target ament_cmake_python_build_ucb_interface_egg
[0.443s] Invoked command in '/home/leyla/Desktop/clase1/ejemplo1_ws/build/ucb_interface' returned '0': CMAKE_PREFIX_PATH=${CMAKE_PREFIX_PATH}:/home/leyla/Desktop/clase1/ejemplo1_ws/install/my_package_class:/home/leyla/Desktop/robotica_ws/install/my_package:/opt/ros/humble /usr/bin/cmake --build /home/leyla/Desktop/clase1/ejemplo1_ws/build/ucb_interface -- -j20 -l20
[0.445s] Invoking command in '/home/leyla/Desktop/clase1/ejemplo1_ws/build/ucb_interface': CMAKE_PREFIX_PATH=${CMAKE_PREFIX_PATH}:/home/leyla/Desktop/clase1/ejemplo1_ws/install/my_package_class:/home/leyla/Desktop/robotica_ws/install/my_package:/opt/ros/humble /usr/bin/cmake --install /home/leyla/Desktop/clase1/ejemplo1_ws/build/ucb_interface
[0.452s] -- Install configuration: ""
[0.452s] -- Up-to-date: /home/leyla/Desktop/clase1/ejemplo1_ws/install/ucb_interface/share/ament_index/resource_index/rosidl_interfaces/ucb_interface
[0.452s] -- Up-to-date: /home/leyla/Desktop/clase1/ejemplo1_ws/install/ucb_interface/include/ucb_interface/ucb_interface
[0.453s] -- Up-to-date: /home/leyla/Desktop/clase1/ejemplo1_ws/install/ucb_interface/include/ucb_interface/ucb_interface/srv
[0.453s] -- Up-to-date: /home/leyla/Desktop/clase1/ejemplo1_ws/install/ucb_interface/include/ucb_interface/ucb_interface/srv/addtwonumbers.h
[0.453s] -- Up-to-date: /home/leyla/Desktop/clase1/ejemplo1_ws/install/ucb_interface/include/ucb_interface/ucb_interface/srv/detail
[0.453s] -- Up-to-date: /home/leyla/Desktop/clase1/ejemplo1_ws/install/ucb_interface/include/ucb_interface/ucb_interface/srv/detail/addtwonumbers__struct.h
[0.453s] -- Up-to-date: /home/leyla/Desktop/clase1/ejemplo1_ws/install/ucb_interface/include/ucb_interface/ucb_interface/srv/detail/addtwonumbers__functions.h
[0.453s] -- Up-to-date: /home/leyla/Desktop/clase1/ejemplo1_ws/install/ucb_interface/include/ucb_interface/ucb_interface/srv/detail/addtwonumbers__type_support.h
[0.453s] -- Up-to-date: /home/leyla/Desktop/clase1/ejemplo1_ws/install/ucb_interface/include/ucb_interface/ucb_interface/srv/detail/addtwonumbers__functions.c
[0.453s] -- Up-to-date: /home/leyla/Desktop/clase1/ejemplo1_ws/install/ucb_interface/include/ucb_interface/ucb_interface/msg
[0.453s] -- Up-to-date: /home/leyla/Desktop/clase1/ejemplo1_ws/install/ucb_interface/include/ucb_interface/ucb_interface/msg/rosidl_generator_c__visibility_control.h
[0.453s] -- Up-to-date: /home/leyla/Desktop/clase1/ejemplo1_ws/install/ucb_interface/include/ucb_interface/ucb_interface/msg/num.h
[0.454s] -- Up-to-date: /home/leyla/Desktop/clase1/ejemplo1_ws/install/ucb_interface/include/ucb_interface/ucb_interface/msg/sphere.h
[0.454s] -- Up-to-date: /home/leyla/Desktop/clase1/ejemplo1_ws/install/ucb_interface/include/ucb_interface/ucb_interface/msg/detail
[0.454s] -- Up-to-date: /home/leyla/Desktop/clase1/ejemplo1_ws/install/ucb_interface/include/ucb_interface/ucb_interface/msg/detail/num__struct.h
[0.454s] -- Up-to-date: /home/leyla/Desktop/clase1/ejemplo1_ws/install/ucb_interface/include/ucb_interface/ucb_interface/msg/detail/sphere__type_support.h
[0.454s] -- Up-to-date: /home/leyla/Desktop/clase1/ejemplo1_ws/install/ucb_interface/include/ucb_interface/ucb_interface/msg/detail/num__functions.c
[0.454s] -- Up-to-date: /home/leyla/Desktop/clase1/ejemplo1_ws/install/ucb_interface/include/ucb_interface/ucb_interface/msg/detail/num__type_support.h
[0.454s] -- Up-to-date: /home/leyla/Desktop/clase1/ejemplo1_ws/install/ucb_interface/include/ucb_interface/ucb_interface/msg/detail/sphere__struct.h
[0.455s] -- Up-to-date: /home/leyla/Desktop/clase1/ejemplo1_ws/install/ucb_interface/include/ucb_interface/ucb_interface/msg/detail/sphere__functions.h
[0.455s] -- Up-to-date: /home/leyla/Desktop/clase1/ejemplo1_ws/install/ucb_interface/include/ucb_interface/ucb_interface/msg/detail/num__functions.h
[0.455s] -- Up-to-date: /home/leyla/Desktop/clase1/ejemplo1_ws/install/ucb_interface/include/ucb_interface/ucb_interface/msg/detail/sphere__functions.c
[0.457s] -- Up-to-date: /home/leyla/Desktop/clase1/ejemplo1_ws/install/ucb_interface/share/ucb_interface/environment/library_path.sh
[0.457s] -- Up-to-date: /home/leyla/Desktop/clase1/ejemplo1_ws/install/ucb_interface/share/ucb_interface/environment/library_path.dsv
[0.457s] -- Up-to-date: /home/leyla/Desktop/clase1/ejemplo1_ws/install/ucb_interface/lib/libucb_interface__rosidl_generator_c.so
[0.457s] -- Up-to-date: /home/leyla/Desktop/clase1/ejemplo1_ws/install/ucb_interface/include/ucb_interface/ucb_interface
[0.457s] -- Up-to-date: /home/leyla/Desktop/clase1/ejemplo1_ws/install/ucb_interface/include/ucb_interface/ucb_interface/srv
[0.457s] -- Up-to-date: /home/leyla/Desktop/clase1/ejemplo1_ws/install/ucb_interface/include/ucb_interface/ucb_interface/srv/detail
[0.457s] -- Up-to-date: /home/leyla/Desktop/clase1/ejemplo1_ws/install/ucb_interface/include/ucb_interface/ucb_interface/srv/detail/addtwonumbers__rosidl_typesupport_fastrtps_c.h
[0.457s] -- Up-to-date: /home/leyla/Desktop/clase1/ejemplo1_ws/install/ucb_interface/include/ucb_interface/ucb_interface/msg
[0.457s] -- Up-to-date: /home/leyla/Desktop/clase1/ejemplo1_ws/install/ucb_interface/include/ucb_interface/ucb_interface/msg/rosidl_typesupport_fastrtps_c__visibility_control.h
[0.457s] -- Up-to-date: /home/leyla/Desktop/clase1/ejemplo1_ws/install/ucb_interface/include/ucb_interface/ucb_interface/msg/detail
[0.457s] -- Up-to-date: /home/leyla/Desktop/clase1/ejemplo1_ws/install/ucb_interface/include/ucb_interface/ucb_interface/msg/detail/num__rosidl_typesupport_fastrtps_c.h
[0.457s] -- Up-to-date: /home/leyla/Desktop/clase1/ejemplo1_ws/install/ucb_interface/include/ucb_interface/ucb_interface/msg/detail/sphere__rosidl_typesupport_fastrtps_c.h
[0.457s] -- Up-to-date: /home/leyla/Desktop/clase1/ejemplo1_ws/install/ucb_interface/lib/libucb_interface__rosidl_typesupport_fastrtps_c.so
[0.457s] -- Up-to-date: /home/leyla/Desktop/clase1/ejemplo1_ws/install/ucb_interface/include/ucb_interface/ucb_interface
[0.457s] -- Up-to-date: /home/leyla/Desktop/clase1/ejemplo1_ws/install/ucb_interface/include/ucb_interface/ucb_interface/srv
[0.457s] -- Up-to-date: /home/leyla/Desktop/clase1/ejemplo1_ws/install/ucb_interface/include/ucb_interface/ucb_interface/srv/addtwonumbers.hpp
[0.457s] -- Up-to-date: /home/leyla/Desktop/clase1/ejemplo1_ws/install/ucb_interface/include/ucb_interface/ucb_interface/srv/detail
[0.458s] -- Up-to-date: /home/leyla/Desktop/clase1/ejemplo1_ws/install/ucb_interface/include/ucb_interface/ucb_interface/srv/detail/addtwonumbers__builder.hpp
[0.458s] -- Up-to-date: /home/leyla/Desktop/clase1/ejemplo1_ws/install/ucb_interface/include/ucb_interface/ucb_interface/srv/detail/addtwonumbers__type_support.hpp
[0.458s] -- Up-to-date: /home/leyla/Desktop/clase1/ejemplo1_ws/install/ucb_interface/include/ucb_interface/ucb_interface/srv/detail/addtwonumbers__struct.hpp
[0.458s] -- Up-to-date: /home/leyla/Desktop/clase1/ejemplo1_ws/install/ucb_interface/include/ucb_interface/ucb_interface/srv/detail/addtwonumbers__traits.hpp
[0.458s] -- Up-to-date: /home/leyla/Desktop/clase1/ejemplo1_ws/install/ucb_interface/include/ucb_interface/ucb_interface/msg
[0.458s] -- Up-to-date: /home/leyla/Desktop/clase1/ejemplo1_ws/install/ucb_interface/include/ucb_interface/ucb_interface/msg/sphere.hpp
[0.458s] -- Up-to-date: /home/leyla/Desktop/clase1/ejemplo1_ws/install/ucb_interface/include/ucb_interface/ucb_interface/msg/rosidl_generator_cpp__visibility_control.hpp
[0.458s] -- Up-to-date: /home/leyla/Desktop/clase1/ejemplo1_ws/install/ucb_interface/include/ucb_interface/ucb_interface/msg/num.hpp
[0.458s] -- Up-to-date: /home/leyla/Desktop/clase1/ejemplo1_ws/install/ucb_interface/include/ucb_interface/ucb_interface/msg/detail
[0.458s] -- Up-to-date: /home/leyla/Desktop/clase1/ejemplo1_ws/install/ucb_interface/include/ucb_interface/ucb_interface/msg/detail/num__struct.hpp
[0.458s] -- Up-to-date: /home/leyla/Desktop/clase1/ejemplo1_ws/install/ucb_interface/include/ucb_interface/ucb_interface/msg/detail/sphere__struct.hpp
[0.458s] -- Up-to-date: /home/leyla/Desktop/clase1/ejemplo1_ws/install/ucb_interface/include/ucb_interface/ucb_interface/msg/detail/num__traits.hpp
[0.458s] -- Up-to-date: /home/leyla/Desktop/clase1/ejemplo1_ws/install/ucb_interface/include/ucb_interface/ucb_interface/msg/detail/sphere__builder.hpp
[0.458s] -- Up-to-date: /home/leyla/Desktop/clase1/ejemplo1_ws/install/ucb_interface/include/ucb_interface/ucb_interface/msg/detail/num__type_support.hpp
[0.458s] -- Up-to-date: /home/leyla/Desktop/clase1/ejemplo1_ws/install/ucb_interface/include/ucb_interface/ucb_interface/msg/detail/sphere__traits.hpp
[0.458s] -- Up-to-date: /home/leyla/Desktop/clase1/ejemplo1_ws/install/ucb_interface/include/ucb_interface/ucb_interface/msg/detail/num__builder.hpp
[0.458s] -- Up-to-date: /home/leyla/Desktop/clase1/ejemplo1_ws/install/ucb_interface/include/ucb_interface/ucb_interface/msg/detail/sphere__type_support.hpp
[0.458s] -- Up-to-date: /home/leyla/Desktop/clase1/ejemplo1_ws/install/ucb_interface/include/ucb_interface/ucb_interface
[0.458s] -- Up-to-date: /home/leyla/Desktop/clase1/ejemplo1_ws/install/ucb_interface/include/ucb_interface/ucb_interface/srv
[0.458s] -- Up-to-date: /home/leyla/Desktop/clase1/ejemplo1_ws/install/ucb_interface/include/ucb_interface/ucb_interface/srv/detail
[0.458s] -- Up-to-date: /home/leyla/Desktop/clase1/ejemplo1_ws/install/ucb_interface/include/ucb_interface/ucb_interface/srv/detail/dds_fastrtps
[0.458s] -- Up-to-date: /home/leyla/Desktop/clase1/ejemplo1_ws/install/ucb_interface/include/ucb_interface/ucb_interface/srv/detail/addtwonumbers__rosidl_typesupport_fastrtps_cpp.hpp
[0.458s] -- Up-to-date: /home/leyla/Desktop/clase1/ejemplo1_ws/install/ucb_interface/include/ucb_interface/ucb_interface/msg
[0.458s] -- Up-to-date: /home/leyla/Desktop/clase1/ejemplo1_ws/install/ucb_interface/include/ucb_interface/ucb_interface/msg/rosidl_typesupport_fastrtps_cpp__visibility_control.h
[0.459s] -- Up-to-date: /home/leyla/Desktop/clase1/ejemplo1_ws/install/ucb_interface/include/ucb_interface/ucb_interface/msg/detail
[0.459s] -- Up-to-date: /home/leyla/Desktop/clase1/ejemplo1_ws/install/ucb_interface/include/ucb_interface/ucb_interface/msg/detail/num__rosidl_typesupport_fastrtps_cpp.hpp
[0.459s] -- Up-to-date: /home/leyla/Desktop/clase1/ejemplo1_ws/install/ucb_interface/include/ucb_interface/ucb_interface/msg/detail/dds_fastrtps
[0.459s] -- Up-to-date: /home/leyla/Desktop/clase1/ejemplo1_ws/install/ucb_interface/include/ucb_interface/ucb_interface/msg/detail/sphere__rosidl_typesupport_fastrtps_cpp.hpp
[0.459s] -- Up-to-date: /home/leyla/Desktop/clase1/ejemplo1_ws/install/ucb_interface/lib/libucb_interface__rosidl_typesupport_fastrtps_cpp.so
[0.459s] -- Up-to-date: /home/leyla/Desktop/clase1/ejemplo1_ws/install/ucb_interface/include/ucb_interface/ucb_interface
[0.459s] -- Up-to-date: /home/leyla/Desktop/clase1/ejemplo1_ws/install/ucb_interface/include/ucb_interface/ucb_interface/srv
[0.459s] -- Up-to-date: /home/leyla/Desktop/clase1/ejemplo1_ws/install/ucb_interface/include/ucb_interface/ucb_interface/srv/detail
[0.459s] -- Up-to-date: /home/leyla/Desktop/clase1/ejemplo1_ws/install/ucb_interface/include/ucb_interface/ucb_interface/srv/detail/addtwonumbers__type_support.c
[0.459s] -- Up-to-date: /home/leyla/Desktop/clase1/ejemplo1_ws/install/ucb_interface/include/ucb_interface/ucb_interface/srv/detail/addtwonumbers__rosidl_typesupport_introspection_c.h
[0.459s] -- Up-to-date: /home/leyla/Desktop/clase1/ejemplo1_ws/install/ucb_interface/include/ucb_interface/ucb_interface/msg
[0.459s] -- Up-to-date: /home/leyla/Desktop/clase1/ejemplo1_ws/install/ucb_interface/include/ucb_interface/ucb_interface/msg/rosidl_typesupport_introspection_c__visibility_control.h
[0.459s] -- Up-to-date: /home/leyla/Desktop/clase1/ejemplo1_ws/install/ucb_interface/include/ucb_interface/ucb_interface/msg/detail
[0.459s] -- Up-to-date: /home/leyla/Desktop/clase1/ejemplo1_ws/install/ucb_interface/include/ucb_interface/ucb_interface/msg/detail/num__rosidl_typesupport_introspection_c.h
[0.459s] -- Up-to-date: /home/leyla/Desktop/clase1/ejemplo1_ws/install/ucb_interface/include/ucb_interface/ucb_interface/msg/detail/num__type_support.c
[0.459s] -- Up-to-date: /home/leyla/Desktop/clase1/ejemplo1_ws/install/ucb_interface/include/ucb_interface/ucb_interface/msg/detail/sphere__type_support.c
[0.460s] -- Up-to-date: /home/leyla/Desktop/clase1/ejemplo1_ws/install/ucb_interface/include/ucb_interface/ucb_interface/msg/detail/sphere__rosidl_typesupport_introspection_c.h
[0.460s] -- Up-to-date: /home/leyla/Desktop/clase1/ejemplo1_ws/install/ucb_interface/lib/libucb_interface__rosidl_typesupport_introspection_c.so
[0.460s] -- Up-to-date: /home/leyla/Desktop/clase1/ejemplo1_ws/install/ucb_interface/lib/libucb_interface__rosidl_typesupport_c.so
[0.460s] -- Up-to-date: /home/leyla/Desktop/clase1/ejemplo1_ws/install/ucb_interface/include/ucb_interface/ucb_interface
[0.460s] -- Up-to-date: /home/leyla/Desktop/clase1/ejemplo1_ws/install/ucb_interface/include/ucb_interface/ucb_interface/srv
[0.460s] -- Up-to-date: /home/leyla/Desktop/clase1/ejemplo1_ws/install/ucb_interface/include/ucb_interface/ucb_interface/srv/detail
[0.460s] -- Up-to-date: /home/leyla/Desktop/clase1/ejemplo1_ws/install/ucb_interface/include/ucb_interface/ucb_interface/srv/detail/addtwonumbers__type_support.cpp
[0.460s] -- Up-to-date: /home/leyla/Desktop/clase1/ejemplo1_ws/install/ucb_interface/include/ucb_interface/ucb_interface/srv/detail/addtwonumbers__rosidl_typesupport_introspection_cpp.hpp
[0.460s] -- Up-to-date: /home/leyla/Desktop/clase1/ejemplo1_ws/install/ucb_interface/include/ucb_interface/ucb_interface/msg
[0.460s] -- Up-to-date: /home/leyla/Desktop/clase1/ejemplo1_ws/install/ucb_interface/include/ucb_interface/ucb_interface/msg/detail
[0.460s] -- Up-to-date: /home/leyla/Desktop/clase1/ejemplo1_ws/install/ucb_interface/include/ucb_interface/ucb_interface/msg/detail/num__rosidl_typesupport_introspection_cpp.hpp
[0.460s] -- Up-to-date: /home/leyla/Desktop/clase1/ejemplo1_ws/install/ucb_interface/include/ucb_interface/ucb_interface/msg/detail/num__type_support.cpp
[0.460s] -- Up-to-date: /home/leyla/Desktop/clase1/ejemplo1_ws/install/ucb_interface/include/ucb_interface/ucb_interface/msg/detail/sphere__type_support.cpp
[0.460s] -- Up-to-date: /home/leyla/Desktop/clase1/ejemplo1_ws/install/ucb_interface/include/ucb_interface/ucb_interface/msg/detail/sphere__rosidl_typesupport_introspection_cpp.hpp
[0.460s] -- Up-to-date: /home/leyla/Desktop/clase1/ejemplo1_ws/install/ucb_interface/lib/libucb_interface__rosidl_typesupport_introspection_cpp.so
[0.460s] -- Up-to-date: /home/leyla/Desktop/clase1/ejemplo1_ws/install/ucb_interface/lib/libucb_interface__rosidl_typesupport_cpp.so
[0.460s] -- Up-to-date: /home/leyla/Desktop/clase1/ejemplo1_ws/install/ucb_interface/share/ucb_interface/environment/pythonpath.sh
[0.460s] -- Up-to-date: /home/leyla/Desktop/clase1/ejemplo1_ws/install/ucb_interface/share/ucb_interface/environment/pythonpath.dsv
[0.460s] -- Up-to-date: /home/leyla/Desktop/clase1/ejemplo1_ws/install/ucb_interface/local/lib/python3.10/dist-packages/ucb_interface-0.0.0-py3.10.egg-info
[0.460s] -- Installing: /home/leyla/Desktop/clase1/ejemplo1_ws/install/ucb_interface/local/lib/python3.10/dist-packages/ucb_interface-0.0.0-py3.10.egg-info/dependency_links.txt
[0.460s] -- Installing: /home/leyla/Desktop/clase1/ejemplo1_ws/install/ucb_interface/local/lib/python3.10/dist-packages/ucb_interface-0.0.0-py3.10.egg-info/PKG-INFO
[0.460s] -- Installing: /home/leyla/Desktop/clase1/ejemplo1_ws/install/ucb_interface/local/lib/python3.10/dist-packages/ucb_interface-0.0.0-py3.10.egg-info/SOURCES.txt
[0.460s] -- Installing: /home/leyla/Desktop/clase1/ejemplo1_ws/install/ucb_interface/local/lib/python3.10/dist-packages/ucb_interface-0.0.0-py3.10.egg-info/top_level.txt
[0.460s] -- Up-to-date: /home/leyla/Desktop/clase1/ejemplo1_ws/install/ucb_interface/local/lib/python3.10/dist-packages/ucb_interface
[0.460s] -- Up-to-date: /home/leyla/Desktop/clase1/ejemplo1_ws/install/ucb_interface/local/lib/python3.10/dist-packages/ucb_interface/libucb_interface__rosidl_generator_py.so
[0.460s] -- Up-to-date: /home/leyla/Desktop/clase1/ejemplo1_ws/install/ucb_interface/local/lib/python3.10/dist-packages/ucb_interface/ucb_interface_s__rosidl_typesupport_introspection_c.cpython-310-x86_64-linux-gnu.so
[0.460s] -- Up-to-date: /home/leyla/Desktop/clase1/ejemplo1_ws/install/ucb_interface/local/lib/python3.10/dist-packages/ucb_interface/__init__.py
[0.460s] -- Up-to-date: /home/leyla/Desktop/clase1/ejemplo1_ws/install/ucb_interface/local/lib/python3.10/dist-packages/ucb_interface/_ucb_interface_s.ep.rosidl_typesupport_c.c
[0.460s] -- Up-to-date: /home/leyla/Desktop/clase1/ejemplo1_ws/install/ucb_interface/local/lib/python3.10/dist-packages/ucb_interface/_ucb_interface_s.ep.rosidl_typesupport_introspection_c.c
[0.461s] -- Up-to-date: /home/leyla/Desktop/clase1/ejemplo1_ws/install/ucb_interface/local/lib/python3.10/dist-packages/ucb_interface/ucb_interface_s__rosidl_typesupport_c.cpython-310-x86_64-linux-gnu.so
[0.461s] -- Up-to-date: /home/leyla/Desktop/clase1/ejemplo1_ws/install/ucb_interface/local/lib/python3.10/dist-packages/ucb_interface/srv
[0.461s] -- Up-to-date: /home/leyla/Desktop/clase1/ejemplo1_ws/install/ucb_interface/local/lib/python3.10/dist-packages/ucb_interface/srv/_addtwonumbers_s.c
[0.461s] -- Up-to-date: /home/leyla/Desktop/clase1/ejemplo1_ws/install/ucb_interface/local/lib/python3.10/dist-packages/ucb_interface/srv/__init__.py
[0.461s] -- Up-to-date: /home/leyla/Desktop/clase1/ejemplo1_ws/install/ucb_interface/local/lib/python3.10/dist-packages/ucb_interface/srv/_addtwonumbers.py
[0.461s] -- Up-to-date: /home/leyla/Desktop/clase1/ejemplo1_ws/install/ucb_interface/local/lib/python3.10/dist-packages/ucb_interface/_ucb_interface_s.ep.rosidl_typesupport_fastrtps_c.c
[0.461s] -- Up-to-date: /home/leyla/Desktop/clase1/ejemplo1_ws/install/ucb_interface/local/lib/python3.10/dist-packages/ucb_interface/msg
[0.461s] -- Up-to-date: /home/leyla/Desktop/clase1/ejemplo1_ws/install/ucb_interface/local/lib/python3.10/dist-packages/ucb_interface/msg/__init__.py
[0.461s] -- Up-to-date: /home/leyla/Desktop/clase1/ejemplo1_ws/install/ucb_interface/local/lib/python3.10/dist-packages/ucb_interface/msg/_sphere_s.c
[0.461s] -- Up-to-date: /home/leyla/Desktop/clase1/ejemplo1_ws/install/ucb_interface/local/lib/python3.10/dist-packages/ucb_interface/msg/_num_s.c
[0.461s] -- Up-to-date: /home/leyla/Desktop/clase1/ejemplo1_ws/install/ucb_interface/local/lib/python3.10/dist-packages/ucb_interface/msg/_num.py
[0.461s] -- Up-to-date: /home/leyla/Desktop/clase1/ejemplo1_ws/install/ucb_interface/local/lib/python3.10/dist-packages/ucb_interface/msg/_sphere.py
[0.461s] -- Up-to-date: /home/leyla/Desktop/clase1/ejemplo1_ws/install/ucb_interface/local/lib/python3.10/dist-packages/ucb_interface/ucb_interface_s__rosidl_typesupport_fastrtps_c.cpython-310-x86_64-linux-gnu.so
[0.486s] Listing '/home/leyla/Desktop/clase1/ejemplo1_ws/install/ucb_interface/local/lib/python3.10/dist-packages/ucb_interface'...
[0.486s] Listing '/home/leyla/Desktop/clase1/ejemplo1_ws/install/ucb_interface/local/lib/python3.10/dist-packages/ucb_interface/msg'...
[0.486s] Listing '/home/leyla/Desktop/clase1/ejemplo1_ws/install/ucb_interface/local/lib/python3.10/dist-packages/ucb_interface/srv'...
[0.490s] -- Up-to-date: /home/leyla/Desktop/clase1/ejemplo1_ws/install/ucb_interface/local/lib/python3.10/dist-packages/ucb_interface/ucb_interface_s__rosidl_typesupport_fastrtps_c.cpython-310-x86_64-linux-gnu.so
[0.490s] -- Up-to-date: /home/leyla/Desktop/clase1/ejemplo1_ws/install/ucb_interface/local/lib/python3.10/dist-packages/ucb_interface/ucb_interface_s__rosidl_typesupport_introspection_c.cpython-310-x86_64-linux-gnu.so
[0.491s] -- Up-to-date: /home/leyla/Desktop/clase1/ejemplo1_ws/install/ucb_interface/local/lib/python3.10/dist-packages/ucb_interface/ucb_interface_s__rosidl_typesupport_c.cpython-310-x86_64-linux-gnu.so
[0.491s] -- Up-to-date: /home/leyla/Desktop/clase1/ejemplo1_ws/install/ucb_interface/lib/libucb_interface__rosidl_generator_py.so
[0.491s] -- Up-to-date: /home/leyla/Desktop/clase1/ejemplo1_ws/install/ucb_interface/share/ucb_interface/msg/Num.idl
[0.491s] -- Up-to-date: /home/leyla/Desktop/clase1/ejemplo1_ws/install/ucb_interface/share/ucb_interface/msg/Sphere.idl
[0.491s] -- Up-to-date: /home/leyla/Desktop/clase1/ejemplo1_ws/install/ucb_interface/share/ucb_interface/srv/Addtwonumbers.idl
[0.491s] -- Up-to-date: /home/leyla/Desktop/clase1/ejemplo1_ws/install/ucb_interface/share/ucb_interface/msg/Num.msg
[0.491s] -- Up-to-date: /home/leyla/Desktop/clase1/ejemplo1_ws/install/ucb_interface/share/ucb_interface/msg/Sphere.msg
[0.491s] -- Up-to-date: /home/leyla/Desktop/clase1/ejemplo1_ws/install/ucb_interface/share/ucb_interface/srv/Addtwonumbers.srv
[0.492s] -- Up-to-date: /home/leyla/Desktop/clase1/ejemplo1_ws/install/ucb_interface/share/ucb_interface/srv/Addtwonumbers_Request.msg
[0.492s] -- Up-to-date: /home/leyla/Desktop/clase1/ejemplo1_ws/install/ucb_interface/share/ucb_interface/srv/Addtwonumbers_Response.msg
[0.492s] -- Up-to-date: /home/leyla/Desktop/clase1/ejemplo1_ws/install/ucb_interface/share/ament_index/resource_index/package_run_dependencies/ucb_interface
[0.492s] -- Up-to-date: /home/leyla/Desktop/clase1/ejemplo1_ws/install/ucb_interface/share/ament_index/resource_index/parent_prefix_path/ucb_interface
[0.492s] -- Up-to-date: /home/leyla/Desktop/clase1/ejemplo1_ws/install/ucb_interface/share/ucb_interface/environment/ament_prefix_path.sh
[0.492s] -- Up-to-date: /home/leyla/Desktop/clase1/ejemplo1_ws/install/ucb_interface/share/ucb_interface/environment/ament_prefix_path.dsv
[0.492s] -- Up-to-date: /home/leyla/Desktop/clase1/ejemplo1_ws/install/ucb_interface/share/ucb_interface/environment/path.sh
[0.492s] -- Up-to-date: /home/leyla/Desktop/clase1/ejemplo1_ws/install/ucb_interface/share/ucb_interface/environment/path.dsv
[0.492s] -- Up-to-date: /home/leyla/Desktop/clase1/ejemplo1_ws/install/ucb_interface/share/ucb_interface/local_setup.bash
[0.492s] -- Up-to-date: /home/leyla/Desktop/clase1/ejemplo1_ws/install/ucb_interface/share/ucb_interface/local_setup.sh
[0.492s] -- Up-to-date: /home/leyla/Desktop/clase1/ejemplo1_ws/install/ucb_interface/share/ucb_interface/local_setup.zsh
[0.492s] -- Up-to-date: /home/leyla/Desktop/clase1/ejemplo1_ws/install/ucb_interface/share/ucb_interface/local_setup.dsv
[0.492s] -- Up-to-date: /home/leyla/Desktop/clase1/ejemplo1_ws/install/ucb_interface/share/ucb_interface/package.dsv
[0.492s] -- Up-to-date: /home/leyla/Desktop/clase1/ejemplo1_ws/install/ucb_interface/share/ament_index/resource_index/packages/ucb_interface
[0.492s] -- Up-to-date: /home/leyla/Desktop/clase1/ejemplo1_ws/install/ucb_interface/share/ucb_interface/cmake/export_ucb_interface__rosidl_generator_cExport.cmake
[0.492s] -- Up-to-date: /home/leyla/Desktop/clase1/ejemplo1_ws/install/ucb_interface/share/ucb_interface/cmake/export_ucb_interface__rosidl_generator_cExport-noconfig.cmake
[0.493s] -- Up-to-date: /home/leyla/Desktop/clase1/ejemplo1_ws/install/ucb_interface/share/ucb_interface/cmake/export_ucb_interface__rosidl_typesupport_fastrtps_cExport.cmake
[0.493s] -- Up-to-date: /home/leyla/Desktop/clase1/ejemplo1_ws/install/ucb_interface/share/ucb_interface/cmake/export_ucb_interface__rosidl_typesupport_fastrtps_cExport-noconfig.cmake
[0.493s] -- Up-to-date: /home/leyla/Desktop/clase1/ejemplo1_ws/install/ucb_interface/share/ucb_interface/cmake/export_ucb_interface__rosidl_generator_cppExport.cmake
[0.493s] -- Up-to-date: /home/leyla/Desktop/clase1/ejemplo1_ws/install/ucb_interface/share/ucb_interface/cmake/export_ucb_interface__rosidl_typesupport_fastrtps_cppExport.cmake
[0.493s] -- Up-to-date: /home/leyla/Desktop/clase1/ejemplo1_ws/install/ucb_interface/share/ucb_interface/cmake/export_ucb_interface__rosidl_typesupport_fastrtps_cppExport-noconfig.cmake
[0.493s] -- Up-to-date: /home/leyla/Desktop/clase1/ejemplo1_ws/install/ucb_interface/share/ucb_interface/cmake/ucb_interface__rosidl_typesupport_introspection_cExport.cmake
[0.493s] -- Up-to-date: /home/leyla/Desktop/clase1/ejemplo1_ws/install/ucb_interface/share/ucb_interface/cmake/ucb_interface__rosidl_typesupport_introspection_cExport-noconfig.cmake
[0.493s] -- Up-to-date: /home/leyla/Desktop/clase1/ejemplo1_ws/install/ucb_interface/share/ucb_interface/cmake/ucb_interface__rosidl_typesupport_cExport.cmake
[0.493s] -- Up-to-date: /home/leyla/Desktop/clase1/ejemplo1_ws/install/ucb_interface/share/ucb_interface/cmake/ucb_interface__rosidl_typesupport_cExport-noconfig.cmake
[0.494s] -- Up-to-date: /home/leyla/Desktop/clase1/ejemplo1_ws/install/ucb_interface/share/ucb_interface/cmake/ucb_interface__rosidl_typesupport_introspection_cppExport.cmake
[0.494s] -- Up-to-date: /home/leyla/Desktop/clase1/ejemplo1_ws/install/ucb_interface/share/ucb_interface/cmake/ucb_interface__rosidl_typesupport_introspection_cppExport-noconfig.cmake
[0.494s] -- Up-to-date: /home/leyla/Desktop/clase1/ejemplo1_ws/install/ucb_interface/share/ucb_interface/cmake/ucb_interface__rosidl_typesupport_cppExport.cmake
[0.494s] -- Up-to-date: /home/leyla/Desktop/clase1/ejemplo1_ws/install/ucb_interface/share/ucb_interface/cmake/ucb_interface__rosidl_typesupport_cppExport-noconfig.cmake
[0.494s] -- Up-to-date: /home/leyla/Desktop/clase1/ejemplo1_ws/install/ucb_interface/share/ucb_interface/cmake/export_ucb_interface__rosidl_generator_pyExport.cmake
[0.494s] -- Up-to-date: /home/leyla/Desktop/clase1/ejemplo1_ws/install/ucb_interface/share/ucb_interface/cmake/export_ucb_interface__rosidl_generator_pyExport-noconfig.cmake
[0.494s] -- Up-to-date: /home/leyla/Desktop/clase1/ejemplo1_ws/install/ucb_interface/share/ucb_interface/cmake/rosidl_cmake-extras.cmake
[0.494s] -- Up-to-date: /home/leyla/Desktop/clase1/ejemplo1_ws/install/ucb_interface/share/ucb_interface/cmake/ament_cmake_export_dependencies-extras.cmake
[0.494s] -- Up-to-date: /home/leyla/Desktop/clase1/ejemplo1_ws/install/ucb_interface/share/ucb_interface/cmake/ament_cmake_export_include_directories-extras.cmake
[0.494s] -- Up-to-date: /home/leyla/Desktop/clase1/ejemplo1_ws/install/ucb_interface/share/ucb_interface/cmake/ament_cmake_export_libraries-extras.cmake
[0.494s] -- Up-to-date: /home/leyla/Desktop/clase1/ejemplo1_ws/install/ucb_interface/share/ucb_interface/cmake/ament_cmake_export_targets-extras.cmake
[0.495s] -- Up-to-date: /home/leyla/Desktop/clase1/ejemplo1_ws/install/ucb_interface/share/ucb_interface/cmake/rosidl_cmake_export_typesupport_targets-extras.cmake
[0.495s] -- Up-to-date: /home/leyla/Desktop/clase1/ejemplo1_ws/install/ucb_interface/share/ucb_interface/cmake/rosidl_cmake_export_typesupport_libraries-extras.cmake
[0.495s] -- Up-to-date: /home/leyla/Desktop/clase1/ejemplo1_ws/install/ucb_interface/share/ucb_interface/cmake/ucb_interfaceConfig.cmake
[0.495s] -- Up-to-date: /home/leyla/Desktop/clase1/ejemplo1_ws/install/ucb_interface/share/ucb_interface/cmake/ucb_interfaceConfig-version.cmake
[0.495s] -- Up-to-date: /home/leyla/Desktop/clase1/ejemplo1_ws/install/ucb_interface/share/ucb_interface/package.xml
[0.497s] Invoked command in '/home/leyla/Desktop/clase1/ejemplo1_ws/build/ucb_interface' returned '0': CMAKE_PREFIX_PATH=${CMAKE_PREFIX_PATH}:/home/leyla/Desktop/clase1/ejemplo1_ws/install/my_package_class:/home/leyla/Desktop/robotica_ws/install/my_package:/opt/ros/humble /usr/bin/cmake --install /home/leyla/Desktop/clase1/ejemplo1_ws/build/ucb_interface
