[0.074s] DEBUG:colcon:Command line arguments: ['/usr/bin/colcon', 'build']
[0.074s] DEBUG:colcon:Parsed command line arguments: Namespace(log_base=None, log_level=None, verb_name='build', build_base='build', install_base='install', merge_install=False, symlink_install=False, test_result_base=None, continue_on_error=False, executor='parallel', parallel_workers=20, event_handlers=None, ignore_user_meta=False, metas=['./colcon.meta'], base_paths=['.'], packages_ignore=None, packages_ignore_regex=None, paths=None, packages_up_to=None, packages_up_to_regex=None, packages_above=None, packages_above_and_dependencies=None, packages_above_depth=None, packages_select_by_dep=None, packages_skip_by_dep=None, packages_skip_up_to=None, packages_select_build_failed=False, packages_skip_build_finished=False, packages_select_test_failures=False, packages_skip_test_passed=False, packages_select=None, packages_skip=None, packages_select_regex=None, packages_skip_regex=None, packages_start=None, packages_end=None, allow_overriding=[], cmake_args=None, cmake_target=None, cmake_target_skip_unavailable=False, cmake_clean_cache=False, cmake_clean_first=False, cmake_force_configure=False, ament_cmake_args=None, catkin_cmake_args=None, catkin_skip_building_tests=False, verb_parser=<colcon_defaults.argument_parser.defaults.DefaultArgumentsDecorator object at 0x717f28a1f3d0>, verb_extension=<colcon_core.verb.build.BuildVerb object at 0x717f28a1eef0>, main=<bound method BuildVerb.main of <colcon_core.verb.build.BuildVerb object at 0x717f28a1eef0>>)
[0.165s] Level 1:colcon.colcon_core.package_discovery:discover_packages(colcon_meta) check parameters
[0.165s] Level 1:colcon.colcon_core.package_discovery:discover_packages(recursive) check parameters
[0.165s] Level 1:colcon.colcon_core.package_discovery:discover_packages(ignore) check parameters
[0.165s] Level 1:colcon.colcon_core.package_discovery:discover_packages(path) check parameters
[0.165s] Level 1:colcon.colcon_core.package_discovery:discover_packages(colcon_meta) discover
[0.165s] Level 1:colcon.colcon_core.package_discovery:discover_packages(recursive) discover
[0.165s] INFO:colcon.colcon_core.package_discovery:Crawling recursively for packages in '/home/leyla/Desktop/clase1/ejemplo1_ws'
[0.165s] Level 1:colcon.colcon_core.package_identification:_identify(.) by extensions ['ignore', 'ignore_ament_install']
[0.165s] Level 1:colcon.colcon_core.package_identification:_identify(.) by extension 'ignore'
[0.166s] Level 1:colcon.colcon_core.package_identification:_identify(.) by extension 'ignore_ament_install'
[0.166s] Level 1:colcon.colcon_core.package_identification:_identify(.) by extensions ['colcon_pkg']
[0.166s] Level 1:colcon.colcon_core.package_identification:_identify(.) by extension 'colcon_pkg'
[0.166s] Level 1:colcon.colcon_core.package_identification:_identify(.) by extensions ['colcon_meta']
[0.166s] Level 1:colcon.colcon_core.package_identification:_identify(.) by extension 'colcon_meta'
[0.166s] Level 1:colcon.colcon_core.package_identification:_identify(.) by extensions ['ros']
[0.166s] Level 1:colcon.colcon_core.package_identification:_identify(.) by extension 'ros'
[0.173s] Level 1:colcon.colcon_core.package_identification:_identify(.) by extensions ['cmake', 'python']
[0.173s] Level 1:colcon.colcon_core.package_identification:_identify(.) by extension 'cmake'
[0.173s] Level 1:colcon.colcon_core.package_identification:_identify(.) by extension 'python'
[0.173s] Level 1:colcon.colcon_core.package_identification:_identify(.) by extensions ['python_setup_py']
[0.173s] Level 1:colcon.colcon_core.package_identification:_identify(.) by extension 'python_setup_py'
[0.173s] Level 1:colcon.colcon_core.package_identification:_identify(build) by extensions ['ignore', 'ignore_ament_install']
[0.173s] Level 1:colcon.colcon_core.package_identification:_identify(build) by extension 'ignore'
[0.173s] Level 1:colcon.colcon_core.package_identification:_identify(build) ignored
[0.173s] Level 1:colcon.colcon_core.package_identification:_identify(install) by extensions ['ignore', 'ignore_ament_install']
[0.173s] Level 1:colcon.colcon_core.package_identification:_identify(install) by extension 'ignore'
[0.174s] Level 1:colcon.colcon_core.package_identification:_identify(install) ignored
[0.174s] Level 1:colcon.colcon_core.package_identification:_identify(log) by extensions ['ignore', 'ignore_ament_install']
[0.174s] Level 1:colcon.colcon_core.package_identification:_identify(log) by extension 'ignore'
[0.174s] Level 1:colcon.colcon_core.package_identification:_identify(log) ignored
[0.174s] Level 1:colcon.colcon_core.package_identification:_identify(src) by extensions ['ignore', 'ignore_ament_install']
[0.174s] Level 1:colcon.colcon_core.package_identification:_identify(src) by extension 'ignore'
[0.174s] Level 1:colcon.colcon_core.package_identification:_identify(src) by extension 'ignore_ament_install'
[0.174s] Level 1:colcon.colcon_core.package_identification:_identify(src) by extensions ['colcon_pkg']
[0.174s] Level 1:colcon.colcon_core.package_identification:_identify(src) by extension 'colcon_pkg'
[0.174s] Level 1:colcon.colcon_core.package_identification:_identify(src) by extensions ['colcon_meta']
[0.174s] Level 1:colcon.colcon_core.package_identification:_identify(src) by extension 'colcon_meta'
[0.174s] Level 1:colcon.colcon_core.package_identification:_identify(src) by extensions ['ros']
[0.174s] Level 1:colcon.colcon_core.package_identification:_identify(src) by extension 'ros'
[0.174s] Level 1:colcon.colcon_core.package_identification:_identify(src) by extensions ['cmake', 'python']
[0.174s] Level 1:colcon.colcon_core.package_identification:_identify(src) by extension 'cmake'
[0.174s] Level 1:colcon.colcon_core.package_identification:_identify(src) by extension 'python'
[0.174s] Level 1:colcon.colcon_core.package_identification:_identify(src) by extensions ['python_setup_py']
[0.174s] Level 1:colcon.colcon_core.package_identification:_identify(src) by extension 'python_setup_py'
[0.174s] Level 1:colcon.colcon_core.package_identification:_identify(src/cpp_pubsub) by extensions ['ignore', 'ignore_ament_install']
[0.174s] Level 1:colcon.colcon_core.package_identification:_identify(src/cpp_pubsub) by extension 'ignore'
[0.174s] Level 1:colcon.colcon_core.package_identification:_identify(src/cpp_pubsub) by extension 'ignore_ament_install'
[0.174s] Level 1:colcon.colcon_core.package_identification:_identify(src/cpp_pubsub) by extensions ['colcon_pkg']
[0.174s] Level 1:colcon.colcon_core.package_identification:_identify(src/cpp_pubsub) by extension 'colcon_pkg'
[0.174s] Level 1:colcon.colcon_core.package_identification:_identify(src/cpp_pubsub) by extensions ['colcon_meta']
[0.174s] Level 1:colcon.colcon_core.package_identification:_identify(src/cpp_pubsub) by extension 'colcon_meta'
[0.174s] Level 1:colcon.colcon_core.package_identification:_identify(src/cpp_pubsub) by extensions ['ros']
[0.174s] Level 1:colcon.colcon_core.package_identification:_identify(src/cpp_pubsub) by extension 'ros'
[0.176s] DEBUG:colcon.colcon_core.package_identification:Package 'src/cpp_pubsub' with type 'ros.ament_cmake' and name 'cpp_pubsub'
[0.176s] Level 1:colcon.colcon_core.package_identification:_identify(src/my_package_class) by extensions ['ignore', 'ignore_ament_install']
[0.176s] Level 1:colcon.colcon_core.package_identification:_identify(src/my_package_class) by extension 'ignore'
[0.176s] Level 1:colcon.colcon_core.package_identification:_identify(src/my_package_class) by extension 'ignore_ament_install'
[0.176s] Level 1:colcon.colcon_core.package_identification:_identify(src/my_package_class) by extensions ['colcon_pkg']
[0.176s] Level 1:colcon.colcon_core.package_identification:_identify(src/my_package_class) by extension 'colcon_pkg'
[0.176s] Level 1:colcon.colcon_core.package_identification:_identify(src/my_package_class) by extensions ['colcon_meta']
[0.176s] Level 1:colcon.colcon_core.package_identification:_identify(src/my_package_class) by extension 'colcon_meta'
[0.176s] Level 1:colcon.colcon_core.package_identification:_identify(src/my_package_class) by extensions ['ros']
[0.176s] Level 1:colcon.colcon_core.package_identification:_identify(src/my_package_class) by extension 'ros'
[0.177s] DEBUG:colcon.colcon_core.package_identification:Package 'src/my_package_class' with type 'ros.ament_python' and name 'my_package_class'
[0.177s] Level 1:colcon.colcon_core.package_identification:_identify(src/ucb_interface) by extensions ['ignore', 'ignore_ament_install']
[0.177s] Level 1:colcon.colcon_core.package_identification:_identify(src/ucb_interface) by extension 'ignore'
[0.177s] Level 1:colcon.colcon_core.package_identification:_identify(src/ucb_interface) by extension 'ignore_ament_install'
[0.177s] Level 1:colcon.colcon_core.package_identification:_identify(src/ucb_interface) by extensions ['colcon_pkg']
[0.177s] Level 1:colcon.colcon_core.package_identification:_identify(src/ucb_interface) by extension 'colcon_pkg'
[0.177s] Level 1:colcon.colcon_core.package_identification:_identify(src/ucb_interface) by extensions ['colcon_meta']
[0.177s] Level 1:colcon.colcon_core.package_identification:_identify(src/ucb_interface) by extension 'colcon_meta'
[0.177s] Level 1:colcon.colcon_core.package_identification:_identify(src/ucb_interface) by extensions ['ros']
[0.177s] Level 1:colcon.colcon_core.package_identification:_identify(src/ucb_interface) by extension 'ros'
[0.177s] DEBUG:colcon.colcon_core.package_identification:Package 'src/ucb_interface' with type 'ros.ament_cmake' and name 'ucb_interface'
[0.177s] Level 1:colcon.colcon_core.package_discovery:discover_packages(recursive) using defaults
[0.177s] Level 1:colcon.colcon_core.package_discovery:discover_packages(ignore) discover
[0.177s] Level 1:colcon.colcon_core.package_discovery:discover_packages(ignore) using defaults
[0.177s] Level 1:colcon.colcon_core.package_discovery:discover_packages(path) discover
[0.177s] Level 1:colcon.colcon_core.package_discovery:discover_packages(path) using defaults
[0.190s] Level 1:colcon.colcon_core.package_discovery:discover_packages(prefix_path) check parameters
[0.190s] Level 1:colcon.colcon_core.package_discovery:discover_packages(prefix_path) discover
[0.191s] DEBUG:colcon.colcon_installed_package_information.package_discovery:Found 2 installed packages in /home/leyla/Desktop/robotica_ws/install
[0.192s] DEBUG:colcon.colcon_installed_package_information.package_discovery:Found 3 installed packages in /home/leyla/Desktop/clase1/ejemplo1_ws/install
[0.192s] DEBUG:colcon.colcon_installed_package_information.package_discovery:Found 271 installed packages in /opt/ros/humble
[0.193s] Level 1:colcon.colcon_core.package_discovery:discover_packages(prefix_path) using defaults
[0.225s] Level 5:colcon.colcon_core.verb:set package 'cpp_pubsub' build argument 'cmake_args' from command line to 'None'
[0.225s] Level 5:colcon.colcon_core.verb:set package 'cpp_pubsub' build argument 'cmake_target' from command line to 'None'
[0.225s] Level 5:colcon.colcon_core.verb:set package 'cpp_pubsub' build argument 'cmake_target_skip_unavailable' from command line to 'False'
[0.225s] Level 5:colcon.colcon_core.verb:set package 'cpp_pubsub' build argument 'cmake_clean_cache' from command line to 'False'
[0.225s] Level 5:colcon.colcon_core.verb:set package 'cpp_pubsub' build argument 'cmake_clean_first' from command line to 'False'
[0.225s] Level 5:colcon.colcon_core.verb:set package 'cpp_pubsub' build argument 'cmake_force_configure' from command line to 'False'
[0.225s] Level 5:colcon.colcon_core.verb:set package 'cpp_pubsub' build argument 'ament_cmake_args' from command line to 'None'
[0.225s] Level 5:colcon.colcon_core.verb:set package 'cpp_pubsub' build argument 'catkin_cmake_args' from command line to 'None'
[0.225s] Level 5:colcon.colcon_core.verb:set package 'cpp_pubsub' build argument 'catkin_skip_building_tests' from command line to 'False'
[0.225s] DEBUG:colcon.colcon_core.verb:Building package 'cpp_pubsub' with the following arguments: {'ament_cmake_args': None, 'build_base': '/home/leyla/Desktop/clase1/ejemplo1_ws/build/cpp_pubsub', 'catkin_cmake_args': None, 'catkin_skip_building_tests': False, 'cmake_args': None, 'cmake_clean_cache': False, 'cmake_clean_first': False, 'cmake_force_configure': False, 'cmake_target': None, 'cmake_target_skip_unavailable': False, 'install_base': '/home/leyla/Desktop/clase1/ejemplo1_ws/install/cpp_pubsub', 'merge_install': False, 'path': '/home/leyla/Desktop/clase1/ejemplo1_ws/src/cpp_pubsub', 'symlink_install': False, 'test_result_base': None}
[0.225s] Level 5:colcon.colcon_core.verb:set package 'my_package_class' build argument 'cmake_args' from command line to 'None'
[0.225s] Level 5:colcon.colcon_core.verb:set package 'my_package_class' build argument 'cmake_target' from command line to 'None'
[0.225s] Level 5:colcon.colcon_core.verb:set package 'my_package_class' build argument 'cmake_target_skip_unavailable' from command line to 'False'
[0.225s] Level 5:colcon.colcon_core.verb:set package 'my_package_class' build argument 'cmake_clean_cache' from command line to 'False'
[0.225s] Level 5:colcon.colcon_core.verb:set package 'my_package_class' build argument 'cmake_clean_first' from command line to 'False'
[0.226s] Level 5:colcon.colcon_core.verb:set package 'my_package_class' build argument 'cmake_force_configure' from command line to 'False'
[0.226s] Level 5:colcon.colcon_core.verb:set package 'my_package_class' build argument 'ament_cmake_args' from command line to 'None'
[0.226s] Level 5:colcon.colcon_core.verb:set package 'my_package_class' build argument 'catkin_cmake_args' from command line to 'None'
[0.226s] Level 5:colcon.colcon_core.verb:set package 'my_package_class' build argument 'catkin_skip_building_tests' from command line to 'False'
[0.226s] DEBUG:colcon.colcon_core.verb:Building package 'my_package_class' with the following arguments: {'ament_cmake_args': None, 'build_base': '/home/leyla/Desktop/clase1/ejemplo1_ws/build/my_package_class', 'catkin_cmake_args': None, 'catkin_skip_building_tests': False, 'cmake_args': None, 'cmake_clean_cache': False, 'cmake_clean_first': False, 'cmake_force_configure': False, 'cmake_target': None, 'cmake_target_skip_unavailable': False, 'install_base': '/home/leyla/Desktop/clase1/ejemplo1_ws/install/my_package_class', 'merge_install': False, 'path': '/home/leyla/Desktop/clase1/ejemplo1_ws/src/my_package_class', 'symlink_install': False, 'test_result_base': None}
[0.226s] Level 5:colcon.colcon_core.verb:set package 'ucb_interface' build argument 'cmake_args' from command line to 'None'
[0.226s] Level 5:colcon.colcon_core.verb:set package 'ucb_interface' build argument 'cmake_target' from command line to 'None'
[0.226s] Level 5:colcon.colcon_core.verb:set package 'ucb_interface' build argument 'cmake_target_skip_unavailable' from command line to 'False'
[0.226s] Level 5:colcon.colcon_core.verb:set package 'ucb_interface' build argument 'cmake_clean_cache' from command line to 'False'
[0.226s] Level 5:colcon.colcon_core.verb:set package 'ucb_interface' build argument 'cmake_clean_first' from command line to 'False'
[0.226s] Level 5:colcon.colcon_core.verb:set package 'ucb_interface' build argument 'cmake_force_configure' from command line to 'False'
[0.226s] Level 5:colcon.colcon_core.verb:set package 'ucb_interface' build argument 'ament_cmake_args' from command line to 'None'
[0.226s] Level 5:colcon.colcon_core.verb:set package 'ucb_interface' build argument 'catkin_cmake_args' from command line to 'None'
[0.226s] Level 5:colcon.colcon_core.verb:set package 'ucb_interface' build argument 'catkin_skip_building_tests' from command line to 'False'
[0.226s] DEBUG:colcon.colcon_core.verb:Building package 'ucb_interface' with the following arguments: {'ament_cmake_args': None, 'build_base': '/home/leyla/Desktop/clase1/ejemplo1_ws/build/ucb_interface', 'catkin_cmake_args': None, 'catkin_skip_building_tests': False, 'cmake_args': None, 'cmake_clean_cache': False, 'cmake_clean_first': False, 'cmake_force_configure': False, 'cmake_target': None, 'cmake_target_skip_unavailable': False, 'install_base': '/home/leyla/Desktop/clase1/ejemplo1_ws/install/ucb_interface', 'merge_install': False, 'path': '/home/leyla/Desktop/clase1/ejemplo1_ws/src/ucb_interface', 'symlink_install': False, 'test_result_base': None}
[0.226s] INFO:colcon.colcon_core.executor:Executing jobs using 'parallel' executor
[0.227s] DEBUG:colcon.colcon_parallel_executor.executor.parallel:run_until_complete
[0.228s] INFO:colcon.colcon_ros.task.ament_cmake.build:Building ROS package in '/home/leyla/Desktop/clase1/ejemplo1_ws/src/cpp_pubsub' with build type 'ament_cmake'
[0.228s] INFO:colcon.colcon_cmake.task.cmake.build:Building CMake package in '/home/leyla/Desktop/clase1/ejemplo1_ws/src/cpp_pubsub'
[0.230s] INFO:colcon.colcon_core.plugin_system:Skipping extension 'colcon_core.shell.bat': Not used on non-Windows systems
[0.230s] INFO:colcon.colcon_core.shell:Skip shell extension 'powershell' for command environment: Not usable outside of PowerShell
[0.230s] DEBUG:colcon.colcon_core.shell:Skip shell extension 'dsv' for command environment
[0.233s] INFO:colcon.colcon_ros.task.ament_python.build:Building ROS package in '/home/leyla/Desktop/clase1/ejemplo1_ws/src/my_package_class' with build type 'ament_python'
[0.234s] Level 1:colcon.colcon_core.shell:create_environment_hook('my_package_class', 'ament_prefix_path')
[0.234s] INFO:colcon.colcon_core.shell:Creating environment hook '/home/leyla/Desktop/clase1/ejemplo1_ws/install/my_package_class/share/my_package_class/hook/ament_prefix_path.ps1'
[0.234s] INFO:colcon.colcon_core.shell:Creating environment descriptor '/home/leyla/Desktop/clase1/ejemplo1_ws/install/my_package_class/share/my_package_class/hook/ament_prefix_path.dsv'
[0.235s] INFO:colcon.colcon_core.shell:Creating environment hook '/home/leyla/Desktop/clase1/ejemplo1_ws/install/my_package_class/share/my_package_class/hook/ament_prefix_path.sh'
[0.236s] INFO:colcon.colcon_core.shell:Skip shell extension 'powershell' for command environment: Not usable outside of PowerShell
[0.236s] DEBUG:colcon.colcon_core.shell:Skip shell extension 'dsv' for command environment
[0.239s] INFO:colcon.colcon_ros.task.ament_cmake.build:Building ROS package in '/home/leyla/Desktop/clase1/ejemplo1_ws/src/ucb_interface' with build type 'ament_cmake'
[0.239s] INFO:colcon.colcon_cmake.task.cmake.build:Building CMake package in '/home/leyla/Desktop/clase1/ejemplo1_ws/src/ucb_interface'
[0.239s] INFO:colcon.colcon_core.shell:Skip shell extension 'powershell' for command environment: Not usable outside of PowerShell
[0.239s] DEBUG:colcon.colcon_core.shell:Skip shell extension 'dsv' for command environment
[0.247s] DEBUG:colcon.colcon_core.event_handler.log_command:Invoking command in '/home/leyla/Desktop/clase1/ejemplo1_ws/build/cpp_pubsub': CMAKE_PREFIX_PATH=${CMAKE_PREFIX_PATH}:/home/leyla/Desktop/clase1/ejemplo1_ws/install/my_package_class:/home/leyla/Desktop/robotica_ws/install/my_package:/opt/ros/humble /usr/bin/cmake --build /home/leyla/Desktop/clase1/ejemplo1_ws/build/cpp_pubsub -- -j20 -l20
[0.416s] INFO:colcon.colcon_core.task.python.build:Building Python package in '/home/leyla/Desktop/clase1/ejemplo1_ws/src/my_package_class'
[0.417s] INFO:colcon.colcon_core.shell:Skip shell extension 'powershell' for command environment: Not usable outside of PowerShell
[0.417s] DEBUG:colcon.colcon_core.shell:Skip shell extension 'dsv' for command environment
[0.429s] DEBUG:colcon.colcon_core.event_handler.log_command:Invoking command in '/home/leyla/Desktop/clase1/ejemplo1_ws/build/ucb_interface': CMAKE_PREFIX_PATH=${CMAKE_PREFIX_PATH}:/home/leyla/Desktop/clase1/ejemplo1_ws/install/my_package_class:/home/leyla/Desktop/robotica_ws/install/my_package:/opt/ros/humble /usr/bin/cmake --build /home/leyla/Desktop/clase1/ejemplo1_ws/build/ucb_interface -- -j20 -l20
[0.429s] DEBUG:colcon.colcon_core.event_handler.log_command:Invoked command in '/home/leyla/Desktop/clase1/ejemplo1_ws/build/cpp_pubsub' returned '0': CMAKE_PREFIX_PATH=${CMAKE_PREFIX_PATH}:/home/leyla/Desktop/clase1/ejemplo1_ws/install/my_package_class:/home/leyla/Desktop/robotica_ws/install/my_package:/opt/ros/humble /usr/bin/cmake --build /home/leyla/Desktop/clase1/ejemplo1_ws/build/cpp_pubsub -- -j20 -l20
[0.436s] DEBUG:colcon.colcon_core.event_handler.log_command:Invoking command in '/home/leyla/Desktop/clase1/ejemplo1_ws/build/cpp_pubsub': CMAKE_PREFIX_PATH=${CMAKE_PREFIX_PATH}:/home/leyla/Desktop/clase1/ejemplo1_ws/install/my_package_class:/home/leyla/Desktop/robotica_ws/install/my_package:/opt/ros/humble /usr/bin/cmake --install /home/leyla/Desktop/clase1/ejemplo1_ws/build/cpp_pubsub
[0.448s] Level 1:colcon.colcon_core.environment:create_environment_scripts_only(cpp_pubsub)
[0.448s] DEBUG:colcon.colcon_core.event_handler.log_command:Invoked command in '/home/leyla/Desktop/clase1/ejemplo1_ws/build/cpp_pubsub' returned '0': CMAKE_PREFIX_PATH=${CMAKE_PREFIX_PATH}:/home/leyla/Desktop/clase1/ejemplo1_ws/install/my_package_class:/home/leyla/Desktop/robotica_ws/install/my_package:/opt/ros/humble /usr/bin/cmake --install /home/leyla/Desktop/clase1/ejemplo1_ws/build/cpp_pubsub
[0.450s] Level 1:colcon.colcon_core.environment:checking '/home/leyla/Desktop/clase1/ejemplo1_ws/install/cpp_pubsub' for CMake module files
[0.451s] Level 1:colcon.colcon_core.environment:checking '/home/leyla/Desktop/clase1/ejemplo1_ws/install/cpp_pubsub' for CMake config files
[0.451s] Level 1:colcon.colcon_core.shell:create_environment_hook('cpp_pubsub', 'cmake_prefix_path')
[0.451s] INFO:colcon.colcon_core.shell:Creating environment hook '/home/leyla/Desktop/clase1/ejemplo1_ws/install/cpp_pubsub/share/cpp_pubsub/hook/cmake_prefix_path.ps1'
[0.452s] INFO:colcon.colcon_core.shell:Creating environment descriptor '/home/leyla/Desktop/clase1/ejemplo1_ws/install/cpp_pubsub/share/cpp_pubsub/hook/cmake_prefix_path.dsv'
[0.452s] INFO:colcon.colcon_core.shell:Creating environment hook '/home/leyla/Desktop/clase1/ejemplo1_ws/install/cpp_pubsub/share/cpp_pubsub/hook/cmake_prefix_path.sh'
[0.452s] Level 1:colcon.colcon_core.environment:checking '/home/leyla/Desktop/clase1/ejemplo1_ws/install/cpp_pubsub/lib'
[0.452s] Level 1:colcon.colcon_core.environment:checking '/home/leyla/Desktop/clase1/ejemplo1_ws/install/cpp_pubsub/bin'
[0.452s] Level 1:colcon.colcon_core.environment:checking '/home/leyla/Desktop/clase1/ejemplo1_ws/install/cpp_pubsub/lib/pkgconfig/cpp_pubsub.pc'
[0.453s] Level 1:colcon.colcon_core.environment:checking '/home/leyla/Desktop/clase1/ejemplo1_ws/install/cpp_pubsub/lib/python3.10/site-packages'
[0.453s] Level 1:colcon.colcon_core.environment:checking '/home/leyla/Desktop/clase1/ejemplo1_ws/install/cpp_pubsub/bin'
[0.453s] INFO:colcon.colcon_core.shell:Creating package script '/home/leyla/Desktop/clase1/ejemplo1_ws/install/cpp_pubsub/share/cpp_pubsub/package.ps1'
[0.453s] INFO:colcon.colcon_core.shell:Creating package descriptor '/home/leyla/Desktop/clase1/ejemplo1_ws/install/cpp_pubsub/share/cpp_pubsub/package.dsv'
[0.454s] INFO:colcon.colcon_core.shell:Creating package script '/home/leyla/Desktop/clase1/ejemplo1_ws/install/cpp_pubsub/share/cpp_pubsub/package.sh'
[0.454s] INFO:colcon.colcon_core.shell:Creating package script '/home/leyla/Desktop/clase1/ejemplo1_ws/install/cpp_pubsub/share/cpp_pubsub/package.bash'
[0.455s] INFO:colcon.colcon_core.shell:Creating package script '/home/leyla/Desktop/clase1/ejemplo1_ws/install/cpp_pubsub/share/cpp_pubsub/package.zsh'
[0.455s] Level 1:colcon.colcon_core.environment:create_file_with_runtime_dependencies(/home/leyla/Desktop/clase1/ejemplo1_ws/install/cpp_pubsub/share/colcon-core/packages/cpp_pubsub)
[0.455s] Level 1:colcon.colcon_core.environment:create_environment_scripts_only(cpp_pubsub)
[0.455s] Level 1:colcon.colcon_core.environment:checking '/home/leyla/Desktop/clase1/ejemplo1_ws/install/cpp_pubsub' for CMake module files
[0.456s] Level 1:colcon.colcon_core.environment:checking '/home/leyla/Desktop/clase1/ejemplo1_ws/install/cpp_pubsub' for CMake config files
[0.456s] Level 1:colcon.colcon_core.shell:create_environment_hook('cpp_pubsub', 'cmake_prefix_path')
[0.456s] INFO:colcon.colcon_core.shell:Creating environment hook '/home/leyla/Desktop/clase1/ejemplo1_ws/install/cpp_pubsub/share/cpp_pubsub/hook/cmake_prefix_path.ps1'
[0.457s] INFO:colcon.colcon_core.shell:Creating environment descriptor '/home/leyla/Desktop/clase1/ejemplo1_ws/install/cpp_pubsub/share/cpp_pubsub/hook/cmake_prefix_path.dsv'
[0.457s] INFO:colcon.colcon_core.shell:Creating environment hook '/home/leyla/Desktop/clase1/ejemplo1_ws/install/cpp_pubsub/share/cpp_pubsub/hook/cmake_prefix_path.sh'
[0.458s] Level 1:colcon.colcon_core.environment:checking '/home/leyla/Desktop/clase1/ejemplo1_ws/install/cpp_pubsub/lib'
[0.458s] Level 1:colcon.colcon_core.environment:checking '/home/leyla/Desktop/clase1/ejemplo1_ws/install/cpp_pubsub/bin'
[0.458s] Level 1:colcon.colcon_core.environment:checking '/home/leyla/Desktop/clase1/ejemplo1_ws/install/cpp_pubsub/lib/pkgconfig/cpp_pubsub.pc'
[0.458s] Level 1:colcon.colcon_core.environment:checking '/home/leyla/Desktop/clase1/ejemplo1_ws/install/cpp_pubsub/lib/python3.10/site-packages'
[0.458s] Level 1:colcon.colcon_core.environment:checking '/home/leyla/Desktop/clase1/ejemplo1_ws/install/cpp_pubsub/bin'
[0.459s] INFO:colcon.colcon_core.shell:Creating package script '/home/leyla/Desktop/clase1/ejemplo1_ws/install/cpp_pubsub/share/cpp_pubsub/package.ps1'
[0.459s] INFO:colcon.colcon_core.shell:Creating package descriptor '/home/leyla/Desktop/clase1/ejemplo1_ws/install/cpp_pubsub/share/cpp_pubsub/package.dsv'
[0.459s] INFO:colcon.colcon_core.shell:Creating package script '/home/leyla/Desktop/clase1/ejemplo1_ws/install/cpp_pubsub/share/cpp_pubsub/package.sh'
[0.460s] INFO:colcon.colcon_core.shell:Creating package script '/home/leyla/Desktop/clase1/ejemplo1_ws/install/cpp_pubsub/share/cpp_pubsub/package.bash'
[0.460s] INFO:colcon.colcon_core.shell:Creating package script '/home/leyla/Desktop/clase1/ejemplo1_ws/install/cpp_pubsub/share/cpp_pubsub/package.zsh'
[0.461s] Level 1:colcon.colcon_core.environment:create_file_with_runtime_dependencies(/home/leyla/Desktop/clase1/ejemplo1_ws/install/cpp_pubsub/share/colcon-core/packages/cpp_pubsub)
[0.660s] DEBUG:colcon.colcon_core.event_handler.log_command:Invoking command in '/home/leyla/Desktop/clase1/ejemplo1_ws/src/my_package_class': PYTHONPATH=/home/leyla/Desktop/clase1/ejemplo1_ws/build/my_package_class/prefix_override:/usr/lib/python3/dist-packages/colcon_core/task/python/colcon_distutils_commands:/home/leyla/Desktop/clase1/ejemplo1_ws/install/my_package_class/lib/python3.10/site-packages:${PYTHONPATH} /usr/bin/python3 -W ignore:setup.py install is deprecated -W ignore:easy_install command is deprecated setup.py egg_info --egg-base ../../build/my_package_class build --build-base /home/leyla/Desktop/clase1/ejemplo1_ws/build/my_package_class/build install --record /home/leyla/Desktop/clase1/ejemplo1_ws/build/my_package_class/install.log --single-version-externally-managed install_data
[0.835s] Level 1:colcon.colcon_core.environment:checking '/home/leyla/Desktop/clase1/ejemplo1_ws/install/my_package_class' for CMake module files
[0.836s] DEBUG:colcon.colcon_core.event_handler.log_command:Invoked command in '/home/leyla/Desktop/clase1/ejemplo1_ws/src/my_package_class' returned '0': PYTHONPATH=/home/leyla/Desktop/clase1/ejemplo1_ws/build/my_package_class/prefix_override:/usr/lib/python3/dist-packages/colcon_core/task/python/colcon_distutils_commands:/home/leyla/Desktop/clase1/ejemplo1_ws/install/my_package_class/lib/python3.10/site-packages:${PYTHONPATH} /usr/bin/python3 -W ignore:setup.py install is deprecated -W ignore:easy_install command is deprecated setup.py egg_info --egg-base ../../build/my_package_class build --build-base /home/leyla/Desktop/clase1/ejemplo1_ws/build/my_package_class/build install --record /home/leyla/Desktop/clase1/ejemplo1_ws/build/my_package_class/install.log --single-version-externally-managed install_data
[0.836s] Level 1:colcon.colcon_core.environment:checking '/home/leyla/Desktop/clase1/ejemplo1_ws/install/my_package_class' for CMake config files
[0.836s] Level 1:colcon.colcon_core.environment:checking '/home/leyla/Desktop/clase1/ejemplo1_ws/install/my_package_class/lib'
[0.836s] Level 1:colcon.colcon_core.environment:checking '/home/leyla/Desktop/clase1/ejemplo1_ws/install/my_package_class/bin'
[0.836s] Level 1:colcon.colcon_core.environment:checking '/home/leyla/Desktop/clase1/ejemplo1_ws/install/my_package_class/lib/pkgconfig/my_package_class.pc'
[0.837s] Level 1:colcon.colcon_core.environment:checking '/home/leyla/Desktop/clase1/ejemplo1_ws/install/my_package_class/lib/python3.10/site-packages'
[0.837s] Level 1:colcon.colcon_core.shell:create_environment_hook('my_package_class', 'pythonpath')
[0.837s] INFO:colcon.colcon_core.shell:Creating environment hook '/home/leyla/Desktop/clase1/ejemplo1_ws/install/my_package_class/share/my_package_class/hook/pythonpath.ps1'
[0.837s] INFO:colcon.colcon_core.shell:Creating environment descriptor '/home/leyla/Desktop/clase1/ejemplo1_ws/install/my_package_class/share/my_package_class/hook/pythonpath.dsv'
[0.837s] INFO:colcon.colcon_core.shell:Creating environment hook '/home/leyla/Desktop/clase1/ejemplo1_ws/install/my_package_class/share/my_package_class/hook/pythonpath.sh'
[0.838s] Level 1:colcon.colcon_core.environment:checking '/home/leyla/Desktop/clase1/ejemplo1_ws/install/my_package_class/bin'
[0.838s] Level 1:colcon.colcon_core.environment:create_environment_scripts_only(my_package_class)
[0.838s] INFO:colcon.colcon_core.shell:Creating package script '/home/leyla/Desktop/clase1/ejemplo1_ws/install/my_package_class/share/my_package_class/package.ps1'
[0.838s] INFO:colcon.colcon_core.shell:Creating package descriptor '/home/leyla/Desktop/clase1/ejemplo1_ws/install/my_package_class/share/my_package_class/package.dsv'
[0.838s] INFO:colcon.colcon_core.shell:Creating package script '/home/leyla/Desktop/clase1/ejemplo1_ws/install/my_package_class/share/my_package_class/package.sh'
[0.839s] INFO:colcon.colcon_core.shell:Creating package script '/home/leyla/Desktop/clase1/ejemplo1_ws/install/my_package_class/share/my_package_class/package.bash'
[0.839s] INFO:colcon.colcon_core.shell:Creating package script '/home/leyla/Desktop/clase1/ejemplo1_ws/install/my_package_class/share/my_package_class/package.zsh'
[0.839s] Level 1:colcon.colcon_core.environment:create_file_with_runtime_dependencies(/home/leyla/Desktop/clase1/ejemplo1_ws/install/my_package_class/share/colcon-core/packages/my_package_class)
[1.601s] DEBUG:colcon.colcon_core.event_handler.log_command:Invoked command in '/home/leyla/Desktop/clase1/ejemplo1_ws/build/ucb_interface' returned '0': CMAKE_PREFIX_PATH=${CMAKE_PREFIX_PATH}:/home/leyla/Desktop/clase1/ejemplo1_ws/install/my_package_class:/home/leyla/Desktop/robotica_ws/install/my_package:/opt/ros/humble /usr/bin/cmake --build /home/leyla/Desktop/clase1/ejemplo1_ws/build/ucb_interface -- -j20 -l20
[1.603s] DEBUG:colcon.colcon_core.event_handler.log_command:Invoking command in '/home/leyla/Desktop/clase1/ejemplo1_ws/build/ucb_interface': CMAKE_PREFIX_PATH=${CMAKE_PREFIX_PATH}:/home/leyla/Desktop/clase1/ejemplo1_ws/install/my_package_class:/home/leyla/Desktop/robotica_ws/install/my_package:/opt/ros/humble /usr/bin/cmake --install /home/leyla/Desktop/clase1/ejemplo1_ws/build/ucb_interface
[1.653s] Level 1:colcon.colcon_core.environment:create_environment_scripts_only(ucb_interface)
[1.653s] Level 1:colcon.colcon_core.environment:checking '/home/leyla/Desktop/clase1/ejemplo1_ws/install/ucb_interface' for CMake module files
[1.653s] DEBUG:colcon.colcon_core.event_handler.log_command:Invoked command in '/home/leyla/Desktop/clase1/ejemplo1_ws/build/ucb_interface' returned '0': CMAKE_PREFIX_PATH=${CMAKE_PREFIX_PATH}:/home/leyla/Desktop/clase1/ejemplo1_ws/install/my_package_class:/home/leyla/Desktop/robotica_ws/install/my_package:/opt/ros/humble /usr/bin/cmake --install /home/leyla/Desktop/clase1/ejemplo1_ws/build/ucb_interface
[1.653s] Level 1:colcon.colcon_core.environment:checking '/home/leyla/Desktop/clase1/ejemplo1_ws/install/ucb_interface' for CMake config files
[1.654s] Level 1:colcon.colcon_core.shell:create_environment_hook('ucb_interface', 'cmake_prefix_path')
[1.654s] INFO:colcon.colcon_core.shell:Creating environment hook '/home/leyla/Desktop/clase1/ejemplo1_ws/install/ucb_interface/share/ucb_interface/hook/cmake_prefix_path.ps1'
[1.654s] INFO:colcon.colcon_core.shell:Creating environment descriptor '/home/leyla/Desktop/clase1/ejemplo1_ws/install/ucb_interface/share/ucb_interface/hook/cmake_prefix_path.dsv'
[1.654s] INFO:colcon.colcon_core.shell:Creating environment hook '/home/leyla/Desktop/clase1/ejemplo1_ws/install/ucb_interface/share/ucb_interface/hook/cmake_prefix_path.sh'
[1.655s] Level 1:colcon.colcon_core.environment:checking '/home/leyla/Desktop/clase1/ejemplo1_ws/install/ucb_interface/lib'
[1.655s] Level 1:colcon.colcon_core.shell:create_environment_hook('ucb_interface', 'ld_library_path_lib')
[1.655s] INFO:colcon.colcon_core.shell:Creating environment hook '/home/leyla/Desktop/clase1/ejemplo1_ws/install/ucb_interface/share/ucb_interface/hook/ld_library_path_lib.ps1'
[1.655s] INFO:colcon.colcon_core.shell:Creating environment descriptor '/home/leyla/Desktop/clase1/ejemplo1_ws/install/ucb_interface/share/ucb_interface/hook/ld_library_path_lib.dsv'
[1.655s] INFO:colcon.colcon_core.shell:Creating environment hook '/home/leyla/Desktop/clase1/ejemplo1_ws/install/ucb_interface/share/ucb_interface/hook/ld_library_path_lib.sh'
[1.656s] Level 1:colcon.colcon_core.environment:checking '/home/leyla/Desktop/clase1/ejemplo1_ws/install/ucb_interface/bin'
[1.656s] Level 1:colcon.colcon_core.environment:checking '/home/leyla/Desktop/clase1/ejemplo1_ws/install/ucb_interface/lib/pkgconfig/ucb_interface.pc'
[1.656s] Level 1:colcon.colcon_core.environment:checking '/home/leyla/Desktop/clase1/ejemplo1_ws/install/ucb_interface/lib/python3.10/site-packages'
[1.656s] Level 1:colcon.colcon_core.environment:checking '/home/leyla/Desktop/clase1/ejemplo1_ws/install/ucb_interface/bin'
[1.656s] INFO:colcon.colcon_core.shell:Creating package script '/home/leyla/Desktop/clase1/ejemplo1_ws/install/ucb_interface/share/ucb_interface/package.ps1'
[1.656s] INFO:colcon.colcon_core.shell:Creating package descriptor '/home/leyla/Desktop/clase1/ejemplo1_ws/install/ucb_interface/share/ucb_interface/package.dsv'
[1.657s] INFO:colcon.colcon_core.shell:Creating package script '/home/leyla/Desktop/clase1/ejemplo1_ws/install/ucb_interface/share/ucb_interface/package.sh'
[1.657s] INFO:colcon.colcon_core.shell:Creating package script '/home/leyla/Desktop/clase1/ejemplo1_ws/install/ucb_interface/share/ucb_interface/package.bash'
[1.657s] INFO:colcon.colcon_core.shell:Creating package script '/home/leyla/Desktop/clase1/ejemplo1_ws/install/ucb_interface/share/ucb_interface/package.zsh'
[1.657s] Level 1:colcon.colcon_core.environment:create_file_with_runtime_dependencies(/home/leyla/Desktop/clase1/ejemplo1_ws/install/ucb_interface/share/colcon-core/packages/ucb_interface)
[1.658s] Level 1:colcon.colcon_core.environment:create_environment_scripts_only(ucb_interface)
[1.658s] Level 1:colcon.colcon_core.environment:checking '/home/leyla/Desktop/clase1/ejemplo1_ws/install/ucb_interface' for CMake module files
[1.658s] Level 1:colcon.colcon_core.environment:checking '/home/leyla/Desktop/clase1/ejemplo1_ws/install/ucb_interface' for CMake config files
[1.658s] Level 1:colcon.colcon_core.shell:create_environment_hook('ucb_interface', 'cmake_prefix_path')
[1.658s] INFO:colcon.colcon_core.shell:Creating environment hook '/home/leyla/Desktop/clase1/ejemplo1_ws/install/ucb_interface/share/ucb_interface/hook/cmake_prefix_path.ps1'
[1.659s] INFO:colcon.colcon_core.shell:Creating environment descriptor '/home/leyla/Desktop/clase1/ejemplo1_ws/install/ucb_interface/share/ucb_interface/hook/cmake_prefix_path.dsv'
[1.659s] INFO:colcon.colcon_core.shell:Creating environment hook '/home/leyla/Desktop/clase1/ejemplo1_ws/install/ucb_interface/share/ucb_interface/hook/cmake_prefix_path.sh'
[1.659s] Level 1:colcon.colcon_core.environment:checking '/home/leyla/Desktop/clase1/ejemplo1_ws/install/ucb_interface/lib'
[1.659s] Level 1:colcon.colcon_core.shell:create_environment_hook('ucb_interface', 'ld_library_path_lib')
[1.659s] INFO:colcon.colcon_core.shell:Creating environment hook '/home/leyla/Desktop/clase1/ejemplo1_ws/install/ucb_interface/share/ucb_interface/hook/ld_library_path_lib.ps1'
[1.660s] INFO:colcon.colcon_core.shell:Creating environment descriptor '/home/leyla/Desktop/clase1/ejemplo1_ws/install/ucb_interface/share/ucb_interface/hook/ld_library_path_lib.dsv'
[1.660s] INFO:colcon.colcon_core.shell:Creating environment hook '/home/leyla/Desktop/clase1/ejemplo1_ws/install/ucb_interface/share/ucb_interface/hook/ld_library_path_lib.sh'
[1.660s] Level 1:colcon.colcon_core.environment:checking '/home/leyla/Desktop/clase1/ejemplo1_ws/install/ucb_interface/bin'
[1.660s] Level 1:colcon.colcon_core.environment:checking '/home/leyla/Desktop/clase1/ejemplo1_ws/install/ucb_interface/lib/pkgconfig/ucb_interface.pc'
[1.660s] Level 1:colcon.colcon_core.environment:checking '/home/leyla/Desktop/clase1/ejemplo1_ws/install/ucb_interface/lib/python3.10/site-packages'
[1.660s] Level 1:colcon.colcon_core.environment:checking '/home/leyla/Desktop/clase1/ejemplo1_ws/install/ucb_interface/bin'
[1.660s] INFO:colcon.colcon_core.shell:Creating package script '/home/leyla/Desktop/clase1/ejemplo1_ws/install/ucb_interface/share/ucb_interface/package.ps1'
[1.661s] INFO:colcon.colcon_core.shell:Creating package descriptor '/home/leyla/Desktop/clase1/ejemplo1_ws/install/ucb_interface/share/ucb_interface/package.dsv'
[1.661s] INFO:colcon.colcon_core.shell:Creating package script '/home/leyla/Desktop/clase1/ejemplo1_ws/install/ucb_interface/share/ucb_interface/package.sh'
[1.661s] INFO:colcon.colcon_core.shell:Creating package script '/home/leyla/Desktop/clase1/ejemplo1_ws/install/ucb_interface/share/ucb_interface/package.bash'
[1.661s] INFO:colcon.colcon_core.shell:Creating package script '/home/leyla/Desktop/clase1/ejemplo1_ws/install/ucb_interface/share/ucb_interface/package.zsh'
[1.662s] Level 1:colcon.colcon_core.environment:create_file_with_runtime_dependencies(/home/leyla/Desktop/clase1/ejemplo1_ws/install/ucb_interface/share/colcon-core/packages/ucb_interface)
[1.662s] DEBUG:colcon.colcon_parallel_executor.executor.parallel:closing loop
[1.662s] DEBUG:colcon.colcon_parallel_executor.executor.parallel:loop closed
[1.662s] DEBUG:colcon.colcon_parallel_executor.executor.parallel:run_until_complete finished with '0'
[1.662s] DEBUG:colcon.colcon_core.event_reactor:joining thread
[1.665s] INFO:colcon.colcon_core.plugin_system:Skipping extension 'colcon_notification.desktop_notification.terminal_notifier': Not used on non-Darwin systems
[1.666s] INFO:colcon.colcon_core.plugin_system:Skipping extension 'colcon_notification.desktop_notification.win32': Not used on non-Windows systems
[1.666s] INFO:colcon.colcon_notification.desktop_notification:Sending desktop notification using 'notify2'
[1.673s] DEBUG:colcon.colcon_core.event_reactor:joined thread
[1.673s] INFO:colcon.colcon_core.shell:Creating prefix script '/home/leyla/Desktop/clase1/ejemplo1_ws/install/local_setup.ps1'
[1.674s] INFO:colcon.colcon_core.shell:Creating prefix util module '/home/leyla/Desktop/clase1/ejemplo1_ws/install/_local_setup_util_ps1.py'
[1.675s] INFO:colcon.colcon_core.shell:Creating prefix chain script '/home/leyla/Desktop/clase1/ejemplo1_ws/install/setup.ps1'
[1.676s] INFO:colcon.colcon_core.shell:Creating prefix script '/home/leyla/Desktop/clase1/ejemplo1_ws/install/local_setup.sh'
[1.676s] INFO:colcon.colcon_core.shell:Creating prefix util module '/home/leyla/Desktop/clase1/ejemplo1_ws/install/_local_setup_util_sh.py'
[1.676s] INFO:colcon.colcon_core.shell:Creating prefix chain script '/home/leyla/Desktop/clase1/ejemplo1_ws/install/setup.sh'
[1.677s] INFO:colcon.colcon_core.shell:Creating prefix script '/home/leyla/Desktop/clase1/ejemplo1_ws/install/local_setup.bash'
[1.677s] INFO:colcon.colcon_core.shell:Creating prefix chain script '/home/leyla/Desktop/clase1/ejemplo1_ws/install/setup.bash'
[1.678s] INFO:colcon.colcon_core.shell:Creating prefix script '/home/leyla/Desktop/clase1/ejemplo1_ws/install/local_setup.zsh'
[1.678s] INFO:colcon.colcon_core.shell:Creating prefix chain script '/home/leyla/Desktop/clase1/ejemplo1_ws/install/setup.zsh'
