[0.009s] Invoking command in '/home/leyla/Desktop/clase1/ejemplo1_ws/build/cpp_pubsub': CMAKE_PREFIX_PATH=${CMAKE_PREFIX_PATH}:/home/leyla/Desktop/clase1/ejemplo1_ws/install/my_package_class:/home/leyla/Desktop/robotica_ws/install/my_package:/opt/ros/humble /usr/bin/cmake --build /home/leyla/Desktop/clase1/ejemplo1_ws/build/cpp_pubsub -- -j20 -l20
[0.036s] -- Found ament_cmake: 1.3.11 (/opt/ros/humble/share/ament_cmake/cmake)
[0.110s] -- Found rclcpp: 16.0.11 (/opt/ros/humble/share/rclcpp/cmake)
[0.125s] -- Found rosidl_generator_c: 3.1.6 (/opt/ros/humble/share/rosidl_generator_c/cmake)
[0.126s] -- Found rosidl_adapter: 3.1.6 (/opt/ros/humble/share/rosidl_adapter/cmake)
[0.129s] -- Found rosidl_generator_cpp: 3.1.6 (/opt/ros/humble/share/rosidl_generator_cpp/cmake)
[0.133s] -- Using all available rosidl_typesupport_c: rosidl_typesupport_fastrtps_c;rosidl_typesupport_introspection_c
[0.139s] -- Using all available rosidl_typesupport_cpp: rosidl_typesupport_fastrtps_cpp;rosidl_typesupport_introspection_cpp
[0.155s] -- Found rmw_implementation_cmake: 6.1.2 (/opt/ros/humble/share/rmw_implementation_cmake/cmake)
[0.156s] -- Found rmw_fastrtps_cpp: 6.2.7 (/opt/ros/humble/share/rmw_fastrtps_cpp/cmake)
[0.217s] -- Using RMW implementation 'rmw_fastrtps_cpp' as default
[0.243s] -- Found ament_lint_auto: 0.12.11 (/opt/ros/humble/share/ament_lint_auto/cmake)
[0.293s] -- Added test 'cppcheck' to perform static code analysis on C / C++ code
[0.293s] -- Configured cppcheck include dirs: 
[0.293s] -- Configured cppcheck exclude dirs and/or files: 
[0.293s] -- Added test 'lint_cmake' to check CMake code style
[0.294s] -- Added test 'uncrustify' to check C / C++ code style
[0.294s] -- Configured uncrustify additional arguments: 
[0.294s] -- Added test 'xmllint' to check XML markup files
[0.294s] -- Configuring done
[0.300s] -- Generating done
[0.302s] -- Build files have been written to: /home/leyla/Desktop/clase1/ejemplo1_ws/build/cpp_pubsub
[0.325s] [ 50%] [32mBuilding CXX object CMakeFiles/pub.dir/src/pub.cpp.o[0m
[0.325s] [ 50%] [32mBuilding CXX object CMakeFiles/sub.dir/src/sub.cpp.o[0m
[2.612s] [ 75%] [32m[1mLinking CXX executable pub[0m
[2.715s] [ 75%] Built target pub
[4.546s] [100%] [32m[1mLinking CXX executable sub[0m
[4.734s] [100%] Built target sub
[4.747s] Invoked command in '/home/leyla/Desktop/clase1/ejemplo1_ws/build/cpp_pubsub' returned '0': CMAKE_PREFIX_PATH=${CMAKE_PREFIX_PATH}:/home/leyla/Desktop/clase1/ejemplo1_ws/install/my_package_class:/home/leyla/Desktop/robotica_ws/install/my_package:/opt/ros/humble /usr/bin/cmake --build /home/leyla/Desktop/clase1/ejemplo1_ws/build/cpp_pubsub -- -j20 -l20
[4.754s] Invoking command in '/home/leyla/Desktop/clase1/ejemplo1_ws/build/cpp_pubsub': CMAKE_PREFIX_PATH=${CMAKE_PREFIX_PATH}:/home/leyla/Desktop/clase1/ejemplo1_ws/install/my_package_class:/home/leyla/Desktop/robotica_ws/install/my_package:/opt/ros/humble /usr/bin/cmake --install /home/leyla/Desktop/clase1/ejemplo1_ws/build/cpp_pubsub
[4.761s] -- Install configuration: ""
[4.761s] -- Installing: /home/leyla/Desktop/clase1/ejemplo1_ws/install/cpp_pubsub/lib/cpp_pubsub/pub
[4.762s] -- Set runtime path of "/home/leyla/Desktop/clase1/ejemplo1_ws/install/cpp_pubsub/lib/cpp_pubsub/pub" to ""
[4.762s] -- Installing: /home/leyla/Desktop/clase1/ejemplo1_ws/install/cpp_pubsub/lib/cpp_pubsub/sub
[4.764s] -- Set runtime path of "/home/leyla/Desktop/clase1/ejemplo1_ws/install/cpp_pubsub/lib/cpp_pubsub/sub" to ""
[4.764s] -- Up-to-date: /home/leyla/Desktop/clase1/ejemplo1_ws/install/cpp_pubsub/share/ament_index/resource_index/package_run_dependencies/cpp_pubsub
[4.764s] -- Up-to-date: /home/leyla/Desktop/clase1/ejemplo1_ws/install/cpp_pubsub/share/ament_index/resource_index/parent_prefix_path/cpp_pubsub
[4.764s] -- Up-to-date: /home/leyla/Desktop/clase1/ejemplo1_ws/install/cpp_pubsub/share/cpp_pubsub/environment/ament_prefix_path.sh
[4.764s] -- Installing: /home/leyla/Desktop/clase1/ejemplo1_ws/install/cpp_pubsub/share/cpp_pubsub/environment/ament_prefix_path.dsv
[4.765s] -- Up-to-date: /home/leyla/Desktop/clase1/ejemplo1_ws/install/cpp_pubsub/share/cpp_pubsub/environment/path.sh
[4.765s] -- Installing: /home/leyla/Desktop/clase1/ejemplo1_ws/install/cpp_pubsub/share/cpp_pubsub/environment/path.dsv
[4.765s] -- Up-to-date: /home/leyla/Desktop/clase1/ejemplo1_ws/install/cpp_pubsub/share/cpp_pubsub/local_setup.bash
[4.765s] -- Up-to-date: /home/leyla/Desktop/clase1/ejemplo1_ws/install/cpp_pubsub/share/cpp_pubsub/local_setup.sh
[4.765s] -- Up-to-date: /home/leyla/Desktop/clase1/ejemplo1_ws/install/cpp_pubsub/share/cpp_pubsub/local_setup.zsh
[4.765s] -- Installing: /home/leyla/Desktop/clase1/ejemplo1_ws/install/cpp_pubsub/share/cpp_pubsub/local_setup.dsv
[4.765s] -- Installing: /home/leyla/Desktop/clase1/ejemplo1_ws/install/cpp_pubsub/share/cpp_pubsub/package.dsv
[4.765s] -- Up-to-date: /home/leyla/Desktop/clase1/ejemplo1_ws/install/cpp_pubsub/share/ament_index/resource_index/packages/cpp_pubsub
[4.765s] -- Up-to-date: /home/leyla/Desktop/clase1/ejemplo1_ws/install/cpp_pubsub/share/cpp_pubsub/cmake/cpp_pubsubConfig.cmake
[4.765s] -- Up-to-date: /home/leyla/Desktop/clase1/ejemplo1_ws/install/cpp_pubsub/share/cpp_pubsub/cmake/cpp_pubsubConfig-version.cmake
[4.765s] -- Installing: /home/leyla/Desktop/clase1/ejemplo1_ws/install/cpp_pubsub/share/cpp_pubsub/package.xml
[4.766s] Invoked command in '/home/leyla/Desktop/clase1/ejemplo1_ws/build/cpp_pubsub' returned '0': CMAKE_PREFIX_PATH=${CMAKE_PREFIX_PATH}:/home/leyla/Desktop/clase1/ejemplo1_ws/install/my_package_class:/home/leyla/Desktop/robotica_ws/install/my_package:/opt/ros/humble /usr/bin/cmake --install /home/leyla/Desktop/clase1/ejemplo1_ws/build/cpp_pubsub
