running egg_info
creating ../../build/package_py/package_py.egg-info
writing ../../build/package_py/package_py.egg-info/PKG-INFO
writing dependency_links to ../../build/package_py/package_py.egg-info/dependency_links.txt
writing entry points to ../../build/package_py/package_py.egg-info/entry_points.txt
writing requirements to ../../build/package_py/package_py.egg-info/requires.txt
writing top-level names to ../../build/package_py/package_py.egg-info/top_level.txt
writing manifest file '../../build/package_py/package_py.egg-info/SOURCES.txt'
reading manifest file '../../build/package_py/package_py.egg-info/SOURCES.txt'
adding license file 'LICENSE'
writing manifest file '../../build/package_py/package_py.egg-info/SOURCES.txt'
running build
running build_py
creating /home/leyla/Desktop/clase1/prac1_ws/build/package_py/build
creating /home/leyla/Desktop/clase1/prac1_ws/build/package_py/build/lib
creating /home/leyla/Desktop/clase1/prac1_ws/build/package_py/build/lib/package_py
copying package_py/__init__.py -> /home/leyla/Desktop/clase1/prac1_ws/build/package_py/build/lib/package_py
copying package_py/node2.py -> /home/leyla/Desktop/clase1/prac1_ws/build/package_py/build/lib/package_py
copying package_py/node1.py -> /home/leyla/Desktop/clase1/prac1_ws/build/package_py/build/lib/package_py
copying package_py/node3.py -> /home/leyla/Desktop/clase1/prac1_ws/build/package_py/build/lib/package_py
running install
running install_lib
creating /home/leyla/Desktop/clase1/prac1_ws/install/package_py/lib/python3.10/site-packages/package_py
copying /home/leyla/Desktop/clase1/prac1_ws/build/package_py/build/lib/package_py/__init__.py -> /home/leyla/Desktop/clase1/prac1_ws/install/package_py/lib/python3.10/site-packages/package_py
copying /home/leyla/Desktop/clase1/prac1_ws/build/package_py/build/lib/package_py/node2.py -> /home/leyla/Desktop/clase1/prac1_ws/install/package_py/lib/python3.10/site-packages/package_py
copying /home/leyla/Desktop/clase1/prac1_ws/build/package_py/build/lib/package_py/node1.py -> /home/leyla/Desktop/clase1/prac1_ws/install/package_py/lib/python3.10/site-packages/package_py
copying /home/leyla/Desktop/clase1/prac1_ws/build/package_py/build/lib/package_py/node3.py -> /home/leyla/Desktop/clase1/prac1_ws/install/package_py/lib/python3.10/site-packages/package_py
byte-compiling /home/leyla/Desktop/clase1/prac1_ws/install/package_py/lib/python3.10/site-packages/package_py/__init__.py to __init__.cpython-310.pyc
byte-compiling /home/leyla/Desktop/clase1/prac1_ws/install/package_py/lib/python3.10/site-packages/package_py/node2.py to node2.cpython-310.pyc
byte-compiling /home/leyla/Desktop/clase1/prac1_ws/install/package_py/lib/python3.10/site-packages/package_py/node1.py to node1.cpython-310.pyc
byte-compiling /home/leyla/Desktop/clase1/prac1_ws/install/package_py/lib/python3.10/site-packages/package_py/node3.py to node3.cpython-310.pyc
running install_data
creating /home/leyla/Desktop/clase1/prac1_ws/install/package_py/share/ament_index
creating /home/leyla/Desktop/clase1/prac1_ws/install/package_py/share/ament_index/resource_index
creating /home/leyla/Desktop/clase1/prac1_ws/install/package_py/share/ament_index/resource_index/packages
copying resource/package_py -> /home/leyla/Desktop/clase1/prac1_ws/install/package_py/share/ament_index/resource_index/packages
copying package.xml -> /home/leyla/Desktop/clase1/prac1_ws/install/package_py/share/package_py
running install_egg_info
Copying ../../build/package_py/package_py.egg-info to /home/leyla/Desktop/clase1/prac1_ws/install/package_py/lib/python3.10/site-packages/package_py-0.0.0-py3.10.egg-info
running install_scripts
Installing node1 script to /home/leyla/Desktop/clase1/prac1_ws/install/package_py/lib/package_py
Installing node2 script to /home/leyla/Desktop/clase1/prac1_ws/install/package_py/lib/package_py
Installing node3 script to /home/leyla/Desktop/clase1/prac1_ws/install/package_py/lib/package_py
writing list of installed files to '/home/leyla/Desktop/clase1/prac1_ws/build/package_py/install.log'
