[0.008s] Invoking command in '/home/leyla/Desktop/clase1/ejemplo1_ws/build/ucb_interface': CMAKE_PREFIX_PATH=${CMAKE_PREFIX_PATH}:/home/leyla/Desktop/clase1/ejemplo1_ws/install/my_package_class:/home/leyla/Desktop/robotica_ws/install/my_package:/opt/ros/humble /usr/bin/cmake /home/leyla/Desktop/clase1/ejemplo1_ws/src/ucb_interface -DCMAKE_INSTALL_PREFIX=/home/leyla/Desktop/clase1/ejemplo1_ws/install/ucb_interface
[0.130s] -- The C compiler identification is GNU 11.4.0
[0.204s] -- The CXX compiler identification is GNU 11.4.0
[0.212s] -- Detecting C compiler ABI info
[0.294s] -- Detecting C compiler ABI info - done
[0.302s] -- Check for working C compiler: /usr/bin/cc - skipped
[0.303s] -- Detecting C compile features
[0.303s] -- Detecting C compile features - done
[0.308s] -- Detecting CXX compiler ABI info
[0.403s] -- Detecting CXX compiler ABI info - done
[0.412s] -- Check for working CXX compiler: /usr/bin/c++ - skipped
[0.412s] -- Detecting CXX compile features
[0.413s] -- Detecting CXX compile features - done
[0.416s] -- Found ament_cmake: 1.3.11 (/opt/ros/humble/share/ament_cmake/cmake)
[0.549s] -- Found Python3: /usr/bin/python3 (found version "3.10.12") found components: Interpreter 
[0.620s] [31mCMake Error at CMakeLists.txt:16 (find_package):
[0.620s]   By not providing "Findgeometry_msg.cmake" in CMAKE_MODULE_PATH this project
[0.620s]   has asked CMake to find a package configuration file provided by
[0.620s]   "geometry_msg", but CMake did not find one.
[0.621s] 
[0.621s]   Could not find a package configuration file provided by "geometry_msg" with
[0.621s]   any of the following names:
[0.621s] 
[0.621s]     geometry_msgConfig.cmake
[0.621s]     geometry_msg-config.cmake
[0.621s] 
[0.621s]   Add the installation prefix of "geometry_msg" to CMAKE_PREFIX_PATH or set
[0.621s]   "geometry_msg_DIR" to a directory containing one of the above files.  If
[0.621s]   "geometry_msg" provides a separate development package or SDK, be sure it
[0.621s]   has been installed.
[0.621s] 
[0.621s] [0m
[0.621s] -- Configuring incomplete, errors occurred!
[0.621s] See also "/home/leyla/Desktop/clase1/ejemplo1_ws/build/ucb_interface/CMakeFiles/CMakeOutput.log".
[0.624s] Invoked command in '/home/leyla/Desktop/clase1/ejemplo1_ws/build/ucb_interface' returned '1': CMAKE_PREFIX_PATH=${CMAKE_PREFIX_PATH}:/home/leyla/Desktop/clase1/ejemplo1_ws/install/my_package_class:/home/leyla/Desktop/robotica_ws/install/my_package:/opt/ros/humble /usr/bin/cmake /home/leyla/Desktop/clase1/ejemplo1_ws/src/ucb_interface -DCMAKE_INSTALL_PREFIX=/home/leyla/Desktop/clase1/ejemplo1_ws/install/ucb_interface
