[0.190s] Invoking command in '/home/leyla/Desktop/clase1/ejemplo1_ws/build/ucb_interface': CMAKE_PREFIX_PATH=${CMAKE_PREFIX_PATH}:/home/leyla/Desktop/clase1/ejemplo1_ws/install/my_package_class:/home/leyla/Desktop/robotica_ws/install/my_package:/opt/ros/humble /usr/bin/cmake --build /home/leyla/Desktop/clase1/ejemplo1_ws/build/ucb_interface -- -j20 -l20
[0.216s] -- Found ament_cmake: 1.3.11 (/opt/ros/humble/share/ament_cmake/cmake)
[0.318s] -- Found geometry_msgs: 4.2.4 (/opt/ros/humble/share/geometry_msgs/cmake)
[0.341s] -- Found rosidl_generator_c: 3.1.6 (/opt/ros/humble/share/rosidl_generator_c/cmake)
[0.344s] -- Found rosidl_adapter: 3.1.6 (/opt/ros/humble/share/rosidl_adapter/cmake)
[0.349s] -- Found rosidl_generator_cpp: 3.1.6 (/opt/ros/humble/share/rosidl_generator_cpp/cmake)
[0.357s] -- Using all available rosidl_typesupport_c: rosidl_typesupport_fastrtps_c;rosidl_typesupport_introspection_c
[0.369s] -- Using all available rosidl_typesupport_cpp: rosidl_typesupport_fastrtps_cpp;rosidl_typesupport_introspection_cpp
[0.398s] -- Found rosidl_default_generators: 1.2.0 (/opt/ros/humble/share/rosidl_default_generators/cmake)
[0.613s] -- Found ament_cmake_ros: 0.10.0 (/opt/ros/humble/share/ament_cmake_ros/cmake)
[0.902s] -- Using all available rosidl_typesupport_c: rosidl_typesupport_fastrtps_c;rosidl_typesupport_introspection_c
[1.027s] -- Using all available rosidl_typesupport_cpp: rosidl_typesupport_fastrtps_cpp;rosidl_typesupport_introspection_cpp
[1.046s] -- Found python_cmake_module: 0.10.0 (/opt/ros/humble/share/python_cmake_module/cmake)
[1.063s] -- Using PYTHON_EXECUTABLE: /usr/bin/python3
[1.063s] -- Using PYTHON_INCLUDE_DIRS: /usr/include/python3.10
[1.063s] -- Using PYTHON_LIBRARIES: /usr/lib/x86_64-linux-gnu/libpython3.10.so
[1.088s] -- Found ament_lint_auto: 0.12.11 (/opt/ros/humble/share/ament_lint_auto/cmake)
[1.099s] -- Added test 'lint_cmake' to check CMake code style
[1.100s] -- Added test 'xmllint' to check XML markup files
[1.101s] -- Configuring done
[1.136s] -- Generating done
[1.144s] -- Build files have been written to: /home/leyla/Desktop/clase1/ejemplo1_ws/build/ucb_interface
[1.165s] [35m[1mConsolidate compiler generated dependencies of target ucb_interface__rosidl_generator_c[0m
[1.171s] [  2%] Built target ucb_interface__cpp
[1.176s] [ 12%] Built target ucb_interface__rosidl_generator_c
[1.179s] [ 12%] Built target ament_cmake_python_copy_ucb_interface
[1.179s] [35m[1mConsolidate compiler generated dependencies of target ucb_interface__rosidl_typesupport_introspection_cpp[0m
[1.180s] [35m[1mConsolidate compiler generated dependencies of target ucb_interface__rosidl_typesupport_cpp[0m
[1.183s] [35m[1mConsolidate compiler generated dependencies of target ucb_interface__rosidl_typesupport_fastrtps_cpp[0m
[1.184s] [35m[1mConsolidate compiler generated dependencies of target ucb_interface__rosidl_typesupport_introspection_c[0m
[1.184s] [35m[1mConsolidate compiler generated dependencies of target ucb_interface__rosidl_typesupport_c[0m
[1.185s] [35m[1mConsolidate compiler generated dependencies of target ucb_interface__rosidl_typesupport_fastrtps_c[0m
[1.189s] [ 23%] Built target ucb_interface__rosidl_typesupport_introspection_cpp
[1.190s] [ 34%] Built target ucb_interface__rosidl_typesupport_c
[1.191s] [ 44%] Built target ucb_interface__rosidl_typesupport_cpp
[1.193s] [ 55%] Built target ucb_interface__rosidl_typesupport_fastrtps_cpp
[1.194s] [ 65%] Built target ucb_interface__rosidl_typesupport_introspection_c
[1.197s] [ 76%] Built target ucb_interface__rosidl_typesupport_fastrtps_c
[1.213s] [ 76%] Built target ucb_interface
[1.231s] [ 78%] Built target ucb_interface__py
[1.241s] [35m[1mConsolidate compiler generated dependencies of target ucb_interface__rosidl_generator_py[0m
[1.253s] [ 87%] Built target ucb_interface__rosidl_generator_py
[1.261s] [35m[1mConsolidate compiler generated dependencies of target ucb_interface__rosidl_typesupport_introspection_c__pyext[0m
[1.263s] [35m[1mConsolidate compiler generated dependencies of target ucb_interface__rosidl_typesupport_c__pyext[0m
[1.263s] [35m[1mConsolidate compiler generated dependencies of target ucb_interface__rosidl_typesupport_fastrtps_c__pyext[0m
[1.270s] [ 91%] Built target ucb_interface__rosidl_typesupport_introspection_c__pyext
[1.274s] [ 95%] Built target ucb_interface__rosidl_typesupport_fastrtps_c__pyext
[1.274s] [100%] Built target ucb_interface__rosidl_typesupport_c__pyext
[1.328s] running egg_info
[1.329s] writing ucb_interface.egg-info/PKG-INFO
[1.329s] writing dependency_links to ucb_interface.egg-info/dependency_links.txt
[1.329s] writing top-level names to ucb_interface.egg-info/top_level.txt
[1.330s] reading manifest file 'ucb_interface.egg-info/SOURCES.txt'
[1.331s] writing manifest file 'ucb_interface.egg-info/SOURCES.txt'
[1.351s] [100%] Built target ament_cmake_python_build_ucb_interface_egg
[1.362s] Invoked command in '/home/leyla/Desktop/clase1/ejemplo1_ws/build/ucb_interface' returned '0': CMAKE_PREFIX_PATH=${CMAKE_PREFIX_PATH}:/home/leyla/Desktop/clase1/ejemplo1_ws/install/my_package_class:/home/leyla/Desktop/robotica_ws/install/my_package:/opt/ros/humble /usr/bin/cmake --build /home/leyla/Desktop/clase1/ejemplo1_ws/build/ucb_interface -- -j20 -l20
[1.363s] Invoking command in '/home/leyla/Desktop/clase1/ejemplo1_ws/build/ucb_interface': CMAKE_PREFIX_PATH=${CMAKE_PREFIX_PATH}:/home/leyla/Desktop/clase1/ejemplo1_ws/install/my_package_class:/home/leyla/Desktop/robotica_ws/install/my_package:/opt/ros/humble /usr/bin/cmake --install /home/leyla/Desktop/clase1/ejemplo1_ws/build/ucb_interface
[1.371s] -- Install configuration: ""
[1.371s] -- Up-to-date: /home/leyla/Desktop/clase1/ejemplo1_ws/install/ucb_interface/share/ament_index/resource_index/rosidl_interfaces/ucb_interface
[1.371s] -- Up-to-date: /home/leyla/Desktop/clase1/ejemplo1_ws/install/ucb_interface/include/ucb_interface/ucb_interface
[1.371s] -- Up-to-date: /home/leyla/Desktop/clase1/ejemplo1_ws/install/ucb_interface/include/ucb_interface/ucb_interface/srv
[1.371s] -- Up-to-date: /home/leyla/Desktop/clase1/ejemplo1_ws/install/ucb_interface/include/ucb_interface/ucb_interface/srv/addtwonumbers.h
[1.371s] -- Up-to-date: /home/leyla/Desktop/clase1/ejemplo1_ws/install/ucb_interface/include/ucb_interface/ucb_interface/srv/detail
[1.371s] -- Up-to-date: /home/leyla/Desktop/clase1/ejemplo1_ws/install/ucb_interface/include/ucb_interface/ucb_interface/srv/detail/addtwonumbers__struct.h
[1.371s] -- Up-to-date: /home/leyla/Desktop/clase1/ejemplo1_ws/install/ucb_interface/include/ucb_interface/ucb_interface/srv/detail/addtwonumbers__functions.h
[1.371s] -- Up-to-date: /home/leyla/Desktop/clase1/ejemplo1_ws/install/ucb_interface/include/ucb_interface/ucb_interface/srv/detail/addtwonumbers__type_support.h
[1.371s] -- Up-to-date: /home/leyla/Desktop/clase1/ejemplo1_ws/install/ucb_interface/include/ucb_interface/ucb_interface/srv/detail/addtwonumbers__functions.c
[1.371s] -- Up-to-date: /home/leyla/Desktop/clase1/ejemplo1_ws/install/ucb_interface/include/ucb_interface/ucb_interface/msg
[1.371s] -- Up-to-date: /home/leyla/Desktop/clase1/ejemplo1_ws/install/ucb_interface/include/ucb_interface/ucb_interface/msg/rosidl_generator_c__visibility_control.h
[1.371s] -- Up-to-date: /home/leyla/Desktop/clase1/ejemplo1_ws/install/ucb_interface/include/ucb_interface/ucb_interface/msg/num.h
[1.371s] -- Up-to-date: /home/leyla/Desktop/clase1/ejemplo1_ws/install/ucb_interface/include/ucb_interface/ucb_interface/msg/sphere.h
[1.372s] -- Up-to-date: /home/leyla/Desktop/clase1/ejemplo1_ws/install/ucb_interface/include/ucb_interface/ucb_interface/msg/detail
[1.372s] -- Up-to-date: /home/leyla/Desktop/clase1/ejemplo1_ws/install/ucb_interface/include/ucb_interface/ucb_interface/msg/detail/num__struct.h
[1.372s] -- Up-to-date: /home/leyla/Desktop/clase1/ejemplo1_ws/install/ucb_interface/include/ucb_interface/ucb_interface/msg/detail/sphere__type_support.h
[1.372s] -- Up-to-date: /home/leyla/Desktop/clase1/ejemplo1_ws/install/ucb_interface/include/ucb_interface/ucb_interface/msg/detail/num__functions.c
[1.372s] -- Up-to-date: /home/leyla/Desktop/clase1/ejemplo1_ws/install/ucb_interface/include/ucb_interface/ucb_interface/msg/detail/num__type_support.h
[1.372s] -- Up-to-date: /home/leyla/Desktop/clase1/ejemplo1_ws/install/ucb_interface/include/ucb_interface/ucb_interface/msg/detail/sphere__struct.h
[1.372s] -- Up-to-date: /home/leyla/Desktop/clase1/ejemplo1_ws/install/ucb_interface/include/ucb_interface/ucb_interface/msg/detail/sphere__functions.h
[1.372s] -- Up-to-date: /home/leyla/Desktop/clase1/ejemplo1_ws/install/ucb_interface/include/ucb_interface/ucb_interface/msg/detail/num__functions.h
[1.372s] -- Up-to-date: /home/leyla/Desktop/clase1/ejemplo1_ws/install/ucb_interface/include/ucb_interface/ucb_interface/msg/detail/sphere__functions.c
[1.372s] -- Up-to-date: /home/leyla/Desktop/clase1/ejemplo1_ws/install/ucb_interface/share/ucb_interface/environment/library_path.sh
[1.372s] -- Installing: /home/leyla/Desktop/clase1/ejemplo1_ws/install/ucb_interface/share/ucb_interface/environment/library_path.dsv
[1.372s] -- Up-to-date: /home/leyla/Desktop/clase1/ejemplo1_ws/install/ucb_interface/lib/libucb_interface__rosidl_generator_c.so
[1.372s] -- Up-to-date: /home/leyla/Desktop/clase1/ejemplo1_ws/install/ucb_interface/include/ucb_interface/ucb_interface
[1.372s] -- Up-to-date: /home/leyla/Desktop/clase1/ejemplo1_ws/install/ucb_interface/include/ucb_interface/ucb_interface/srv
[1.372s] -- Up-to-date: /home/leyla/Desktop/clase1/ejemplo1_ws/install/ucb_interface/include/ucb_interface/ucb_interface/srv/detail
[1.372s] -- Up-to-date: /home/leyla/Desktop/clase1/ejemplo1_ws/install/ucb_interface/include/ucb_interface/ucb_interface/srv/detail/addtwonumbers__rosidl_typesupport_fastrtps_c.h
[1.372s] -- Up-to-date: /home/leyla/Desktop/clase1/ejemplo1_ws/install/ucb_interface/include/ucb_interface/ucb_interface/msg
[1.372s] -- Up-to-date: /home/leyla/Desktop/clase1/ejemplo1_ws/install/ucb_interface/include/ucb_interface/ucb_interface/msg/rosidl_typesupport_fastrtps_c__visibility_control.h
[1.372s] -- Up-to-date: /home/leyla/Desktop/clase1/ejemplo1_ws/install/ucb_interface/include/ucb_interface/ucb_interface/msg/detail
[1.372s] -- Up-to-date: /home/leyla/Desktop/clase1/ejemplo1_ws/install/ucb_interface/include/ucb_interface/ucb_interface/msg/detail/num__rosidl_typesupport_fastrtps_c.h
[1.372s] -- Up-to-date: /home/leyla/Desktop/clase1/ejemplo1_ws/install/ucb_interface/include/ucb_interface/ucb_interface/msg/detail/sphere__rosidl_typesupport_fastrtps_c.h
[1.372s] -- Up-to-date: /home/leyla/Desktop/clase1/ejemplo1_ws/install/ucb_interface/lib/libucb_interface__rosidl_typesupport_fastrtps_c.so
[1.372s] -- Up-to-date: /home/leyla/Desktop/clase1/ejemplo1_ws/install/ucb_interface/include/ucb_interface/ucb_interface
[1.372s] -- Up-to-date: /home/leyla/Desktop/clase1/ejemplo1_ws/install/ucb_interface/include/ucb_interface/ucb_interface/srv
[1.372s] -- Up-to-date: /home/leyla/Desktop/clase1/ejemplo1_ws/install/ucb_interface/include/ucb_interface/ucb_interface/srv/addtwonumbers.hpp
[1.373s] -- Up-to-date: /home/leyla/Desktop/clase1/ejemplo1_ws/install/ucb_interface/include/ucb_interface/ucb_interface/srv/detail
[1.373s] -- Up-to-date: /home/leyla/Desktop/clase1/ejemplo1_ws/install/ucb_interface/include/ucb_interface/ucb_interface/srv/detail/addtwonumbers__builder.hpp
[1.373s] -- Up-to-date: /home/leyla/Desktop/clase1/ejemplo1_ws/install/ucb_interface/include/ucb_interface/ucb_interface/srv/detail/addtwonumbers__type_support.hpp
[1.373s] -- Up-to-date: /home/leyla/Desktop/clase1/ejemplo1_ws/install/ucb_interface/include/ucb_interface/ucb_interface/srv/detail/addtwonumbers__struct.hpp
[1.373s] -- Up-to-date: /home/leyla/Desktop/clase1/ejemplo1_ws/install/ucb_interface/include/ucb_interface/ucb_interface/srv/detail/addtwonumbers__traits.hpp
[1.373s] -- Up-to-date: /home/leyla/Desktop/clase1/ejemplo1_ws/install/ucb_interface/include/ucb_interface/ucb_interface/msg
[1.373s] -- Up-to-date: /home/leyla/Desktop/clase1/ejemplo1_ws/install/ucb_interface/include/ucb_interface/ucb_interface/msg/sphere.hpp
[1.373s] -- Up-to-date: /home/leyla/Desktop/clase1/ejemplo1_ws/install/ucb_interface/include/ucb_interface/ucb_interface/msg/rosidl_generator_cpp__visibility_control.hpp
[1.373s] -- Up-to-date: /home/leyla/Desktop/clase1/ejemplo1_ws/install/ucb_interface/include/ucb_interface/ucb_interface/msg/num.hpp
[1.373s] -- Up-to-date: /home/leyla/Desktop/clase1/ejemplo1_ws/install/ucb_interface/include/ucb_interface/ucb_interface/msg/detail
[1.373s] -- Up-to-date: /home/leyla/Desktop/clase1/ejemplo1_ws/install/ucb_interface/include/ucb_interface/ucb_interface/msg/detail/num__struct.hpp
[1.373s] -- Up-to-date: /home/leyla/Desktop/clase1/ejemplo1_ws/install/ucb_interface/include/ucb_interface/ucb_interface/msg/detail/sphere__struct.hpp
[1.373s] -- Up-to-date: /home/leyla/Desktop/clase1/ejemplo1_ws/install/ucb_interface/include/ucb_interface/ucb_interface/msg/detail/num__traits.hpp
[1.373s] -- Up-to-date: /home/leyla/Desktop/clase1/ejemplo1_ws/install/ucb_interface/include/ucb_interface/ucb_interface/msg/detail/sphere__builder.hpp
[1.373s] -- Up-to-date: /home/leyla/Desktop/clase1/ejemplo1_ws/install/ucb_interface/include/ucb_interface/ucb_interface/msg/detail/num__type_support.hpp
[1.373s] -- Up-to-date: /home/leyla/Desktop/clase1/ejemplo1_ws/install/ucb_interface/include/ucb_interface/ucb_interface/msg/detail/sphere__traits.hpp
[1.373s] -- Up-to-date: /home/leyla/Desktop/clase1/ejemplo1_ws/install/ucb_interface/include/ucb_interface/ucb_interface/msg/detail/num__builder.hpp
[1.373s] -- Up-to-date: /home/leyla/Desktop/clase1/ejemplo1_ws/install/ucb_interface/include/ucb_interface/ucb_interface/msg/detail/sphere__type_support.hpp
[1.373s] -- Up-to-date: /home/leyla/Desktop/clase1/ejemplo1_ws/install/ucb_interface/include/ucb_interface/ucb_interface
[1.373s] -- Up-to-date: /home/leyla/Desktop/clase1/ejemplo1_ws/install/ucb_interface/include/ucb_interface/ucb_interface/srv
[1.373s] -- Up-to-date: /home/leyla/Desktop/clase1/ejemplo1_ws/install/ucb_interface/include/ucb_interface/ucb_interface/srv/detail
[1.373s] -- Up-to-date: /home/leyla/Desktop/clase1/ejemplo1_ws/install/ucb_interface/include/ucb_interface/ucb_interface/srv/detail/dds_fastrtps
[1.373s] -- Up-to-date: /home/leyla/Desktop/clase1/ejemplo1_ws/install/ucb_interface/include/ucb_interface/ucb_interface/srv/detail/addtwonumbers__rosidl_typesupport_fastrtps_cpp.hpp
[1.373s] -- Up-to-date: /home/leyla/Desktop/clase1/ejemplo1_ws/install/ucb_interface/include/ucb_interface/ucb_interface/msg
[1.373s] -- Up-to-date: /home/leyla/Desktop/clase1/ejemplo1_ws/install/ucb_interface/include/ucb_interface/ucb_interface/msg/rosidl_typesupport_fastrtps_cpp__visibility_control.h
[1.373s] -- Up-to-date: /home/leyla/Desktop/clase1/ejemplo1_ws/install/ucb_interface/include/ucb_interface/ucb_interface/msg/detail
[1.373s] -- Up-to-date: /home/leyla/Desktop/clase1/ejemplo1_ws/install/ucb_interface/include/ucb_interface/ucb_interface/msg/detail/num__rosidl_typesupport_fastrtps_cpp.hpp
[1.373s] -- Up-to-date: /home/leyla/Desktop/clase1/ejemplo1_ws/install/ucb_interface/include/ucb_interface/ucb_interface/msg/detail/dds_fastrtps
[1.373s] -- Up-to-date: /home/leyla/Desktop/clase1/ejemplo1_ws/install/ucb_interface/include/ucb_interface/ucb_interface/msg/detail/sphere__rosidl_typesupport_fastrtps_cpp.hpp
[1.374s] -- Up-to-date: /home/leyla/Desktop/clase1/ejemplo1_ws/install/ucb_interface/lib/libucb_interface__rosidl_typesupport_fastrtps_cpp.so
[1.374s] -- Up-to-date: /home/leyla/Desktop/clase1/ejemplo1_ws/install/ucb_interface/include/ucb_interface/ucb_interface
[1.374s] -- Up-to-date: /home/leyla/Desktop/clase1/ejemplo1_ws/install/ucb_interface/include/ucb_interface/ucb_interface/srv
[1.374s] -- Up-to-date: /home/leyla/Desktop/clase1/ejemplo1_ws/install/ucb_interface/include/ucb_interface/ucb_interface/srv/detail
[1.374s] -- Up-to-date: /home/leyla/Desktop/clase1/ejemplo1_ws/install/ucb_interface/include/ucb_interface/ucb_interface/srv/detail/addtwonumbers__type_support.c
[1.374s] -- Up-to-date: /home/leyla/Desktop/clase1/ejemplo1_ws/install/ucb_interface/include/ucb_interface/ucb_interface/srv/detail/addtwonumbers__rosidl_typesupport_introspection_c.h
[1.374s] -- Up-to-date: /home/leyla/Desktop/clase1/ejemplo1_ws/install/ucb_interface/include/ucb_interface/ucb_interface/msg
[1.374s] -- Up-to-date: /home/leyla/Desktop/clase1/ejemplo1_ws/install/ucb_interface/include/ucb_interface/ucb_interface/msg/rosidl_typesupport_introspection_c__visibility_control.h
[1.374s] -- Up-to-date: /home/leyla/Desktop/clase1/ejemplo1_ws/install/ucb_interface/include/ucb_interface/ucb_interface/msg/detail
[1.374s] -- Up-to-date: /home/leyla/Desktop/clase1/ejemplo1_ws/install/ucb_interface/include/ucb_interface/ucb_interface/msg/detail/num__rosidl_typesupport_introspection_c.h
[1.374s] -- Up-to-date: /home/leyla/Desktop/clase1/ejemplo1_ws/install/ucb_interface/include/ucb_interface/ucb_interface/msg/detail/num__type_support.c
[1.374s] -- Up-to-date: /home/leyla/Desktop/clase1/ejemplo1_ws/install/ucb_interface/include/ucb_interface/ucb_interface/msg/detail/sphere__type_support.c
[1.374s] -- Up-to-date: /home/leyla/Desktop/clase1/ejemplo1_ws/install/ucb_interface/include/ucb_interface/ucb_interface/msg/detail/sphere__rosidl_typesupport_introspection_c.h
[1.374s] -- Up-to-date: /home/leyla/Desktop/clase1/ejemplo1_ws/install/ucb_interface/lib/libucb_interface__rosidl_typesupport_introspection_c.so
[1.374s] -- Up-to-date: /home/leyla/Desktop/clase1/ejemplo1_ws/install/ucb_interface/lib/libucb_interface__rosidl_typesupport_c.so
[1.374s] -- Up-to-date: /home/leyla/Desktop/clase1/ejemplo1_ws/install/ucb_interface/include/ucb_interface/ucb_interface
[1.374s] -- Up-to-date: /home/leyla/Desktop/clase1/ejemplo1_ws/install/ucb_interface/include/ucb_interface/ucb_interface/srv
[1.374s] -- Up-to-date: /home/leyla/Desktop/clase1/ejemplo1_ws/install/ucb_interface/include/ucb_interface/ucb_interface/srv/detail
[1.374s] -- Up-to-date: /home/leyla/Desktop/clase1/ejemplo1_ws/install/ucb_interface/include/ucb_interface/ucb_interface/srv/detail/addtwonumbers__type_support.cpp
[1.374s] -- Up-to-date: /home/leyla/Desktop/clase1/ejemplo1_ws/install/ucb_interface/include/ucb_interface/ucb_interface/srv/detail/addtwonumbers__rosidl_typesupport_introspection_cpp.hpp
[1.374s] -- Up-to-date: /home/leyla/Desktop/clase1/ejemplo1_ws/install/ucb_interface/include/ucb_interface/ucb_interface/msg
[1.375s] -- Up-to-date: /home/leyla/Desktop/clase1/ejemplo1_ws/install/ucb_interface/include/ucb_interface/ucb_interface/msg/detail
[1.375s] -- Up-to-date: /home/leyla/Desktop/clase1/ejemplo1_ws/install/ucb_interface/include/ucb_interface/ucb_interface/msg/detail/num__rosidl_typesupport_introspection_cpp.hpp
[1.375s] -- Up-to-date: /home/leyla/Desktop/clase1/ejemplo1_ws/install/ucb_interface/include/ucb_interface/ucb_interface/msg/detail/num__type_support.cpp
[1.375s] -- Up-to-date: /home/leyla/Desktop/clase1/ejemplo1_ws/install/ucb_interface/include/ucb_interface/ucb_interface/msg/detail/sphere__type_support.cpp
[1.375s] -- Up-to-date: /home/leyla/Desktop/clase1/ejemplo1_ws/install/ucb_interface/include/ucb_interface/ucb_interface/msg/detail/sphere__rosidl_typesupport_introspection_cpp.hpp
[1.375s] -- Up-to-date: /home/leyla/Desktop/clase1/ejemplo1_ws/install/ucb_interface/lib/libucb_interface__rosidl_typesupport_introspection_cpp.so
[1.375s] -- Up-to-date: /home/leyla/Desktop/clase1/ejemplo1_ws/install/ucb_interface/lib/libucb_interface__rosidl_typesupport_cpp.so
[1.375s] -- Up-to-date: /home/leyla/Desktop/clase1/ejemplo1_ws/install/ucb_interface/share/ucb_interface/environment/pythonpath.sh
[1.376s] -- Installing: /home/leyla/Desktop/clase1/ejemplo1_ws/install/ucb_interface/share/ucb_interface/environment/pythonpath.dsv
[1.376s] -- Up-to-date: /home/leyla/Desktop/clase1/ejemplo1_ws/install/ucb_interface/local/lib/python3.10/dist-packages/ucb_interface-0.0.0-py3.10.egg-info
[1.376s] -- Installing: /home/leyla/Desktop/clase1/ejemplo1_ws/install/ucb_interface/local/lib/python3.10/dist-packages/ucb_interface-0.0.0-py3.10.egg-info/dependency_links.txt
[1.376s] -- Installing: /home/leyla/Desktop/clase1/ejemplo1_ws/install/ucb_interface/local/lib/python3.10/dist-packages/ucb_interface-0.0.0-py3.10.egg-info/PKG-INFO
[1.376s] -- Installing: /home/leyla/Desktop/clase1/ejemplo1_ws/install/ucb_interface/local/lib/python3.10/dist-packages/ucb_interface-0.0.0-py3.10.egg-info/SOURCES.txt
[1.376s] -- Installing: /home/leyla/Desktop/clase1/ejemplo1_ws/install/ucb_interface/local/lib/python3.10/dist-packages/ucb_interface-0.0.0-py3.10.egg-info/top_level.txt
[1.376s] -- Up-to-date: /home/leyla/Desktop/clase1/ejemplo1_ws/install/ucb_interface/local/lib/python3.10/dist-packages/ucb_interface
[1.376s] -- Up-to-date: /home/leyla/Desktop/clase1/ejemplo1_ws/install/ucb_interface/local/lib/python3.10/dist-packages/ucb_interface/libucb_interface__rosidl_generator_py.so
[1.376s] -- Up-to-date: /home/leyla/Desktop/clase1/ejemplo1_ws/install/ucb_interface/local/lib/python3.10/dist-packages/ucb_interface/ucb_interface_s__rosidl_typesupport_introspection_c.cpython-310-x86_64-linux-gnu.so
[1.376s] -- Installing: /home/leyla/Desktop/clase1/ejemplo1_ws/install/ucb_interface/local/lib/python3.10/dist-packages/ucb_interface/__init__.py
[1.376s] -- Up-to-date: /home/leyla/Desktop/clase1/ejemplo1_ws/install/ucb_interface/local/lib/python3.10/dist-packages/ucb_interface/_ucb_interface_s.ep.rosidl_typesupport_c.c
[1.376s] -- Up-to-date: /home/leyla/Desktop/clase1/ejemplo1_ws/install/ucb_interface/local/lib/python3.10/dist-packages/ucb_interface/_ucb_interface_s.ep.rosidl_typesupport_introspection_c.c
[1.376s] -- Up-to-date: /home/leyla/Desktop/clase1/ejemplo1_ws/install/ucb_interface/local/lib/python3.10/dist-packages/ucb_interface/ucb_interface_s__rosidl_typesupport_c.cpython-310-x86_64-linux-gnu.so
[1.376s] -- Up-to-date: /home/leyla/Desktop/clase1/ejemplo1_ws/install/ucb_interface/local/lib/python3.10/dist-packages/ucb_interface/srv
[1.376s] -- Up-to-date: /home/leyla/Desktop/clase1/ejemplo1_ws/install/ucb_interface/local/lib/python3.10/dist-packages/ucb_interface/srv/_addtwonumbers_s.c
[1.376s] -- Up-to-date: /home/leyla/Desktop/clase1/ejemplo1_ws/install/ucb_interface/local/lib/python3.10/dist-packages/ucb_interface/srv/__init__.py
[1.376s] -- Up-to-date: /home/leyla/Desktop/clase1/ejemplo1_ws/install/ucb_interface/local/lib/python3.10/dist-packages/ucb_interface/srv/_addtwonumbers.py
[1.376s] -- Up-to-date: /home/leyla/Desktop/clase1/ejemplo1_ws/install/ucb_interface/local/lib/python3.10/dist-packages/ucb_interface/_ucb_interface_s.ep.rosidl_typesupport_fastrtps_c.c
[1.376s] -- Up-to-date: /home/leyla/Desktop/clase1/ejemplo1_ws/install/ucb_interface/local/lib/python3.10/dist-packages/ucb_interface/msg
[1.376s] -- Up-to-date: /home/leyla/Desktop/clase1/ejemplo1_ws/install/ucb_interface/local/lib/python3.10/dist-packages/ucb_interface/msg/__init__.py
[1.376s] -- Up-to-date: /home/leyla/Desktop/clase1/ejemplo1_ws/install/ucb_interface/local/lib/python3.10/dist-packages/ucb_interface/msg/_sphere_s.c
[1.376s] -- Up-to-date: /home/leyla/Desktop/clase1/ejemplo1_ws/install/ucb_interface/local/lib/python3.10/dist-packages/ucb_interface/msg/_num_s.c
[1.376s] -- Up-to-date: /home/leyla/Desktop/clase1/ejemplo1_ws/install/ucb_interface/local/lib/python3.10/dist-packages/ucb_interface/msg/_num.py
[1.376s] -- Up-to-date: /home/leyla/Desktop/clase1/ejemplo1_ws/install/ucb_interface/local/lib/python3.10/dist-packages/ucb_interface/msg/_sphere.py
[1.377s] -- Up-to-date: /home/leyla/Desktop/clase1/ejemplo1_ws/install/ucb_interface/local/lib/python3.10/dist-packages/ucb_interface/ucb_interface_s__rosidl_typesupport_fastrtps_c.cpython-310-x86_64-linux-gnu.so
[1.404s] Listing '/home/leyla/Desktop/clase1/ejemplo1_ws/install/ucb_interface/local/lib/python3.10/dist-packages/ucb_interface'...
[1.404s] Compiling '/home/leyla/Desktop/clase1/ejemplo1_ws/install/ucb_interface/local/lib/python3.10/dist-packages/ucb_interface/__init__.py'...
[1.404s] Listing '/home/leyla/Desktop/clase1/ejemplo1_ws/install/ucb_interface/local/lib/python3.10/dist-packages/ucb_interface/msg'...
[1.404s] Listing '/home/leyla/Desktop/clase1/ejemplo1_ws/install/ucb_interface/local/lib/python3.10/dist-packages/ucb_interface/srv'...
[1.408s] -- Up-to-date: /home/leyla/Desktop/clase1/ejemplo1_ws/install/ucb_interface/local/lib/python3.10/dist-packages/ucb_interface/ucb_interface_s__rosidl_typesupport_fastrtps_c.cpython-310-x86_64-linux-gnu.so
[1.409s] -- Up-to-date: /home/leyla/Desktop/clase1/ejemplo1_ws/install/ucb_interface/local/lib/python3.10/dist-packages/ucb_interface/ucb_interface_s__rosidl_typesupport_introspection_c.cpython-310-x86_64-linux-gnu.so
[1.409s] -- Up-to-date: /home/leyla/Desktop/clase1/ejemplo1_ws/install/ucb_interface/local/lib/python3.10/dist-packages/ucb_interface/ucb_interface_s__rosidl_typesupport_c.cpython-310-x86_64-linux-gnu.so
[1.409s] -- Up-to-date: /home/leyla/Desktop/clase1/ejemplo1_ws/install/ucb_interface/lib/libucb_interface__rosidl_generator_py.so
[1.410s] -- Up-to-date: /home/leyla/Desktop/clase1/ejemplo1_ws/install/ucb_interface/share/ucb_interface/msg/Num.idl
[1.410s] -- Up-to-date: /home/leyla/Desktop/clase1/ejemplo1_ws/install/ucb_interface/share/ucb_interface/msg/Sphere.idl
[1.410s] -- Up-to-date: /home/leyla/Desktop/clase1/ejemplo1_ws/install/ucb_interface/share/ucb_interface/srv/Addtwonumbers.idl
[1.410s] -- Up-to-date: /home/leyla/Desktop/clase1/ejemplo1_ws/install/ucb_interface/share/ucb_interface/msg/Num.msg
[1.410s] -- Up-to-date: /home/leyla/Desktop/clase1/ejemplo1_ws/install/ucb_interface/share/ucb_interface/msg/Sphere.msg
[1.410s] -- Up-to-date: /home/leyla/Desktop/clase1/ejemplo1_ws/install/ucb_interface/share/ucb_interface/srv/Addtwonumbers.srv
[1.410s] -- Up-to-date: /home/leyla/Desktop/clase1/ejemplo1_ws/install/ucb_interface/share/ucb_interface/srv/Addtwonumbers_Request.msg
[1.410s] -- Up-to-date: /home/leyla/Desktop/clase1/ejemplo1_ws/install/ucb_interface/share/ucb_interface/srv/Addtwonumbers_Response.msg
[1.410s] -- Up-to-date: /home/leyla/Desktop/clase1/ejemplo1_ws/install/ucb_interface/share/ament_index/resource_index/package_run_dependencies/ucb_interface
[1.410s] -- Up-to-date: /home/leyla/Desktop/clase1/ejemplo1_ws/install/ucb_interface/share/ament_index/resource_index/parent_prefix_path/ucb_interface
[1.410s] -- Up-to-date: /home/leyla/Desktop/clase1/ejemplo1_ws/install/ucb_interface/share/ucb_interface/environment/ament_prefix_path.sh
[1.410s] -- Installing: /home/leyla/Desktop/clase1/ejemplo1_ws/install/ucb_interface/share/ucb_interface/environment/ament_prefix_path.dsv
[1.410s] -- Up-to-date: /home/leyla/Desktop/clase1/ejemplo1_ws/install/ucb_interface/share/ucb_interface/environment/path.sh
[1.410s] -- Installing: /home/leyla/Desktop/clase1/ejemplo1_ws/install/ucb_interface/share/ucb_interface/environment/path.dsv
[1.410s] -- Up-to-date: /home/leyla/Desktop/clase1/ejemplo1_ws/install/ucb_interface/share/ucb_interface/local_setup.bash
[1.410s] -- Up-to-date: /home/leyla/Desktop/clase1/ejemplo1_ws/install/ucb_interface/share/ucb_interface/local_setup.sh
[1.410s] -- Up-to-date: /home/leyla/Desktop/clase1/ejemplo1_ws/install/ucb_interface/share/ucb_interface/local_setup.zsh
[1.410s] -- Installing: /home/leyla/Desktop/clase1/ejemplo1_ws/install/ucb_interface/share/ucb_interface/local_setup.dsv
[1.410s] -- Installing: /home/leyla/Desktop/clase1/ejemplo1_ws/install/ucb_interface/share/ucb_interface/package.dsv
[1.410s] -- Up-to-date: /home/leyla/Desktop/clase1/ejemplo1_ws/install/ucb_interface/share/ament_index/resource_index/packages/ucb_interface
[1.410s] -- Up-to-date: /home/leyla/Desktop/clase1/ejemplo1_ws/install/ucb_interface/share/ucb_interface/cmake/export_ucb_interface__rosidl_generator_cExport.cmake
[1.410s] -- Up-to-date: /home/leyla/Desktop/clase1/ejemplo1_ws/install/ucb_interface/share/ucb_interface/cmake/export_ucb_interface__rosidl_generator_cExport-noconfig.cmake
[1.410s] -- Up-to-date: /home/leyla/Desktop/clase1/ejemplo1_ws/install/ucb_interface/share/ucb_interface/cmake/export_ucb_interface__rosidl_typesupport_fastrtps_cExport.cmake
[1.410s] -- Up-to-date: /home/leyla/Desktop/clase1/ejemplo1_ws/install/ucb_interface/share/ucb_interface/cmake/export_ucb_interface__rosidl_typesupport_fastrtps_cExport-noconfig.cmake
[1.411s] -- Up-to-date: /home/leyla/Desktop/clase1/ejemplo1_ws/install/ucb_interface/share/ucb_interface/cmake/export_ucb_interface__rosidl_generator_cppExport.cmake
[1.411s] -- Up-to-date: /home/leyla/Desktop/clase1/ejemplo1_ws/install/ucb_interface/share/ucb_interface/cmake/export_ucb_interface__rosidl_typesupport_fastrtps_cppExport.cmake
[1.411s] -- Up-to-date: /home/leyla/Desktop/clase1/ejemplo1_ws/install/ucb_interface/share/ucb_interface/cmake/export_ucb_interface__rosidl_typesupport_fastrtps_cppExport-noconfig.cmake
[1.411s] -- Up-to-date: /home/leyla/Desktop/clase1/ejemplo1_ws/install/ucb_interface/share/ucb_interface/cmake/ucb_interface__rosidl_typesupport_introspection_cExport.cmake
[1.411s] -- Up-to-date: /home/leyla/Desktop/clase1/ejemplo1_ws/install/ucb_interface/share/ucb_interface/cmake/ucb_interface__rosidl_typesupport_introspection_cExport-noconfig.cmake
[1.411s] -- Up-to-date: /home/leyla/Desktop/clase1/ejemplo1_ws/install/ucb_interface/share/ucb_interface/cmake/ucb_interface__rosidl_typesupport_cExport.cmake
[1.411s] -- Up-to-date: /home/leyla/Desktop/clase1/ejemplo1_ws/install/ucb_interface/share/ucb_interface/cmake/ucb_interface__rosidl_typesupport_cExport-noconfig.cmake
[1.411s] -- Up-to-date: /home/leyla/Desktop/clase1/ejemplo1_ws/install/ucb_interface/share/ucb_interface/cmake/ucb_interface__rosidl_typesupport_introspection_cppExport.cmake
[1.411s] -- Up-to-date: /home/leyla/Desktop/clase1/ejemplo1_ws/install/ucb_interface/share/ucb_interface/cmake/ucb_interface__rosidl_typesupport_introspection_cppExport-noconfig.cmake
[1.411s] -- Up-to-date: /home/leyla/Desktop/clase1/ejemplo1_ws/install/ucb_interface/share/ucb_interface/cmake/ucb_interface__rosidl_typesupport_cppExport.cmake
[1.411s] -- Up-to-date: /home/leyla/Desktop/clase1/ejemplo1_ws/install/ucb_interface/share/ucb_interface/cmake/ucb_interface__rosidl_typesupport_cppExport-noconfig.cmake
[1.411s] -- Up-to-date: /home/leyla/Desktop/clase1/ejemplo1_ws/install/ucb_interface/share/ucb_interface/cmake/export_ucb_interface__rosidl_generator_pyExport.cmake
[1.411s] -- Up-to-date: /home/leyla/Desktop/clase1/ejemplo1_ws/install/ucb_interface/share/ucb_interface/cmake/export_ucb_interface__rosidl_generator_pyExport-noconfig.cmake
[1.412s] -- Up-to-date: /home/leyla/Desktop/clase1/ejemplo1_ws/install/ucb_interface/share/ucb_interface/cmake/rosidl_cmake-extras.cmake
[1.412s] -- Up-to-date: /home/leyla/Desktop/clase1/ejemplo1_ws/install/ucb_interface/share/ucb_interface/cmake/ament_cmake_export_dependencies-extras.cmake
[1.412s] -- Up-to-date: /home/leyla/Desktop/clase1/ejemplo1_ws/install/ucb_interface/share/ucb_interface/cmake/ament_cmake_export_include_directories-extras.cmake
[1.412s] -- Up-to-date: /home/leyla/Desktop/clase1/ejemplo1_ws/install/ucb_interface/share/ucb_interface/cmake/ament_cmake_export_libraries-extras.cmake
[1.412s] -- Up-to-date: /home/leyla/Desktop/clase1/ejemplo1_ws/install/ucb_interface/share/ucb_interface/cmake/ament_cmake_export_targets-extras.cmake
[1.412s] -- Up-to-date: /home/leyla/Desktop/clase1/ejemplo1_ws/install/ucb_interface/share/ucb_interface/cmake/rosidl_cmake_export_typesupport_targets-extras.cmake
[1.412s] -- Up-to-date: /home/leyla/Desktop/clase1/ejemplo1_ws/install/ucb_interface/share/ucb_interface/cmake/rosidl_cmake_export_typesupport_libraries-extras.cmake
[1.412s] -- Up-to-date: /home/leyla/Desktop/clase1/ejemplo1_ws/install/ucb_interface/share/ucb_interface/cmake/ucb_interfaceConfig.cmake
[1.412s] -- Up-to-date: /home/leyla/Desktop/clase1/ejemplo1_ws/install/ucb_interface/share/ucb_interface/cmake/ucb_interfaceConfig-version.cmake
[1.412s] -- Installing: /home/leyla/Desktop/clase1/ejemplo1_ws/install/ucb_interface/share/ucb_interface/package.xml
[1.414s] Invoked command in '/home/leyla/Desktop/clase1/ejemplo1_ws/build/ucb_interface' returned '0': CMAKE_PREFIX_PATH=${CMAKE_PREFIX_PATH}:/home/leyla/Desktop/clase1/ejemplo1_ws/install/my_package_class:/home/leyla/Desktop/robotica_ws/install/my_package:/opt/ros/humble /usr/bin/cmake --install /home/leyla/Desktop/clase1/ejemplo1_ws/build/ucb_interface
