running egg_info
writing ../../build/my_package_class/my_package_class.egg-info/PKG-INFO
writing dependency_links to ../../build/my_package_class/my_package_class.egg-info/dependency_links.txt
writing entry points to ../../build/my_package_class/my_package_class.egg-info/entry_points.txt
writing requirements to ../../build/my_package_class/my_package_class.egg-info/requires.txt
writing top-level names to ../../build/my_package_class/my_package_class.egg-info/top_level.txt
reading manifest file '../../build/my_package_class/my_package_class.egg-info/SOURCES.txt'
adding license file 'LICENSE'
writing manifest file '../../build/my_package_class/my_package_class.egg-info/SOURCES.txt'
running build
running build_py
copying my_package_class/service.py -> /home/leyla/Desktop/clase1/ejemplo1_ws/build/my_package_class/build/lib/my_package_class
copying my_package_class/sub_custom_msg.py -> /home/leyla/Desktop/clase1/ejemplo1_ws/build/my_package_class/build/lib/my_package_class
running install
running install_lib
copying /home/leyla/Desktop/clase1/ejemplo1_ws/build/my_package_class/build/lib/my_package_class/service.py -> /home/leyla/Desktop/clase1/ejemplo1_ws/install/my_package_class/lib/python3.10/site-packages/my_package_class
copying /home/leyla/Desktop/clase1/ejemplo1_ws/build/my_package_class/build/lib/my_package_class/sub_custom_msg.py -> /home/leyla/Desktop/clase1/ejemplo1_ws/install/my_package_class/lib/python3.10/site-packages/my_package_class
byte-compiling /home/leyla/Desktop/clase1/ejemplo1_ws/install/my_package_class/lib/python3.10/site-packages/my_package_class/service.py to service.cpython-310.pyc
byte-compiling /home/leyla/Desktop/clase1/ejemplo1_ws/install/my_package_class/lib/python3.10/site-packages/my_package_class/sub_custom_msg.py to sub_custom_msg.cpython-310.pyc
running install_data
copying package.xml -> /home/leyla/Desktop/clase1/ejemplo1_ws/install/my_package_class/share/my_package_class
running install_egg_info
removing '/home/leyla/Desktop/clase1/ejemplo1_ws/install/my_package_class/lib/python3.10/site-packages/my_package_class-0.0.0-py3.10.egg-info' (and everything under it)
Copying ../../build/my_package_class/my_package_class.egg-info to /home/leyla/Desktop/clase1/ejemplo1_ws/install/my_package_class/lib/python3.10/site-packages/my_package_class-0.0.0-py3.10.egg-info
running install_scripts
Installing custom_pub script to /home/leyla/Desktop/clase1/ejemplo1_ws/install/my_package_class/lib/my_package_class
Installing custom_sub script to /home/leyla/Desktop/clase1/ejemplo1_ws/install/my_package_class/lib/my_package_class
Installing ps script to /home/leyla/Desktop/clase1/ejemplo1_ws/install/my_package_class/lib/my_package_class
Installing pub script to /home/leyla/Desktop/clase1/ejemplo1_ws/install/my_package_class/lib/my_package_class
Installing s_test script to /home/leyla/Desktop/clase1/ejemplo1_ws/install/my_package_class/lib/my_package_class
Installing service script to /home/leyla/Desktop/clase1/ejemplo1_ws/install/my_package_class/lib/my_package_class
Installing sub script to /home/leyla/Desktop/clase1/ejemplo1_ws/install/my_package_class/lib/my_package_class
writing list of installed files to '/home/leyla/Desktop/clase1/ejemplo1_ws/build/my_package_class/install.log'
