[0.009s] Invoking command in '/home/leyla/Desktop/clase1/ejemplo1_ws/build/cpp_pubsub': CMAKE_PREFIX_PATH=${CMAKE_PREFIX_PATH}:/home/leyla/Desktop/clase1/ejemplo1_ws/install/my_package_class:/home/leyla/Desktop/robotica_ws/install/my_package:/opt/ros/humble /usr/bin/cmake --build /home/leyla/Desktop/clase1/ejemplo1_ws/build/cpp_pubsub -- -j20 -l20
[0.022s] -- Found ament_cmake: 1.3.11 (/opt/ros/humble/share/ament_cmake/cmake)
[0.096s] -- Found rclcpp: 16.0.11 (/opt/ros/humble/share/rclcpp/cmake)
[0.111s] -- Found rosidl_generator_c: 3.1.6 (/opt/ros/humble/share/rosidl_generator_c/cmake)
[0.112s] -- Found rosidl_adapter: 3.1.6 (/opt/ros/humble/share/rosidl_adapter/cmake)
[0.115s] -- Found rosidl_generator_cpp: 3.1.6 (/opt/ros/humble/share/rosidl_generator_cpp/cmake)
[0.120s] -- Using all available rosidl_typesupport_c: rosidl_typesupport_fastrtps_c;rosidl_typesupport_introspection_c
[0.126s] -- Using all available rosidl_typesupport_cpp: rosidl_typesupport_fastrtps_cpp;rosidl_typesupport_introspection_cpp
[0.143s] -- Found rmw_implementation_cmake: 6.1.2 (/opt/ros/humble/share/rmw_implementation_cmake/cmake)
[0.143s] -- Found rmw_fastrtps_cpp: 6.2.7 (/opt/ros/humble/share/rmw_fastrtps_cpp/cmake)
[0.195s] -- Using RMW implementation 'rmw_fastrtps_cpp' as default
[0.227s] [31mCMake Error at /opt/ros/humble/share/ament_cmake_target_dependencies/cmake/ament_target_dependencies.cmake:42 (message):
[0.227s]   ament_target_dependencies() the first argument must be a valid target name
[0.227s] Call Stack (most recent call first):
[0.227s]   CMakeLists.txt:19 (ament_target_dependencies)
[0.227s] 
[0.227s] [0m
[0.227s] -- Configuring incomplete, errors occurred!
[0.227s] See also "/home/leyla/Desktop/clase1/ejemplo1_ws/build/cpp_pubsub/CMakeFiles/CMakeOutput.log".
[0.231s] gmake: *** [Makefile:226: cmake_check_build_system] Error 1
[0.232s] Invoked command in '/home/leyla/Desktop/clase1/ejemplo1_ws/build/cpp_pubsub' returned '2': CMAKE_PREFIX_PATH=${CMAKE_PREFIX_PATH}:/home/leyla/Desktop/clase1/ejemplo1_ws/install/my_package_class:/home/leyla/Desktop/robotica_ws/install/my_package:/opt/ros/humble /usr/bin/cmake --build /home/leyla/Desktop/clase1/ejemplo1_ws/build/cpp_pubsub -- -j20 -l20
