[0.386s] Invoking command in '/home/leyla/Desktop/clase1/prac1_ws/src/package_py': PYTHONPATH=/home/leyla/Desktop/clase1/prac1_ws/build/package_py/prefix_override:/usr/lib/python3/dist-packages/colcon_core/task/python/colcon_distutils_commands:/home/leyla/Desktop/clase1/prac1_ws/install/package_py/lib/python3.10/site-packages:${PYTHONPATH} /usr/bin/python3 -W ignore:setup.py install is deprecated -W ignore:easy_install command is deprecated setup.py egg_info --egg-base ../../build/package_py build --build-base /home/leyla/Desktop/clase1/prac1_ws/build/package_py/build install --record /home/leyla/Desktop/clase1/prac1_ws/build/package_py/install.log --single-version-externally-managed install_data
[0.549s] running egg_info
[0.550s] writing ../../build/package_py/package_py.egg-info/PKG-INFO
[0.550s] writing dependency_links to ../../build/package_py/package_py.egg-info/dependency_links.txt
[0.550s] writing entry points to ../../build/package_py/package_py.egg-info/entry_points.txt
[0.550s] writing requirements to ../../build/package_py/package_py.egg-info/requires.txt
[0.551s] writing top-level names to ../../build/package_py/package_py.egg-info/top_level.txt
[0.552s] reading manifest file '../../build/package_py/package_py.egg-info/SOURCES.txt'
[0.559s] adding license file 'LICENSE'
[0.560s] writing manifest file '../../build/package_py/package_py.egg-info/SOURCES.txt'
[0.560s] running build
[0.560s] running build_py
[0.560s] running install
[0.560s] running install_lib
[0.561s] running install_data
[0.562s] running install_egg_info
[0.563s] removing '/home/leyla/Desktop/clase1/prac1_ws/install/package_py/lib/python3.10/site-packages/package_py-0.0.0-py3.10.egg-info' (and everything under it)
[0.563s] Copying ../../build/package_py/package_py.egg-info to /home/leyla/Desktop/clase1/prac1_ws/install/package_py/lib/python3.10/site-packages/package_py-0.0.0-py3.10.egg-info
[0.563s] running install_scripts
[0.581s] Installing node1 script to /home/leyla/Desktop/clase1/prac1_ws/install/package_py/lib/package_py
[0.581s] Installing node2 script to /home/leyla/Desktop/clase1/prac1_ws/install/package_py/lib/package_py
[0.581s] Installing node3 script to /home/leyla/Desktop/clase1/prac1_ws/install/package_py/lib/package_py
[0.581s] writing list of installed files to '/home/leyla/Desktop/clase1/prac1_ws/build/package_py/install.log'
[0.598s] Invoked command in '/home/leyla/Desktop/clase1/prac1_ws/src/package_py' returned '0': PYTHONPATH=/home/leyla/Desktop/clase1/prac1_ws/build/package_py/prefix_override:/usr/lib/python3/dist-packages/colcon_core/task/python/colcon_distutils_commands:/home/leyla/Desktop/clase1/prac1_ws/install/package_py/lib/python3.10/site-packages:${PYTHONPATH} /usr/bin/python3 -W ignore:setup.py install is deprecated -W ignore:easy_install command is deprecated setup.py egg_info --egg-base ../../build/package_py build --build-base /home/leyla/Desktop/clase1/prac1_ws/build/package_py/build install --record /home/leyla/Desktop/clase1/prac1_ws/build/package_py/install.log --single-version-externally-managed install_data
