/home/leyla/Desktop/repositorio_lipa/robotica_1/clase1/prac1_ws/install/package_py/lib/python3.10/site-packages/package_py/__init__.py
/home/leyla/Desktop/repositorio_lipa/robotica_1/clase1/prac1_ws/install/package_py/lib/python3.10/site-packages/package_py/node2.py
/home/leyla/Desktop/repositorio_lipa/robotica_1/clase1/prac1_ws/install/package_py/lib/python3.10/site-packages/package_py/node1.py
/home/leyla/Desktop/repositorio_lipa/robotica_1/clase1/prac1_ws/install/package_py/lib/python3.10/site-packages/package_py/node3.py
/home/leyla/Desktop/repositorio_lipa/robotica_1/clase1/prac1_ws/install/package_py/lib/python3.10/site-packages/package_py/e2_n1.py
/home/leyla/Desktop/repositorio_lipa/robotica_1/clase1/prac1_ws/install/package_py/lib/python3.10/site-packages/package_py/e2_n2.py
/home/leyla/Desktop/repositorio_lipa/robotica_1/clase1/prac1_ws/install/package_py/lib/python3.10/site-packages/package_py/e2_n3.py
/home/leyla/Desktop/repositorio_lipa/robotica_1/clase1/prac1_ws/install/package_py/lib/python3.10/site-packages/package_py/__pycache__/__init__.cpython-310.pyc
/home/leyla/Desktop/repositorio_lipa/robotica_1/clase1/prac1_ws/install/package_py/lib/python3.10/site-packages/package_py/__pycache__/node2.cpython-310.pyc
/home/leyla/Desktop/repositorio_lipa/robotica_1/clase1/prac1_ws/install/package_py/lib/python3.10/site-packages/package_py/__pycache__/node1.cpython-310.pyc
/home/leyla/Desktop/repositorio_lipa/robotica_1/clase1/prac1_ws/install/package_py/lib/python3.10/site-packages/package_py/__pycache__/node3.cpython-310.pyc
/home/leyla/Desktop/repositorio_lipa/robotica_1/clase1/prac1_ws/install/package_py/lib/python3.10/site-packages/package_py/__pycache__/e2_n1.cpython-310.pyc
/home/leyla/Desktop/repositorio_lipa/robotica_1/clase1/prac1_ws/install/package_py/lib/python3.10/site-packages/package_py/__pycache__/e2_n2.cpython-310.pyc
/home/leyla/Desktop/repositorio_lipa/robotica_1/clase1/prac1_ws/install/package_py/lib/python3.10/site-packages/package_py/__pycache__/e2_n3.cpython-310.pyc
/home/leyla/Desktop/repositorio_lipa/robotica_1/clase1/prac1_ws/install/package_py/share/ament_index/resource_index/packages/package_py
/home/leyla/Desktop/repositorio_lipa/robotica_1/clase1/prac1_ws/install/package_py/share/package_py/package.xml
/home/leyla/Desktop/repositorio_lipa/robotica_1/clase1/prac1_ws/install/package_py/lib/python3.10/site-packages/package_py-0.0.0-py3.10.egg-info/entry_points.txt
/home/leyla/Desktop/repositorio_lipa/robotica_1/clase1/prac1_ws/install/package_py/lib/python3.10/site-packages/package_py-0.0.0-py3.10.egg-info/requires.txt
/home/leyla/Desktop/repositorio_lipa/robotica_1/clase1/prac1_ws/install/package_py/lib/python3.10/site-packages/package_py-0.0.0-py3.10.egg-info/dependency_links.txt
/home/leyla/Desktop/repositorio_lipa/robotica_1/clase1/prac1_ws/install/package_py/lib/python3.10/site-packages/package_py-0.0.0-py3.10.egg-info/zip-safe
/home/leyla/Desktop/repositorio_lipa/robotica_1/clase1/prac1_ws/install/package_py/lib/python3.10/site-packages/package_py-0.0.0-py3.10.egg-info/PKG-INFO
/home/leyla/Desktop/repositorio_lipa/robotica_1/clase1/prac1_ws/install/package_py/lib/python3.10/site-packages/package_py-0.0.0-py3.10.egg-info/SOURCES.txt
/home/leyla/Desktop/repositorio_lipa/robotica_1/clase1/prac1_ws/install/package_py/lib/python3.10/site-packages/package_py-0.0.0-py3.10.egg-info/top_level.txt
/home/leyla/Desktop/repositorio_lipa/robotica_1/clase1/prac1_ws/install/package_py/lib/package_py/e2n1
/home/leyla/Desktop/repositorio_lipa/robotica_1/clase1/prac1_ws/install/package_py/lib/package_py/e2n2
/home/leyla/Desktop/repositorio_lipa/robotica_1/clase1/prac1_ws/install/package_py/lib/package_py/e2n3
/home/leyla/Desktop/repositorio_lipa/robotica_1/clase1/prac1_ws/install/package_py/lib/package_py/node1
/home/leyla/Desktop/repositorio_lipa/robotica_1/clase1/prac1_ws/install/package_py/lib/package_py/node2
/home/leyla/Desktop/repositorio_lipa/robotica_1/clase1/prac1_ws/install/package_py/lib/package_py/node3
