[0.010s] Invoking command in '/home/leyla/Desktop/clase1/ejemplo1_ws/build/cpp_pubsub': CMAKE_PREFIX_PATH=${CMAKE_PREFIX_PATH}:/home/leyla/Desktop/clase1/ejemplo1_ws/install/my_package_class:/home/leyla/Desktop/robotica_ws/install/my_package:/opt/ros/humble /usr/bin/cmake --build /home/leyla/Desktop/clase1/ejemplo1_ws/build/cpp_pubsub -- -j20 -l20
[0.028s] -- Found ament_cmake: 1.3.11 (/opt/ros/humble/share/ament_cmake/cmake)
[0.122s] -- Found rclcpp: 16.0.11 (/opt/ros/humble/share/rclcpp/cmake)
[0.139s] -- Found rosidl_generator_c: 3.1.6 (/opt/ros/humble/share/rosidl_generator_c/cmake)
[0.141s] -- Found rosidl_adapter: 3.1.6 (/opt/ros/humble/share/rosidl_adapter/cmake)
[0.144s] -- Found rosidl_generator_cpp: 3.1.6 (/opt/ros/humble/share/rosidl_generator_cpp/cmake)
[0.150s] -- Using all available rosidl_typesupport_c: rosidl_typesupport_fastrtps_c;rosidl_typesupport_introspection_c
[0.159s] -- Using all available rosidl_typesupport_cpp: rosidl_typesupport_fastrtps_cpp;rosidl_typesupport_introspection_cpp
[0.179s] -- Found rmw_implementation_cmake: 6.1.2 (/opt/ros/humble/share/rmw_implementation_cmake/cmake)
[0.179s] -- Found rmw_fastrtps_cpp: 6.2.7 (/opt/ros/humble/share/rmw_fastrtps_cpp/cmake)
[0.245s] -- Using RMW implementation 'rmw_fastrtps_cpp' as default
[0.280s] -- Found ament_lint_auto: 0.12.11 (/opt/ros/humble/share/ament_lint_auto/cmake)
[0.325s] -- Added test 'cppcheck' to perform static code analysis on C / C++ code
[0.325s] -- Configured cppcheck include dirs: 
[0.326s] -- Configured cppcheck exclude dirs and/or files: 
[0.326s] -- Added test 'lint_cmake' to check CMake code style
[0.326s] -- Added test 'uncrustify' to check C / C++ code style
[0.327s] -- Configured uncrustify additional arguments: 
[0.327s] -- Added test 'xmllint' to check XML markup files
[0.327s] -- Configuring done
[0.338s] -- Generating done
[0.341s] -- Build files have been written to: /home/leyla/Desktop/clase1/ejemplo1_ws/build/cpp_pubsub
[0.359s] [35m[1mConsolidate compiler generated dependencies of target sub[0m
[0.359s] [35m[1mConsolidate compiler generated dependencies of target pub[0m
[0.360s] [35m[1mConsolidate compiler generated dependencies of target pub_sub[0m
[0.372s] [ 16%] [32mBuilding CXX object CMakeFiles/pub_sub.dir/src/pub_sub.cpp.o[0m
[0.373s] [ 50%] [32mBuilding CXX object CMakeFiles/sub.dir/src/sub.cpp.o[0m
[0.373s] [ 50%] [32mBuilding CXX object CMakeFiles/pub.dir/src/pub.cpp.o[0m
[3.063s] [ 66%] [32m[1mLinking CXX executable pub[0m
[3.185s] [ 66%] Built target pub
[5.438s] [ 83%] [32m[1mLinking CXX executable sub[0m
[5.709s] [100%] [32m[1mLinking CXX executable pub_sub[0m
[5.747s] [100%] Built target sub
[5.971s] [100%] Built target pub_sub
[5.980s] Invoked command in '/home/leyla/Desktop/clase1/ejemplo1_ws/build/cpp_pubsub' returned '0': CMAKE_PREFIX_PATH=${CMAKE_PREFIX_PATH}:/home/leyla/Desktop/clase1/ejemplo1_ws/install/my_package_class:/home/leyla/Desktop/robotica_ws/install/my_package:/opt/ros/humble /usr/bin/cmake --build /home/leyla/Desktop/clase1/ejemplo1_ws/build/cpp_pubsub -- -j20 -l20
[5.988s] Invoking command in '/home/leyla/Desktop/clase1/ejemplo1_ws/build/cpp_pubsub': CMAKE_PREFIX_PATH=${CMAKE_PREFIX_PATH}:/home/leyla/Desktop/clase1/ejemplo1_ws/install/my_package_class:/home/leyla/Desktop/robotica_ws/install/my_package:/opt/ros/humble /usr/bin/cmake --install /home/leyla/Desktop/clase1/ejemplo1_ws/build/cpp_pubsub
[5.995s] -- Install configuration: ""
[5.995s] -- Installing: /home/leyla/Desktop/clase1/ejemplo1_ws/install/cpp_pubsub/lib/cpp_pubsub/pub
[5.996s] -- Set runtime path of "/home/leyla/Desktop/clase1/ejemplo1_ws/install/cpp_pubsub/lib/cpp_pubsub/pub" to ""
[5.996s] -- Installing: /home/leyla/Desktop/clase1/ejemplo1_ws/install/cpp_pubsub/lib/cpp_pubsub/sub
[6.000s] -- Set runtime path of "/home/leyla/Desktop/clase1/ejemplo1_ws/install/cpp_pubsub/lib/cpp_pubsub/sub" to ""
[6.000s] -- Installing: /home/leyla/Desktop/clase1/ejemplo1_ws/install/cpp_pubsub/lib/cpp_pubsub/pub_sub
[6.004s] -- Set runtime path of "/home/leyla/Desktop/clase1/ejemplo1_ws/install/cpp_pubsub/lib/cpp_pubsub/pub_sub" to ""
[6.004s] -- Up-to-date: /home/leyla/Desktop/clase1/ejemplo1_ws/install/cpp_pubsub/share/ament_index/resource_index/package_run_dependencies/cpp_pubsub
[6.004s] -- Up-to-date: /home/leyla/Desktop/clase1/ejemplo1_ws/install/cpp_pubsub/share/ament_index/resource_index/parent_prefix_path/cpp_pubsub
[6.005s] -- Up-to-date: /home/leyla/Desktop/clase1/ejemplo1_ws/install/cpp_pubsub/share/cpp_pubsub/environment/ament_prefix_path.sh
[6.005s] -- Installing: /home/leyla/Desktop/clase1/ejemplo1_ws/install/cpp_pubsub/share/cpp_pubsub/environment/ament_prefix_path.dsv
[6.005s] -- Up-to-date: /home/leyla/Desktop/clase1/ejemplo1_ws/install/cpp_pubsub/share/cpp_pubsub/environment/path.sh
[6.005s] -- Installing: /home/leyla/Desktop/clase1/ejemplo1_ws/install/cpp_pubsub/share/cpp_pubsub/environment/path.dsv
[6.005s] -- Up-to-date: /home/leyla/Desktop/clase1/ejemplo1_ws/install/cpp_pubsub/share/cpp_pubsub/local_setup.bash
[6.005s] -- Up-to-date: /home/leyla/Desktop/clase1/ejemplo1_ws/install/cpp_pubsub/share/cpp_pubsub/local_setup.sh
[6.005s] -- Up-to-date: /home/leyla/Desktop/clase1/ejemplo1_ws/install/cpp_pubsub/share/cpp_pubsub/local_setup.zsh
[6.005s] -- Installing: /home/leyla/Desktop/clase1/ejemplo1_ws/install/cpp_pubsub/share/cpp_pubsub/local_setup.dsv
[6.006s] -- Installing: /home/leyla/Desktop/clase1/ejemplo1_ws/install/cpp_pubsub/share/cpp_pubsub/package.dsv
[6.006s] -- Up-to-date: /home/leyla/Desktop/clase1/ejemplo1_ws/install/cpp_pubsub/share/ament_index/resource_index/packages/cpp_pubsub
[6.006s] -- Up-to-date: /home/leyla/Desktop/clase1/ejemplo1_ws/install/cpp_pubsub/share/cpp_pubsub/cmake/cpp_pubsubConfig.cmake
[6.006s] -- Up-to-date: /home/leyla/Desktop/clase1/ejemplo1_ws/install/cpp_pubsub/share/cpp_pubsub/cmake/cpp_pubsubConfig-version.cmake
[6.006s] -- Installing: /home/leyla/Desktop/clase1/ejemplo1_ws/install/cpp_pubsub/share/cpp_pubsub/package.xml
[6.007s] Invoked command in '/home/leyla/Desktop/clase1/ejemplo1_ws/build/cpp_pubsub' returned '0': CMAKE_PREFIX_PATH=${CMAKE_PREFIX_PATH}:/home/leyla/Desktop/clase1/ejemplo1_ws/install/my_package_class:/home/leyla/Desktop/robotica_ws/install/my_package:/opt/ros/humble /usr/bin/cmake --install /home/leyla/Desktop/clase1/ejemplo1_ws/build/cpp_pubsub
