[0.279s] Invoking command in '/home/leyla/Desktop/clase1/prac1_ws/src/package_py': PYTHONPATH=/home/leyla/Desktop/clase1/prac1_ws/build/package_py/prefix_override:/usr/lib/python3/dist-packages/colcon_core/task/python/colcon_distutils_commands:/home/leyla/Desktop/clase1/prac1_ws/install/package_py/lib/python3.10/site-packages:${PYTHONPATH} /usr/bin/python3 -W ignore:setup.py install is deprecated -W ignore:easy_install command is deprecated setup.py egg_info --egg-base ../../build/package_py build --build-base /home/leyla/Desktop/clase1/prac1_ws/build/package_py/build install --record /home/leyla/Desktop/clase1/prac1_ws/build/package_py/install.log --single-version-externally-managed install_data
[0.386s] running egg_info
[0.387s] writing ../../build/package_py/package_py.egg-info/PKG-INFO
[0.387s] writing dependency_links to ../../build/package_py/package_py.egg-info/dependency_links.txt
[0.387s] writing entry points to ../../build/package_py/package_py.egg-info/entry_points.txt
[0.387s] writing requirements to ../../build/package_py/package_py.egg-info/requires.txt
[0.387s] writing top-level names to ../../build/package_py/package_py.egg-info/top_level.txt
[0.388s] reading manifest file '../../build/package_py/package_py.egg-info/SOURCES.txt'
[0.391s] adding license file 'LICENSE'
[0.391s] writing manifest file '../../build/package_py/package_py.egg-info/SOURCES.txt'
[0.391s] running build
[0.391s] running build_py
[0.391s] copying package_py/e2_n3.py -> /home/leyla/Desktop/clase1/prac1_ws/build/package_py/build/lib/package_py
[0.392s] running install
[0.392s] running install_lib
[0.392s] copying /home/leyla/Desktop/clase1/prac1_ws/build/package_py/build/lib/package_py/e2_n3.py -> /home/leyla/Desktop/clase1/prac1_ws/install/package_py/lib/python3.10/site-packages/package_py
[0.392s] byte-compiling /home/leyla/Desktop/clase1/prac1_ws/install/package_py/lib/python3.10/site-packages/package_py/e2_n3.py to e2_n3.cpython-310.pyc
[0.393s] running install_data
[0.393s] running install_egg_info
[0.394s] removing '/home/leyla/Desktop/clase1/prac1_ws/install/package_py/lib/python3.10/site-packages/package_py-0.0.0-py3.10.egg-info' (and everything under it)
[0.394s] Copying ../../build/package_py/package_py.egg-info to /home/leyla/Desktop/clase1/prac1_ws/install/package_py/lib/python3.10/site-packages/package_py-0.0.0-py3.10.egg-info
[0.394s] running install_scripts
[0.405s] Installing e2n1 script to /home/leyla/Desktop/clase1/prac1_ws/install/package_py/lib/package_py
[0.405s] Installing e2n2 script to /home/leyla/Desktop/clase1/prac1_ws/install/package_py/lib/package_py
[0.405s] Installing e2n3 script to /home/leyla/Desktop/clase1/prac1_ws/install/package_py/lib/package_py
[0.405s] Installing node1 script to /home/leyla/Desktop/clase1/prac1_ws/install/package_py/lib/package_py
[0.405s] Installing node2 script to /home/leyla/Desktop/clase1/prac1_ws/install/package_py/lib/package_py
[0.405s] Installing node3 script to /home/leyla/Desktop/clase1/prac1_ws/install/package_py/lib/package_py
[0.405s] writing list of installed files to '/home/leyla/Desktop/clase1/prac1_ws/build/package_py/install.log'
[0.416s] Invoked command in '/home/leyla/Desktop/clase1/prac1_ws/src/package_py' returned '0': PYTHONPATH=/home/leyla/Desktop/clase1/prac1_ws/build/package_py/prefix_override:/usr/lib/python3/dist-packages/colcon_core/task/python/colcon_distutils_commands:/home/leyla/Desktop/clase1/prac1_ws/install/package_py/lib/python3.10/site-packages:${PYTHONPATH} /usr/bin/python3 -W ignore:setup.py install is deprecated -W ignore:easy_install command is deprecated setup.py egg_info --egg-base ../../build/package_py build --build-base /home/leyla/Desktop/clase1/prac1_ws/build/package_py/build install --record /home/leyla/Desktop/clase1/prac1_ws/build/package_py/install.log --single-version-externally-managed install_data
