[0.315s] Invoking command in '/home/leyla/Desktop/clase1/ejemplo1_ws/src/my_package_class': PYTHONPATH=/home/leyla/Desktop/clase1/ejemplo1_ws/build/my_package_class/prefix_override:/usr/lib/python3/dist-packages/colcon_core/task/python/colcon_distutils_commands:/home/leyla/Desktop/clase1/ejemplo1_ws/install/my_package_class/lib/python3.10/site-packages:${PYTHONPATH} /usr/bin/python3 -W ignore:setup.py install is deprecated -W ignore:easy_install command is deprecated setup.py egg_info --egg-base ../../build/my_package_class build --build-base /home/leyla/Desktop/clase1/ejemplo1_ws/build/my_package_class/build install --record /home/leyla/Desktop/clase1/ejemplo1_ws/build/my_package_class/install.log --single-version-externally-managed install_data
[0.421s] running egg_info
[0.422s] writing ../../build/my_package_class/my_package_class.egg-info/PKG-INFO
[0.422s] writing dependency_links to ../../build/my_package_class/my_package_class.egg-info/dependency_links.txt
[0.422s] writing entry points to ../../build/my_package_class/my_package_class.egg-info/entry_points.txt
[0.422s] writing requirements to ../../build/my_package_class/my_package_class.egg-info/requires.txt
[0.422s] writing top-level names to ../../build/my_package_class/my_package_class.egg-info/top_level.txt
[0.423s] reading manifest file '../../build/my_package_class/my_package_class.egg-info/SOURCES.txt'
[0.424s] adding license file 'LICENSE'
[0.424s] writing manifest file '../../build/my_package_class/my_package_class.egg-info/SOURCES.txt'
[0.424s] running build
[0.424s] running build_py
[0.424s] running install
[0.424s] running install_lib
[0.425s] running install_data
[0.425s] running install_egg_info
[0.425s] removing '/home/leyla/Desktop/clase1/ejemplo1_ws/install/my_package_class/lib/python3.10/site-packages/my_package_class-0.0.0-py3.10.egg-info' (and everything under it)
[0.426s] Copying ../../build/my_package_class/my_package_class.egg-info to /home/leyla/Desktop/clase1/ejemplo1_ws/install/my_package_class/lib/python3.10/site-packages/my_package_class-0.0.0-py3.10.egg-info
[0.426s] running install_scripts
[0.437s] Installing ps script to /home/leyla/Desktop/clase1/ejemplo1_ws/install/my_package_class/lib/my_package_class
[0.437s] Installing pub script to /home/leyla/Desktop/clase1/ejemplo1_ws/install/my_package_class/lib/my_package_class
[0.437s] Installing s_test script to /home/leyla/Desktop/clase1/ejemplo1_ws/install/my_package_class/lib/my_package_class
[0.437s] Installing sub script to /home/leyla/Desktop/clase1/ejemplo1_ws/install/my_package_class/lib/my_package_class
[0.437s] writing list of installed files to '/home/leyla/Desktop/clase1/ejemplo1_ws/build/my_package_class/install.log'
